Vivado Simulator v2022.1
Copyright 1986-1999, 2001-2022 Xilinx, Inc. All Rights Reserved.
Running: C:/Xilinx/Vivado/2022.1/bin/unwrapped/win64.o/xelab.exe --incr --debug typical --relax --mt 2 -L xil_defaultlib -L unisims_ver -L unimacro_ver -L secureip --snapshot tb_tlc_behav xil_defaultlib.tb_tlc xil_defaultlib.glbl -log elaborate.log 
Using 2 slave threads.
Starting static elaboration
Pass Through NonSizing Optimizer
Completed static elaboration
Starting simulation data flow analysis
WARNING: [XSIM 43-4099] "C:/Users/ECE/Downloads/Lab3_code/source/tlc_top.v" Line 1. Module tlc_top doesn't have a timescale but at least one module in design has a timescale.
WARNING: [XSIM 43-4099] "C:/Users/ECE/Downloads/Lab3_code/source/tlc_input.v" Line 1. Module tlc_input doesn't have a timescale but at least one module in design has a timescale.
WARNING: [XSIM 43-4099] "C:/Users/ECE/Downloads/Lab3_code/source/tlc_fsm.v" Line 1. Module tlc_fsm doesn't have a timescale but at least one module in design has a timescale.
WARNING: [XSIM 43-4099] "C:/Users/ECE/Downloads/Lab3_code/source/tlc_output.v" Line 1. Module tlc_output doesn't have a timescale but at least one module in design has a timescale.
WARNING: [XSIM 43-4099] "C:/Users/ECE/Downloads/Lab3_code/source/tlc_top.v" Line 1. Module tlc_top doesn't have a timescale but at least one module in design has a timescale.
WARNING: [XSIM 43-4099] "C:/Users/ECE/Downloads/Lab3_code/source/tlc_input.v" Line 1. Module tlc_input doesn't have a timescale but at least one module in design has a timescale.
WARNING: [XSIM 43-4099] "C:/Users/ECE/Downloads/Lab3_code/source/tlc_fsm.v" Line 1. Module tlc_fsm doesn't have a timescale but at least one module in design has a timescale.
WARNING: [XSIM 43-4099] "C:/Users/ECE/Downloads/Lab3_code/source/tlc_output.v" Line 1. Module tlc_output doesn't have a timescale but at least one module in design has a timescale.
Completed simulation data flow analysis
Time Resolution for simulation is 1ps
Compiling module xil_defaultlib.tlc_input
Compiling module xil_defaultlib.tlc_fsm
Compiling module xil_defaultlib.tlc_output
Compiling module xil_defaultlib.tlc_top
Compiling module xil_defaultlib.tb_tlc
Compiling module xil_defaultlib.glbl
Built simulation snapshot tb_tlc_behav
