#
# There is insufficient memory for the Java Runtime Environment to continue.
# Native memory allocation (malloc) failed to allocate 1395856 bytes for Chunk::new
# Possible reasons:
#   The system is out of physical RAM or swap space
#   The process is running with CompressedOops enabled, and the Java Heap may be blocking the growth of the native heap
# Possible solutions:
#   Reduce memory load on the system
#   Increase physical memory or swap space
#   Check if swap backing store is full
#   Decrease Java heap size (-Xmx/-Xms)
#   Decrease number of Java threads
#   Decrease Java thread stack sizes (-Xss)
#   Set larger code cache with -XX:ReservedCodeCacheSize=
#   JVM is running with Zero Based Compressed Oops mode in which the Java heap is
#     placed in the first 32GB address space. The Java Heap base address is the
#     maximum limit for the native heap growth. Please use -XX:HeapBaseMinAddress
#     to set the Java Heap base and to place the Java Heap above 32GB virtual address.
# This output file may be truncated or incomplete.
#
#  Out of Memory Error (./src/hotspot/share/memory/arena.cpp:197), pid=8624, tid=13692
#
# JRE version: OpenJDK Runtime Environment 18.9 (11.0.11+9) (build 11.0.11+9)
# Java VM: OpenJDK 64-Bit Server VM 18.9 (11.0.11+9, mixed mode, tiered, compressed oops, g1 gc, windows-amd64)
# No core dump will be written. Minidumps are not enabled by default on client versions of Windows
#

---------------  S U M M A R Y ------------

Command Line: -Dsun.java2d.pmoffscreen=false -Dhttps.protocols=TLSv1,TLSv1.1,TLSv1.2 -Dsun.java2d.xrender=false -Dsun.java2d.d3d=false -Dsun.awt.nopixfmt=true -Dsun.java2d.dpiaware=true -Dsun.java2d.uiScale.enabled=false -Xverify:none -Dswing.aatext=true -XX:-UsePerfData -Djdk.map.althashing.threshold=512 -XX:StringTableSize=4072 --add-opens=java.desktop/com.sun.awt=ALL-UNNAMED --add-opens=java.desktop/javax.swing.plaf.synth=ALL-UNNAMED --add-opens=java.base/java.nio=ALL-UNNAMED --add-opens=java.desktop/sun.swing=ALL-UNNAMED --add-opens=java.desktop/javax.swing=ALL-UNNAMED --add-opens=java.desktop/javax.swing.tree=ALL-UNNAMED --add-opens=java.desktop/javax.swing.plaf.basic=ALL-UNNAMED --add-opens=java.desktop/javax.swing.plaf.synth=ALL-UNNAMED --add-opens=java.desktop/javax.swing.plaf.basic=ALL-UNNAMED --add-opens=java.desktop/javax.swing=ALL-UNNAMED --add-opens=java.desktop/javax.swing.tree=ALL-UNNAMED --add-opens=java.desktop/java.awt.event=ALL-UNNAMED --add-exports=java.desktop/javax.swing.plaf.synth=ALL-UNNAMED --add-exports=java.base/java.nio=ALL-UNNAMED --add-exports=java.desktop/sun.swing=ALL-UNNAMED --add-exports=java.desktop/javax.swing=ALL-UNNAMED --add-exports=java.desktop/javax.swing.tree=ALL-UNNAMED --add-exports=java.desktop/javax.swing.plaf.basic=ALL-UNNAMED --add-exports=java.desktop/sun.swing=ALL-UNNAMED --add-exports=java.desktop/sun.swing.table=ALL-UNNAMED --add-exports=java.desktop/sun.swing.plaf.synth=ALL-UNNAMED --add-exports=java.desktop/sun.awt.shell=ALL-UNNAMED --add-exports=java.base/sun.security.action=ALL-UNNAMED --add-exports=java.desktop/sun.font=ALL-UNNAMED -XX:NewSize=60m -XX:MaxNewSize=60m -Xms256m -Xmx3072m -Xss5m 

Host: Intel(R) Core(TM) i5-8500 CPU @ 3.00GHz, 6 cores, 7G,  Windows 10 , 64 bit Build 19041 (10.0.19041.1889)
Time: Thu Oct 20 15:55:46 2022 대한민국 표준시 elapsed time: 16702.382236 seconds (0d 4h 38m 22s)

---------------  T H R E A D  ---------------

Current thread (0x000001d0a5816800):  JavaThread "C2 CompilerThread0" daemon [_thread_in_native, id=13692, stack(0x000000b527300000,0x000000b527400000)]


Current CompileTask:
C2:16702382 31287       4       ui.utils.i.i.P::ilO (37 bytes)

Stack: [0x000000b527300000,0x000000b527400000]
Native frames: (J=compiled Java code, j=interpreted, Vv=VM code, C=native code)
V  [jvm.dll+0x64fe7a]
V  [jvm.dll+0x792d3e]
V  [jvm.dll+0x79442c]
V  [jvm.dll+0x794ae3]
V  [jvm.dll+0x2623f8]
V  [jvm.dll+0xc5e31]
V  [jvm.dll+0xc652c]
V  [jvm.dll+0x374312]
V  [jvm.dll+0x340a63]
V  [jvm.dll+0x33fd9a]
V  [jvm.dll+0x21b475]
V  [jvm.dll+0x21a64a]
V  [jvm.dll+0x198b9c]
V  [jvm.dll+0x229bf4]
V  [jvm.dll+0x227e51]
V  [jvm.dll+0x753b00]
V  [jvm.dll+0x74c7ad]
V  [jvm.dll+0x64eb36]
C  [ucrtbase.dll+0x21bb2]
C  [KERNEL32.DLL+0x17034]
C  [ntdll.dll+0x526a1]


---------------  P R O C E S S  ---------------

Threads class SMR info:
_java_thread_list=0x000001d0c1970870, length=42, elements={
0x000001d0a4fb7800, 0x000001d0a57cf800, 0x000001d0a57e1800, 0x000001d0a580a800,
0x000001d0a580c000, 0x000001d0a5814000, 0x000001d0a5816800, 0x000001d0a581c800,
0x000001d0a581f000, 0x000001d0a5820800, 0x000001d0a581f800, 0x000001d0a5821800,
0x000001d0a5822000, 0x000001d0a581e000, 0x000001d0a5824000, 0x000001d085a38800,
0x000001d085a34800, 0x000001d085a3a800, 0x000001d085a3b000, 0x000001d085a38000,
0x000001d085a35800, 0x000001d085a36800, 0x000001d085a37000, 0x000001d085a3f800,
0x000001d085a41800, 0x000001d085a3d800, 0x000001d085a3d000, 0x000001d0a5823000,
0x000001d0a5824800, 0x000001d0b10c3800, 0x000001d0b10c4800, 0x000001d0b10c3000,
0x000001d0b10cb000, 0x000001d0b10cc000, 0x000001d0b10ce000, 0x000001d0b10c9800,
0x000001d0b10d0000, 0x000001d0c13cf800, 0x000001d0c13d1000, 0x000001d0c13d5000,
0x000001d0c13d2000, 0x000001d0c13ce800
}

Java Threads: ( => current thread )
  0x000001d0a4fb7800 JavaThread "main" [_thread_blocked, id=21156, stack(0x000000b525300000,0x000000b525400000)]
  0x000001d0a57cf800 JavaThread "Reference Handler" daemon [_thread_blocked, id=20048, stack(0x000000b525a00000,0x000000b525f00000)]
  0x000001d0a57e1800 JavaThread "Finalizer" daemon [_thread_blocked, id=7096, stack(0x000000b525f00000,0x000000b526400000)]
  0x000001d0a580a800 JavaThread "Signal Dispatcher" daemon [_thread_blocked, id=12892, stack(0x000000b526400000,0x000000b526900000)]
  0x000001d0a580c000 JavaThread "Attach Listener" daemon [_thread_blocked, id=14628, stack(0x000000b526900000,0x000000b526e00000)]
  0x000001d0a5814000 JavaThread "Service Thread" daemon [_thread_blocked, id=20208, stack(0x000000b526e00000,0x000000b527300000)]
=>0x000001d0a5816800 JavaThread "C2 CompilerThread0" daemon [_thread_in_native, id=13692, stack(0x000000b527300000,0x000000b527400000)]
  0x000001d0a581c800 JavaThread "C1 CompilerThread0" daemon [_thread_blocked, id=6024, stack(0x000000b527400000,0x000000b527500000)]
  0x000001d0a581f000 JavaThread "Sweeper thread" daemon [_thread_blocked, id=6064, stack(0x000000b527500000,0x000000b527a00000)]
  0x000001d0a5820800 JavaThread "Common-Cleaner" daemon [_thread_blocked, id=19120, stack(0x000000b527b00000,0x000000b528000000)]
  0x000001d0a581f800 JavaThread "Java2D Disposer" daemon [_thread_blocked, id=10896, stack(0x000000b528100000,0x000000b528600000)]
  0x000001d0a5821800 JavaThread "AWT-Shutdown" [_thread_blocked, id=4836, stack(0x000000b528600000,0x000000b528b00000)]
  0x000001d0a5822000 JavaThread "AWT-Windows" daemon [_thread_in_native, id=12640, stack(0x000000b528b00000,0x000000b529000000)]
  0x000001d0a581e000 JavaThread "TimerQueue" daemon [_thread_blocked, id=19336, stack(0x000000b529500000,0x000000b529a00000)]
  0x000001d0a5824000 JavaThread "AWT-EventQueue-0" [_thread_in_Java, id=19732, stack(0x000000b529f00000,0x000000b52a400000)]
  0x000001d085a38800 JavaThread "Thread-1" [_thread_in_native, id=21956, stack(0x000000b523c00000,0x000000b525000000)]
  0x000001d085a34800 JavaThread "Process Messages Thread" [_thread_blocked, id=20444, stack(0x000000b52a900000,0x000000b52ae00000)]
  0x000001d085a3a800 JavaThread "Batik CleanerThread" daemon [_thread_blocked, id=20436, stack(0x000000b52a400000,0x000000b52a900000)]
  0x000001d085a3b000 JavaThread "SyntheticaCleanerThread" daemon [_thread_blocked, id=20888, stack(0x000000b52b400000,0x000000b52b900000)]
  0x000001d085a38000 JavaThread "Monitor HEventQueue Thread" [_thread_blocked, id=6716, stack(0x000000b52c300000,0x000000b52c800000)]
  0x000001d085a35800 JavaThread "SyntheticaAnimation 50" daemon [_thread_blocked, id=15316, stack(0x000000b52c800000,0x000000b52cd00000)]
  0x000001d085a36800 JavaThread "SyntheticaAnimation 25" daemon [_thread_blocked, id=7480, stack(0x000000b52cd00000,0x000000b52d200000)]
  0x000001d085a37000 JavaThread "SyntheticaAnimation 70" daemon [_thread_blocked, id=18052, stack(0x000000b52d200000,0x000000b52d700000)]
  0x000001d085a3f800 JavaThread "Swing-Shell" daemon [_thread_blocked, id=9936, stack(0x000000b529a00000,0x000000b529f00000)]
  0x000001d085a41800 JavaThread "SyntheticaAnimation 50" daemon [_thread_blocked, id=792, stack(0x000000b52af00000,0x000000b52b400000)]
  0x000001d085a3d800 JavaThread "Refresh Filesets Swing Worker Thread" [_thread_blocked, id=21152, stack(0x000000b52d700000,0x000000b52dc00000)]
  0x000001d085a3d000 JavaThread "hw_ila_monitor" [_thread_blocked, id=21704, stack(0x000000b52dc00000,0x000000b52e100000)]
  0x000001d0a5823000 JavaThread "pool-2-thread-1" [_thread_blocked, id=5920, stack(0x000000b52eb00000,0x000000b52f000000)]
  0x000001d0a5824800 JavaThread "pool-3-thread-1" [_thread_blocked, id=2720, stack(0x000000b52f000000,0x000000b52f500000)]
  0x000001d0b10c3800 JavaThread "pool-4-thread-1" [_thread_blocked, id=3316, stack(0x000000b52f500000,0x000000b52fa00000)]
  0x000001d0b10c4800 JavaThread "Update Runs Swing Worker Thread" [_thread_blocked, id=11376, stack(0x000000b52fa00000,0x000000b52ff00000)]
  0x000001d0b10c3000 JavaThread "Thread-229" [_thread_blocked, id=21628, stack(0x000000b52ff00000,0x000000b530400000)]
  0x000001d0b10cb000 JavaThread "pool-7-thread-1" [_thread_blocked, id=13920, stack(0x000000b531800000,0x000000b531d00000)]
  0x000001d0b10cc000 JavaThread "EMF Reference Cleaner" daemon [_thread_blocked, id=19736, stack(0x000000b531d00000,0x000000b532200000)]
  0x000001d0b10ce000 JavaThread "ForkJoinPool.commonPool-worker-7" daemon [_thread_blocked, id=21528, stack(0x000000b532700000,0x000000b532c00000)]
  0x000001d0b10c9800 JavaThread "pool-8-thread-1" [_thread_blocked, id=17172, stack(0x000000b532c00000,0x000000b533100000)]
  0x000001d0b10d0000 JavaThread "pool-10-thread-1" [_thread_blocked, id=18976, stack(0x000000b52e600000,0x000000b52eb00000)]
  0x000001d0c13cf800 JavaThread "pool-11-thread-1" [_thread_blocked, id=20408, stack(0x000000b534a00000,0x000000b534f00000)]
  0x000001d0c13d1000 JavaThread "SwingWorker-pool-14-thread-1" daemon [_thread_blocked, id=18744, stack(0x000000b532200000,0x000000b532700000)]
  0x000001d0c13d5000 JavaThread "Thread-1986" [_thread_in_native, id=8572, stack(0x000000b523800000,0x000000b523900000)]
  0x000001d0c13d2000 JavaThread "Thread-1988" [_thread_in_native, id=5888, stack(0x000000b523a00000,0x000000b523b00000)]
  0x000001d0c13ce800 JavaThread "Run Simulation Thread" [_thread_blocked, id=20504, stack(0x000000b52b900000,0x000000b52be00000)]

Other Threads:
  0x000001d0a578b800 VMThread "VM Thread" [stack: 0x000000b525900000,0x000000b525a00000] [id=21224]
  0x000001d0838e8000 WatcherThread [stack: 0x000000b528000000,0x000000b528100000] [id=17696]
  0x000001d0a50bf800 GCTaskThread "GC Thread#0" [stack: 0x000000b525400000,0x000000b525500000] [id=20900]
  0x000001d08452c800 GCTaskThread "GC Thread#1" [stack: 0x000000b527a00000,0x000000b527b00000] [id=13668]
  0x000001d0847ff800 GCTaskThread "GC Thread#2" [stack: 0x000000b529000000,0x000000b529100000] [id=8860]
  0x000001d0841ca800 GCTaskThread "GC Thread#3" [stack: 0x000000b529100000,0x000000b529200000] [id=6276]
  0x000001d0842fe800 GCTaskThread "GC Thread#4" [stack: 0x000000b529200000,0x000000b529300000] [id=18260]
  0x000001d0842ff000 GCTaskThread "GC Thread#5" [stack: 0x000000b529300000,0x000000b529400000] [id=6656]
  0x000001d0a5562000 ConcurrentGCThread "G1 Main Marker" [stack: 0x000000b525500000,0x000000b525600000] [id=18080]
  0x000001d0a404e000 ConcurrentGCThread "G1 Conc#0" [stack: 0x000000b525600000,0x000000b525700000] [id=20868]
  0x000001d0853b5800 ConcurrentGCThread "G1 Conc#1" [stack: 0x000000b52ae00000,0x000000b52af00000] [id=12924]
  0x000001d0a5673000 ConcurrentGCThread "G1 Refine#0" [stack: 0x000000b525700000,0x000000b525800000] [id=1872]
  0x000001d0846de000 ConcurrentGCThread "G1 Refine#1" [stack: 0x000000b529400000,0x000000b529500000] [id=14332]
  0x000001d0a5674000 ConcurrentGCThread "G1 Young RemSet Sampling" [stack: 0x000000b525800000,0x000000b525900000] [id=19944]

Threads with active compile tasks:
C2 CompilerThread016702675 31287       4       ui.utils.i.i.P::ilO (37 bytes)

VM state:not at safepoint (normal execution)

VM Mutex/Monitor currently owned by a thread: None

Heap address: 0x0000000740000000, size: 3072 MB, Compressed Oops mode: Zero based, Oop shift amount: 3
Narrow klass base: 0x0000000800000000, Narrow klass shift: 0
Compressed class space size: 1073741824 Address: 0x0000000800000000

Heap:
 garbage-first heap   total 262144K, used 149894K [0x0000000740000000, 0x0000000800000000)
  region size 1024K, 15 young (15360K), 1 survivors (1024K)
 Metaspace       used 122799K, capacity 125905K, committed 126248K, reserved 1159168K
  class space    used 16008K, capacity 17390K, committed 17492K, reserved 1048576K
Heap Regions: E=young(eden), S=young(survivor), O=old, HS=humongous(starts), HC=humongous(continues), CS=collection set, F=free, A=archive, TAMS=top-at-mark-start (previous, next)
|   0|0x0000000740000000, 0x0000000740100000, 0x0000000740100000|100%|HS|  |TAMS 0x0000000740100000, 0x0000000740000000| Complete 
|   1|0x0000000740100000, 0x0000000740200000, 0x0000000740200000|100%|HC|  |TAMS 0x0000000740200000, 0x0000000740100000| Complete 
|   2|0x0000000740200000, 0x0000000740300000, 0x0000000740300000|100%|HS|  |TAMS 0x0000000740300000, 0x0000000740200000| Complete 
|   3|0x0000000740300000, 0x0000000740400000, 0x0000000740400000|100%| O|  |TAMS 0x0000000740400000, 0x0000000740300000| Untracked 
|   4|0x0000000740400000, 0x00000007404ffff0, 0x0000000740500000| 99%| O|  |TAMS 0x00000007404ffff0, 0x0000000740400000| Untracked 
|   5|0x0000000740500000, 0x0000000740600000, 0x0000000740600000|100%| O|  |TAMS 0x0000000740600000, 0x0000000740500000| Untracked 
|   6|0x0000000740600000, 0x00000007406ffff8, 0x0000000740700000| 99%| O|  |TAMS 0x00000007406ffff8, 0x0000000740600000| Untracked 
|   7|0x0000000740700000, 0x00000007407ffff8, 0x0000000740800000| 99%| O|  |TAMS 0x00000007407ffff8, 0x0000000740700000| Untracked 
|   8|0x0000000740800000, 0x00000007408ffff8, 0x0000000740900000| 99%| O|  |TAMS 0x00000007408ffff8, 0x0000000740800000| Untracked 
|   9|0x0000000740900000, 0x00000007409ffff0, 0x0000000740a00000| 99%| O|  |TAMS 0x00000007409ffff0, 0x0000000740900000| Untracked 
|  10|0x0000000740a00000, 0x0000000740affff8, 0x0000000740b00000| 99%| O|  |TAMS 0x0000000740affff8, 0x0000000740a00000| Untracked 
|  11|0x0000000740b00000, 0x0000000740bfffe8, 0x0000000740c00000| 99%| O|  |TAMS 0x0000000740bfffe8, 0x0000000740b00000| Untracked 
|  12|0x0000000740c00000, 0x0000000740cfffd0, 0x0000000740d00000| 99%| O|  |TAMS 0x0000000740cfffd0, 0x0000000740c00000| Untracked 
|  13|0x0000000740d00000, 0x0000000740dfffd0, 0x0000000740e00000| 99%| O|  |TAMS 0x0000000740dfffd0, 0x0000000740d00000| Untracked 
|  14|0x0000000740e00000, 0x0000000740effff8, 0x0000000740f00000| 99%| O|  |TAMS 0x0000000740effff8, 0x0000000740e00000| Untracked 
|  15|0x0000000740f00000, 0x0000000741000000, 0x0000000741000000|100%| O|  |TAMS 0x0000000741000000, 0x0000000740f00000| Untracked 
|  16|0x0000000741000000, 0x00000007410ffff8, 0x0000000741100000| 99%| O|  |TAMS 0x00000007410ffff8, 0x0000000741000000| Untracked 
|  17|0x0000000741100000, 0x00000007411fffe8, 0x0000000741200000| 99%| O|  |TAMS 0x00000007411fffe8, 0x0000000741100000| Untracked 
|  18|0x0000000741200000, 0x00000007412fffe8, 0x0000000741300000| 99%| O|  |TAMS 0x00000007412fffe8, 0x0000000741200000| Untracked 
|  19|0x0000000741300000, 0x0000000741400000, 0x0000000741400000|100%| O|  |TAMS 0x0000000741400000, 0x0000000741300000| Untracked 
|  20|0x0000000741400000, 0x0000000741500000, 0x0000000741500000|100%| O|  |TAMS 0x0000000741500000, 0x0000000741400000| Untracked 
|  21|0x0000000741500000, 0x00000007415ffff0, 0x0000000741600000| 99%| O|  |TAMS 0x00000007415ffff0, 0x0000000741500000| Untracked 
|  22|0x0000000741600000, 0x0000000741700000, 0x0000000741700000|100%| O|  |TAMS 0x0000000741700000, 0x0000000741600000| Untracked 
|  23|0x0000000741700000, 0x0000000741800000, 0x0000000741800000|100%| O|  |TAMS 0x0000000741800000, 0x0000000741700000| Untracked 
|  24|0x0000000741800000, 0x00000007418ffff0, 0x0000000741900000| 99%| O|  |TAMS 0x00000007418ffff0, 0x0000000741800000| Untracked 
|  25|0x0000000741900000, 0x0000000741a00000, 0x0000000741a00000|100%| O|  |TAMS 0x0000000741a00000, 0x0000000741900000| Untracked 
|  26|0x0000000741a00000, 0x0000000741b00000, 0x0000000741b00000|100%| O|  |TAMS 0x0000000741b00000, 0x0000000741a00000| Untracked 
|  27|0x0000000741b00000, 0x0000000741bffff0, 0x0000000741c00000| 99%| O|  |TAMS 0x0000000741bffff0, 0x0000000741b00000| Untracked 
|  28|0x0000000741c00000, 0x0000000741cffff8, 0x0000000741d00000| 99%| O|  |TAMS 0x0000000741cffff8, 0x0000000741c00000| Untracked 
|  29|0x0000000741d00000, 0x0000000741e00000, 0x0000000741e00000|100%| O|  |TAMS 0x0000000741e00000, 0x0000000741d00000| Untracked 
|  30|0x0000000741e00000, 0x0000000741efffd8, 0x0000000741f00000| 99%| O|  |TAMS 0x0000000741efffd8, 0x0000000741e00000| Untracked 
|  31|0x0000000741f00000, 0x0000000742000000, 0x0000000742000000|100%| O|  |TAMS 0x0000000742000000, 0x0000000741f00000| Untracked 
|  32|0x0000000742000000, 0x00000007420fffe8, 0x0000000742100000| 99%| O|  |TAMS 0x00000007420fffe8, 0x0000000742000000| Untracked 
|  33|0x0000000742100000, 0x00000007421fffd8, 0x0000000742200000| 99%| O|  |TAMS 0x00000007421fffd8, 0x0000000742100000| Untracked 
|  34|0x0000000742200000, 0x00000007422fffe0, 0x0000000742300000| 99%| O|  |TAMS 0x00000007422fffe0, 0x0000000742200000| Untracked 
|  35|0x0000000742300000, 0x00000007423ffff0, 0x0000000742400000| 99%| O|  |TAMS 0x00000007423ffff0, 0x0000000742300000| Untracked 
|  36|0x0000000742400000, 0x00000007424fff98, 0x0000000742500000| 99%| O|  |TAMS 0x00000007424fff98, 0x0000000742400000| Untracked 
|  37|0x0000000742500000, 0x00000007425ffff8, 0x0000000742600000| 99%| O|  |TAMS 0x00000007425ffff8, 0x0000000742500000| Untracked 
|  38|0x0000000742600000, 0x00000007426ffff8, 0x0000000742700000| 99%| O|  |TAMS 0x00000007426ffff8, 0x0000000742600000| Untracked 
|  39|0x0000000742700000, 0x00000007427ffff8, 0x0000000742800000| 99%| O|  |TAMS 0x00000007427ffff8, 0x0000000742700000| Untracked 
|  40|0x0000000742800000, 0x0000000742900000, 0x0000000742900000|100%|HS|  |TAMS 0x0000000742900000, 0x0000000742800000| Complete 
|  41|0x0000000742900000, 0x0000000742a00000, 0x0000000742a00000|100%|HC|  |TAMS 0x0000000742a00000, 0x0000000742900000| Complete 
|  42|0x0000000742a00000, 0x0000000742b00000, 0x0000000742b00000|100%|HC|  |TAMS 0x0000000742b00000, 0x0000000742a00000| Complete 
|  43|0x0000000742b00000, 0x0000000742c00000, 0x0000000742c00000|100%|HC|  |TAMS 0x0000000742c00000, 0x0000000742b00000| Complete 
|  44|0x0000000742c00000, 0x0000000742d00000, 0x0000000742d00000|100%|HC|  |TAMS 0x0000000742d00000, 0x0000000742c00000| Complete 
|  45|0x0000000742d00000, 0x0000000742e00000, 0x0000000742e00000|100%|HC|  |TAMS 0x0000000742e00000, 0x0000000742d00000| Complete 
|  46|0x0000000742e00000, 0x0000000742f00000, 0x0000000742f00000|100%|HC|  |TAMS 0x0000000742f00000, 0x0000000742e00000| Complete 
|  47|0x0000000742f00000, 0x0000000743000000, 0x0000000743000000|100%|HC|  |TAMS 0x0000000743000000, 0x0000000742f00000| Complete 
|  48|0x0000000743000000, 0x0000000743100000, 0x0000000743100000|100%| O|  |TAMS 0x0000000743100000, 0x0000000743000000| Untracked 
|  49|0x0000000743100000, 0x00000007431ffff0, 0x0000000743200000| 99%| O|  |TAMS 0x00000007431ffff0, 0x0000000743100000| Untracked 
|  50|0x0000000743200000, 0x0000000743300000, 0x0000000743300000|100%| O|  |TAMS 0x0000000743300000, 0x0000000743200000| Untracked 
|  51|0x0000000743300000, 0x00000007433ffff8, 0x0000000743400000| 99%| O|  |TAMS 0x00000007433ffff8, 0x0000000743300000| Untracked 
|  52|0x0000000743400000, 0x00000007434ffff8, 0x0000000743500000| 99%| O|  |TAMS 0x00000007434ffff8, 0x0000000743400000| Untracked 
|  53|0x0000000743500000, 0x00000007435ffff0, 0x0000000743600000| 99%| O|  |TAMS 0x00000007435ffff0, 0x0000000743500000| Untracked 
|  54|0x0000000743600000, 0x00000007436ffff0, 0x0000000743700000| 99%| O|  |TAMS 0x00000007436ffff0, 0x0000000743600000| Untracked 
|  55|0x0000000743700000, 0x0000000743800000, 0x0000000743800000|100%| O|  |TAMS 0x0000000743800000, 0x0000000743700000| Untracked 
|  56|0x0000000743800000, 0x00000007438fffe8, 0x0000000743900000| 99%| O|  |TAMS 0x00000007438fffe8, 0x0000000743800000| Untracked 
|  57|0x0000000743900000, 0x0000000743a00000, 0x0000000743a00000|100%| O|  |TAMS 0x0000000743a00000, 0x0000000743900000| Untracked 
|  58|0x0000000743a00000, 0x0000000743afffe8, 0x0000000743b00000| 99%| O|  |TAMS 0x0000000743afffe8, 0x0000000743a00000| Untracked 
|  59|0x0000000743b00000, 0x0000000743bffff0, 0x0000000743c00000| 99%| O|  |TAMS 0x0000000743bffff0, 0x0000000743b00000| Untracked 
|  60|0x0000000743c00000, 0x0000000743d00000, 0x0000000743d00000|100%| O|  |TAMS 0x0000000743d00000, 0x0000000743c00000| Untracked 
|  61|0x0000000743d00000, 0x0000000743e00000, 0x0000000743e00000|100%| O|  |TAMS 0x0000000743e00000, 0x0000000743d00000| Untracked 
|  62|0x0000000743e00000, 0x0000000743effff8, 0x0000000743f00000| 99%| O|  |TAMS 0x0000000743effff8, 0x0000000743e00000| Untracked 
|  63|0x0000000743f00000, 0x0000000744000000, 0x0000000744000000|100%| O|  |TAMS 0x0000000744000000, 0x0000000743f00000| Untracked 
|  64|0x0000000744000000, 0x00000007440ffff0, 0x0000000744100000| 99%| O|  |TAMS 0x00000007440ffff0, 0x0000000744000000| Untracked 
|  65|0x0000000744100000, 0x00000007441ffff8, 0x0000000744200000| 99%| O|  |TAMS 0x00000007441ffff8, 0x0000000744100000| Untracked 
|  66|0x0000000744200000, 0x0000000744300000, 0x0000000744300000|100%| O|  |TAMS 0x0000000744300000, 0x0000000744200000| Untracked 
|  67|0x0000000744300000, 0x00000007443fffc0, 0x0000000744400000| 99%| O|  |TAMS 0x00000007443fffc0, 0x0000000744300000| Untracked 
|  68|0x0000000744400000, 0x00000007444ffff0, 0x0000000744500000| 99%| O|  |TAMS 0x00000007444ffff0, 0x0000000744400000| Untracked 
|  69|0x0000000744500000, 0x0000000744600000, 0x0000000744600000|100%| O|  |TAMS 0x0000000744600000, 0x0000000744500000| Untracked 
|  70|0x0000000744600000, 0x00000007446ffff8, 0x0000000744700000| 99%| O|  |TAMS 0x00000007446ffff8, 0x0000000744600000| Untracked 
|  71|0x0000000744700000, 0x00000007447fff90, 0x0000000744800000| 99%| O|  |TAMS 0x00000007447fff90, 0x0000000744700000| Untracked 
|  72|0x0000000744800000, 0x0000000744900000, 0x0000000744900000|100%| O|  |TAMS 0x0000000744900000, 0x0000000744800000| Untracked 
|  73|0x0000000744900000, 0x0000000744a00000, 0x0000000744a00000|100%| O|  |TAMS 0x0000000744a00000, 0x0000000744900000| Untracked 
|  74|0x0000000744a00000, 0x0000000744affff0, 0x0000000744b00000| 99%| O|  |TAMS 0x0000000744affff0, 0x0000000744a00000| Untracked 
|  75|0x0000000744b00000, 0x0000000744bfffe0, 0x0000000744c00000| 99%| O|  |TAMS 0x0000000744bfffe0, 0x0000000744b00000| Untracked 
|  76|0x0000000744c00000, 0x0000000744cffff0, 0x0000000744d00000| 99%| O|  |TAMS 0x0000000744cffff0, 0x0000000744c00000| Untracked 
|  77|0x0000000744d00000, 0x0000000744dffff8, 0x0000000744e00000| 99%| O|  |TAMS 0x0000000744dffff8, 0x0000000744d00000| Untracked 
|  78|0x0000000744e00000, 0x0000000744eff628, 0x0000000744f00000| 99%| O|  |TAMS 0x0000000744eff628, 0x0000000744e00000| Untracked 
|  79|0x0000000744f00000, 0x0000000744ffffd8, 0x0000000745000000| 99%| O|  |TAMS 0x0000000744ffffd8, 0x0000000744f00000| Untracked 
|  80|0x0000000745000000, 0x00000007450fffe0, 0x0000000745100000| 99%| O|  |TAMS 0x00000007450fffe0, 0x0000000745000000| Untracked 
|  81|0x0000000745100000, 0x00000007451ffe88, 0x0000000745200000| 99%| O|  |TAMS 0x00000007451ffe88, 0x0000000745100000| Untracked 
|  82|0x0000000745200000, 0x00000007452fffe8, 0x0000000745300000| 99%| O|  |TAMS 0x00000007452fffe8, 0x0000000745200000| Untracked 
|  83|0x0000000745300000, 0x00000007453ffff0, 0x0000000745400000| 99%| O|  |TAMS 0x00000007453ffff0, 0x0000000745300000| Untracked 
|  84|0x0000000745400000, 0x00000007454ffff0, 0x0000000745500000| 99%| O|  |TAMS 0x00000007454ffff0, 0x0000000745400000| Untracked 
|  85|0x0000000745500000, 0x00000007455fffe8, 0x0000000745600000| 99%| O|  |TAMS 0x00000007455fffe8, 0x0000000745500000| Untracked 
|  86|0x0000000745600000, 0x00000007456ffff0, 0x0000000745700000| 99%| O|  |TAMS 0x00000007456ffff0, 0x0000000745600000| Untracked 
|  87|0x0000000745700000, 0x00000007457ffc80, 0x0000000745800000| 99%| O|  |TAMS 0x00000007457ffc80, 0x0000000745700000| Untracked 
|  88|0x0000000745800000, 0x00000007458ffff0, 0x0000000745900000| 99%| O|  |TAMS 0x00000007458ffff0, 0x0000000745800000| Untracked 
|  89|0x0000000745900000, 0x00000007459ffff8, 0x0000000745a00000| 99%| O|  |TAMS 0x00000007459ffff8, 0x0000000745900000| Untracked 
|  90|0x0000000745a00000, 0x0000000745affff8, 0x0000000745b00000| 99%| O|  |TAMS 0x0000000745affff8, 0x0000000745a00000| Untracked 
|  91|0x0000000745b00000, 0x0000000745bfffd8, 0x0000000745c00000| 99%| O|  |TAMS 0x0000000745bfffd8, 0x0000000745b00000| Untracked 
|  92|0x0000000745c00000, 0x0000000745cfffe8, 0x0000000745d00000| 99%| O|  |TAMS 0x0000000745cfffe8, 0x0000000745c00000| Untracked 
|  93|0x0000000745d00000, 0x0000000745dfffe8, 0x0000000745e00000| 99%| O|  |TAMS 0x0000000745dfffe8, 0x0000000745d00000| Untracked 
|  94|0x0000000745e00000, 0x0000000745efff70, 0x0000000745f00000| 99%| O|  |TAMS 0x0000000745efff70, 0x0000000745e00000| Untracked 
|  95|0x0000000745f00000, 0x0000000745ffef68, 0x0000000746000000| 99%| O|  |TAMS 0x0000000745ffef68, 0x0000000745f00000| Untracked 
|  96|0x0000000746000000, 0x0000000746100000, 0x0000000746100000|100%| O|  |TAMS 0x0000000746100000, 0x0000000746000000| Untracked 
|  97|0x0000000746100000, 0x00000007461ffff8, 0x0000000746200000| 99%| O|  |TAMS 0x00000007461ffff8, 0x0000000746100000| Untracked 
|  98|0x0000000746200000, 0x00000007462ffbd0, 0x0000000746300000| 99%| O|  |TAMS 0x00000007462ffbd0, 0x0000000746200000| Untracked 
|  99|0x0000000746300000, 0x00000007463fd258, 0x0000000746400000| 98%| O|  |TAMS 0x00000007463fd258, 0x0000000746300000| Untracked 
| 100|0x0000000746400000, 0x00000007464fff88, 0x0000000746500000| 99%| O|  |TAMS 0x00000007464fff88, 0x0000000746400000| Untracked 
| 101|0x0000000746500000, 0x0000000746600000, 0x0000000746600000|100%|HS|  |TAMS 0x0000000746600000, 0x0000000746500000| Complete 
| 102|0x0000000746600000, 0x00000007466ffeb8, 0x0000000746700000| 99%| O|  |TAMS 0x00000007466ffeb8, 0x0000000746600000| Untracked 
| 103|0x0000000746700000, 0x00000007467fffd0, 0x0000000746800000| 99%| O|  |TAMS 0x00000007467fffd0, 0x0000000746700000| Untracked 
| 104|0x0000000746800000, 0x0000000746900000, 0x0000000746900000|100%| O|  |TAMS 0x0000000746900000, 0x0000000746800000| Untracked 
| 105|0x0000000746900000, 0x00000007469fffd8, 0x0000000746a00000| 99%| O|  |TAMS 0x00000007469fffd8, 0x0000000746900000| Untracked 
| 106|0x0000000746a00000, 0x0000000746affff8, 0x0000000746b00000| 99%| O|  |TAMS 0x0000000746affff8, 0x0000000746a00000| Untracked 
| 107|0x0000000746b00000, 0x0000000746c00000, 0x0000000746c00000|100%| O|  |TAMS 0x0000000746c00000, 0x0000000746b00000| Untracked 
| 108|0x0000000746c00000, 0x0000000746d00000, 0x0000000746d00000|100%| O|  |TAMS 0x0000000746d00000, 0x0000000746c00000| Untracked 
| 109|0x0000000746d00000, 0x0000000746e00000, 0x0000000746e00000|100%| O|  |TAMS 0x0000000746e00000, 0x0000000746d00000| Untracked 
| 110|0x0000000746e00000, 0x0000000746effff0, 0x0000000746f00000| 99%| O|  |TAMS 0x0000000746effff0, 0x0000000746e00000| Untracked 
| 111|0x0000000746f00000, 0x0000000746fe3760, 0x0000000747000000| 88%| O|  |TAMS 0x0000000746fe3760, 0x0000000746f00000| Untracked 
| 112|0x0000000747000000, 0x00000007470ffff8, 0x0000000747100000| 99%| O|  |TAMS 0x00000007470ffff8, 0x0000000747000000| Untracked 
| 113|0x0000000747100000, 0x00000007471feea8, 0x0000000747200000| 99%| O|  |TAMS 0x00000007471feea8, 0x0000000747100000| Untracked 
| 114|0x0000000747200000, 0x00000007472ffff0, 0x0000000747300000| 99%| O|  |TAMS 0x00000007472ffff0, 0x0000000747200000| Untracked 
| 115|0x0000000747300000, 0x0000000747400000, 0x0000000747400000|100%|HS|  |TAMS 0x0000000747400000, 0x0000000747300000| Complete 
| 116|0x0000000747400000, 0x0000000747500000, 0x0000000747500000|100%|HC|  |TAMS 0x0000000747500000, 0x0000000747400000| Complete 
| 117|0x0000000747500000, 0x0000000747600000, 0x0000000747600000|100%|HC|  |TAMS 0x0000000747600000, 0x0000000747500000| Complete 
| 118|0x0000000747600000, 0x0000000747700000, 0x0000000747700000|100%|HC|  |TAMS 0x0000000747700000, 0x0000000747600000| Complete 
| 119|0x0000000747700000, 0x0000000747800000, 0x0000000747800000|100%|HC|  |TAMS 0x0000000747800000, 0x0000000747700000| Complete 
| 120|0x0000000747800000, 0x0000000747900000, 0x0000000747900000|100%|HC|  |TAMS 0x0000000747900000, 0x0000000747800000| Complete 
| 121|0x0000000747900000, 0x0000000747a00000, 0x0000000747a00000|100%|HC|  |TAMS 0x0000000747a00000, 0x0000000747900000| Complete 
| 122|0x0000000747a00000, 0x0000000747b00000, 0x0000000747b00000|100%|HC|  |TAMS 0x0000000747b00000, 0x0000000747a00000| Complete 
| 123|0x0000000747b00000, 0x0000000747c00000, 0x0000000747c00000|100%|HS|  |TAMS 0x0000000747c00000, 0x0000000747b00000| Complete 
| 124|0x0000000747c00000, 0x0000000747cffff8, 0x0000000747d00000| 99%| O|  |TAMS 0x0000000747cffff8, 0x0000000747c00000| Untracked 
| 125|0x0000000747d00000, 0x0000000747e00000, 0x0000000747e00000|100%| O|  |TAMS 0x0000000747e00000, 0x0000000747d00000| Untracked 
| 126|0x0000000747e00000, 0x0000000747e8c070, 0x0000000747f00000| 54%| O|  |TAMS 0x0000000747e8c070, 0x0000000747e00000| Untracked 
| 127|0x0000000747f00000, 0x0000000747fbeb20, 0x0000000748000000| 74%| O|  |TAMS 0x0000000747fbeb20, 0x0000000747f00000| Untracked 
| 128|0x0000000748000000, 0x00000007480d9588, 0x0000000748100000| 84%| O|  |TAMS 0x00000007480d9588, 0x0000000748000000| Untracked 
| 129|0x0000000748100000, 0x00000007481e4758, 0x0000000748200000| 89%| O|  |TAMS 0x00000007481e4758, 0x0000000748100000| Untracked 
| 130|0x0000000748200000, 0x0000000748200000, 0x0000000748300000|  0%| F|  |TAMS 0x0000000748200000, 0x0000000748200000| Untracked 
| 131|0x0000000748300000, 0x0000000748334f00, 0x0000000748400000| 20%| O|  |TAMS 0x0000000748334f00, 0x0000000748300000| Untracked 
| 132|0x0000000748400000, 0x0000000748500000, 0x0000000748500000|100%|HS|  |TAMS 0x0000000748500000, 0x0000000748400000| Complete 
| 133|0x0000000748500000, 0x0000000748600000, 0x0000000748600000|100%|HC|  |TAMS 0x0000000748600000, 0x0000000748500000| Complete 
| 134|0x0000000748600000, 0x0000000748600000, 0x0000000748700000|  0%| F|  |TAMS 0x0000000748600000, 0x0000000748600000| Untracked 
| 135|0x0000000748700000, 0x0000000748700000, 0x0000000748800000|  0%| F|  |TAMS 0x0000000748700000, 0x0000000748700000| Untracked 
| 136|0x0000000748800000, 0x0000000748800000, 0x0000000748900000|  0%| F|  |TAMS 0x0000000748800000, 0x0000000748800000| Untracked 
| 137|0x0000000748900000, 0x0000000748a00000, 0x0000000748a00000|100%|HS|  |TAMS 0x0000000748900000, 0x0000000748900000| Complete 
| 138|0x0000000748a00000, 0x0000000748b00000, 0x0000000748b00000|100%|HC|  |TAMS 0x0000000748a00000, 0x0000000748a00000| Complete 
| 139|0x0000000748b00000, 0x0000000748b00000, 0x0000000748c00000|  0%| F|  |TAMS 0x0000000748b00000, 0x0000000748b00000| Untracked 
| 140|0x0000000748c00000, 0x0000000748c00000, 0x0000000748d00000|  0%| F|  |TAMS 0x0000000748c00000, 0x0000000748c00000| Untracked 
| 141|0x0000000748d00000, 0x0000000748d00000, 0x0000000748e00000|  0%| F|  |TAMS 0x0000000748d00000, 0x0000000748d00000| Untracked 
| 142|0x0000000748e00000, 0x0000000748e00000, 0x0000000748f00000|  0%| F|  |TAMS 0x0000000748e00000, 0x0000000748e00000| Untracked 
| 143|0x0000000748f00000, 0x0000000748f00000, 0x0000000749000000|  0%| F|  |TAMS 0x0000000748f00000, 0x0000000748f00000| Untracked 
| 144|0x0000000749000000, 0x0000000749000000, 0x0000000749100000|  0%| F|  |TAMS 0x0000000749000000, 0x0000000749000000| Untracked 
| 145|0x0000000749100000, 0x0000000749100000, 0x0000000749200000|  0%| F|  |TAMS 0x0000000749100000, 0x0000000749100000| Untracked 
| 146|0x0000000749200000, 0x0000000749200000, 0x0000000749300000|  0%| F|  |TAMS 0x0000000749200000, 0x0000000749200000| Untracked 
| 147|0x0000000749300000, 0x0000000749300000, 0x0000000749400000|  0%| F|  |TAMS 0x0000000749300000, 0x0000000749300000| Untracked 
| 148|0x0000000749400000, 0x0000000749400000, 0x0000000749500000|  0%| F|  |TAMS 0x0000000749400000, 0x0000000749400000| Untracked 
| 149|0x0000000749500000, 0x0000000749500000, 0x0000000749600000|  0%| F|  |TAMS 0x0000000749500000, 0x0000000749500000| Untracked 
| 150|0x0000000749600000, 0x0000000749600000, 0x0000000749700000|  0%| F|  |TAMS 0x0000000749600000, 0x0000000749600000| Untracked 
| 151|0x0000000749700000, 0x0000000749700000, 0x0000000749800000|  0%| F|  |TAMS 0x0000000749700000, 0x0000000749700000| Untracked 
| 152|0x0000000749800000, 0x0000000749800000, 0x0000000749900000|  0%| F|  |TAMS 0x0000000749800000, 0x0000000749800000| Untracked 
| 153|0x0000000749900000, 0x0000000749900000, 0x0000000749a00000|  0%| F|  |TAMS 0x0000000749900000, 0x0000000749900000| Untracked 
| 154|0x0000000749a00000, 0x0000000749a00000, 0x0000000749b00000|  0%| F|  |TAMS 0x0000000749a00000, 0x0000000749a00000| Untracked 
| 155|0x0000000749b00000, 0x0000000749b00000, 0x0000000749c00000|  0%| F|  |TAMS 0x0000000749b00000, 0x0000000749b00000| Untracked 
| 156|0x0000000749c00000, 0x0000000749c00000, 0x0000000749d00000|  0%| F|  |TAMS 0x0000000749c00000, 0x0000000749c00000| Untracked 
| 157|0x0000000749d00000, 0x0000000749d00000, 0x0000000749e00000|  0%| F|  |TAMS 0x0000000749d00000, 0x0000000749d00000| Untracked 
| 158|0x0000000749e00000, 0x0000000749e00000, 0x0000000749f00000|  0%| F|  |TAMS 0x0000000749e00000, 0x0000000749e00000| Untracked 
| 159|0x0000000749f00000, 0x0000000749f00000, 0x000000074a000000|  0%| F|  |TAMS 0x0000000749f00000, 0x0000000749f00000| Untracked 
| 160|0x000000074a000000, 0x000000074a000000, 0x000000074a100000|  0%| F|  |TAMS 0x000000074a000000, 0x000000074a000000| Untracked 
| 161|0x000000074a100000, 0x000000074a100000, 0x000000074a200000|  0%| F|  |TAMS 0x000000074a100000, 0x000000074a100000| Untracked 
| 162|0x000000074a200000, 0x000000074a200000, 0x000000074a300000|  0%| F|  |TAMS 0x000000074a200000, 0x000000074a200000| Untracked 
| 163|0x000000074a300000, 0x000000074a300000, 0x000000074a400000|  0%| F|  |TAMS 0x000000074a300000, 0x000000074a300000| Untracked 
| 164|0x000000074a400000, 0x000000074a400000, 0x000000074a500000|  0%| F|  |TAMS 0x000000074a400000, 0x000000074a400000| Untracked 
| 165|0x000000074a500000, 0x000000074a500000, 0x000000074a600000|  0%| F|  |TAMS 0x000000074a500000, 0x000000074a500000| Untracked 
| 166|0x000000074a600000, 0x000000074a600000, 0x000000074a700000|  0%| F|  |TAMS 0x000000074a600000, 0x000000074a600000| Untracked 
| 167|0x000000074a700000, 0x000000074a700000, 0x000000074a800000|  0%| F|  |TAMS 0x000000074a700000, 0x000000074a700000| Untracked 
| 168|0x000000074a800000, 0x000000074a800000, 0x000000074a900000|  0%| F|  |TAMS 0x000000074a800000, 0x000000074a800000| Untracked 
| 169|0x000000074a900000, 0x000000074a900000, 0x000000074aa00000|  0%| F|  |TAMS 0x000000074a900000, 0x000000074a900000| Untracked 
| 170|0x000000074aa00000, 0x000000074aa00000, 0x000000074ab00000|  0%| F|  |TAMS 0x000000074aa00000, 0x000000074aa00000| Untracked 
| 171|0x000000074ab00000, 0x000000074ab00000, 0x000000074ac00000|  0%| F|  |TAMS 0x000000074ab00000, 0x000000074ab00000| Untracked 
| 172|0x000000074ac00000, 0x000000074ac00000, 0x000000074ad00000|  0%| F|  |TAMS 0x000000074ac00000, 0x000000074ac00000| Untracked 
| 173|0x000000074ad00000, 0x000000074ad00000, 0x000000074ae00000|  0%| F|  |TAMS 0x000000074ad00000, 0x000000074ad00000| Untracked 
| 174|0x000000074ae00000, 0x000000074ae00000, 0x000000074af00000|  0%| F|  |TAMS 0x000000074ae00000, 0x000000074ae00000| Untracked 
| 175|0x000000074af00000, 0x000000074af00000, 0x000000074b000000|  0%| F|  |TAMS 0x000000074af00000, 0x000000074af00000| Untracked 
| 176|0x000000074b000000, 0x000000074b000000, 0x000000074b100000|  0%| F|  |TAMS 0x000000074b000000, 0x000000074b000000| Untracked 
| 177|0x000000074b100000, 0x000000074b100000, 0x000000074b200000|  0%| F|  |TAMS 0x000000074b100000, 0x000000074b100000| Untracked 
| 178|0x000000074b200000, 0x000000074b200000, 0x000000074b300000|  0%| F|  |TAMS 0x000000074b200000, 0x000000074b200000| Untracked 
| 179|0x000000074b300000, 0x000000074b300000, 0x000000074b400000|  0%| F|  |TAMS 0x000000074b300000, 0x000000074b300000| Untracked 
| 180|0x000000074b400000, 0x000000074b400000, 0x000000074b500000|  0%| F|  |TAMS 0x000000074b400000, 0x000000074b400000| Untracked 
| 181|0x000000074b500000, 0x000000074b500000, 0x000000074b600000|  0%| F|  |TAMS 0x000000074b500000, 0x000000074b500000| Untracked 
| 182|0x000000074b600000, 0x000000074b600000, 0x000000074b700000|  0%| F|  |TAMS 0x000000074b600000, 0x000000074b600000| Untracked 
| 183|0x000000074b700000, 0x000000074b700000, 0x000000074b800000|  0%| F|  |TAMS 0x000000074b700000, 0x000000074b700000| Untracked 
| 184|0x000000074b800000, 0x000000074b800000, 0x000000074b900000|  0%| F|  |TAMS 0x000000074b800000, 0x000000074b800000| Untracked 
| 185|0x000000074b900000, 0x000000074b900000, 0x000000074ba00000|  0%| F|  |TAMS 0x000000074b900000, 0x000000074b900000| Untracked 
| 186|0x000000074ba00000, 0x000000074ba00000, 0x000000074bb00000|  0%| F|  |TAMS 0x000000074ba00000, 0x000000074ba00000| Untracked 
| 187|0x000000074bb00000, 0x000000074bb00000, 0x000000074bc00000|  0%| F|  |TAMS 0x000000074bb00000, 0x000000074bb00000| Untracked 
| 188|0x000000074bc00000, 0x000000074bc00000, 0x000000074bd00000|  0%| F|  |TAMS 0x000000074bc00000, 0x000000074bc00000| Untracked 
| 189|0x000000074bd00000, 0x000000074bd00000, 0x000000074be00000|  0%| F|  |TAMS 0x000000074bd00000, 0x000000074bd00000| Untracked 
| 190|0x000000074be00000, 0x000000074be00000, 0x000000074bf00000|  0%| F|  |TAMS 0x000000074be00000, 0x000000074be00000| Untracked 
| 191|0x000000074bf00000, 0x000000074bf00000, 0x000000074c000000|  0%| F|  |TAMS 0x000000074bf00000, 0x000000074bf00000| Untracked 
| 192|0x000000074c000000, 0x000000074c000000, 0x000000074c100000|  0%| F|  |TAMS 0x000000074c000000, 0x000000074c000000| Untracked 
| 193|0x000000074c100000, 0x000000074c100000, 0x000000074c200000|  0%| F|  |TAMS 0x000000074c100000, 0x000000074c100000| Untracked 
| 194|0x000000074c200000, 0x000000074c200000, 0x000000074c300000|  0%| F|  |TAMS 0x000000074c200000, 0x000000074c200000| Untracked 
| 195|0x000000074c300000, 0x000000074c3474a0, 0x000000074c400000| 27%| S|CS|TAMS 0x000000074c300000, 0x000000074c300000| Complete 
| 196|0x000000074c400000, 0x000000074c400000, 0x000000074c500000|  0%| F|  |TAMS 0x000000074c400000, 0x000000074c400000| Untracked 
| 197|0x000000074c500000, 0x000000074c500000, 0x000000074c600000|  0%| F|  |TAMS 0x000000074c500000, 0x000000074c500000| Untracked 
| 198|0x000000074c600000, 0x000000074c600000, 0x000000074c700000|  0%| F|  |TAMS 0x000000074c600000, 0x000000074c600000| Untracked 
| 199|0x000000074c700000, 0x000000074c700000, 0x000000074c800000|  0%| F|  |TAMS 0x000000074c700000, 0x000000074c700000| Untracked 
| 200|0x000000074c800000, 0x000000074c800000, 0x000000074c900000|  0%| F|  |TAMS 0x000000074c800000, 0x000000074c800000| Untracked 
| 201|0x000000074c900000, 0x000000074c900000, 0x000000074ca00000|  0%| F|  |TAMS 0x000000074c900000, 0x000000074c900000| Untracked 
| 202|0x000000074ca00000, 0x000000074ca00000, 0x000000074cb00000|  0%| F|  |TAMS 0x000000074ca00000, 0x000000074ca00000| Untracked 
| 203|0x000000074cb00000, 0x000000074cb00000, 0x000000074cc00000|  0%| F|  |TAMS 0x000000074cb00000, 0x000000074cb00000| Untracked 
| 204|0x000000074cc00000, 0x000000074cc00000, 0x000000074cd00000|  0%| F|  |TAMS 0x000000074cc00000, 0x000000074cc00000| Untracked 
| 205|0x000000074cd00000, 0x000000074cd00000, 0x000000074ce00000|  0%| F|  |TAMS 0x000000074cd00000, 0x000000074cd00000| Untracked 
| 206|0x000000074ce00000, 0x000000074ce00000, 0x000000074cf00000|  0%| F|  |TAMS 0x000000074ce00000, 0x000000074ce00000| Untracked 
| 207|0x000000074cf00000, 0x000000074cf00000, 0x000000074d000000|  0%| F|  |TAMS 0x000000074cf00000, 0x000000074cf00000| Untracked 
| 208|0x000000074d000000, 0x000000074d000000, 0x000000074d100000|  0%| F|  |TAMS 0x000000074d000000, 0x000000074d000000| Untracked 
| 209|0x000000074d100000, 0x000000074d100000, 0x000000074d200000|  0%| F|  |TAMS 0x000000074d100000, 0x000000074d100000| Untracked 
| 210|0x000000074d200000, 0x000000074d200000, 0x000000074d300000|  0%| F|  |TAMS 0x000000074d200000, 0x000000074d200000| Untracked 
| 211|0x000000074d300000, 0x000000074d300000, 0x000000074d400000|  0%| F|  |TAMS 0x000000074d300000, 0x000000074d300000| Untracked 
| 212|0x000000074d400000, 0x000000074d400000, 0x000000074d500000|  0%| F|  |TAMS 0x000000074d400000, 0x000000074d400000| Untracked 
| 213|0x000000074d500000, 0x000000074d500000, 0x000000074d600000|  0%| F|  |TAMS 0x000000074d500000, 0x000000074d500000| Untracked 
| 214|0x000000074d600000, 0x000000074d600000, 0x000000074d700000|  0%| F|  |TAMS 0x000000074d600000, 0x000000074d600000| Untracked 
| 215|0x000000074d700000, 0x000000074d700000, 0x000000074d800000|  0%| F|  |TAMS 0x000000074d700000, 0x000000074d700000| Untracked 
| 216|0x000000074d800000, 0x000000074d800000, 0x000000074d900000|  0%| F|  |TAMS 0x000000074d800000, 0x000000074d800000| Untracked 
| 217|0x000000074d900000, 0x000000074d900000, 0x000000074da00000|  0%| F|  |TAMS 0x000000074d900000, 0x000000074d900000| Untracked 
| 218|0x000000074da00000, 0x000000074da00000, 0x000000074db00000|  0%| F|  |TAMS 0x000000074da00000, 0x000000074da00000| Untracked 
| 219|0x000000074db00000, 0x000000074db00000, 0x000000074dc00000|  0%| F|  |TAMS 0x000000074db00000, 0x000000074db00000| Untracked 
| 220|0x000000074dc00000, 0x000000074dc00000, 0x000000074dd00000|  0%| F|  |TAMS 0x000000074dc00000, 0x000000074dc00000| Untracked 
| 221|0x000000074dd00000, 0x000000074dd00000, 0x000000074de00000|  0%| F|  |TAMS 0x000000074dd00000, 0x000000074dd00000| Untracked 
| 222|0x000000074de00000, 0x000000074de00000, 0x000000074df00000|  0%| F|  |TAMS 0x000000074de00000, 0x000000074de00000| Untracked 
| 223|0x000000074df00000, 0x000000074df00000, 0x000000074e000000|  0%| F|  |TAMS 0x000000074df00000, 0x000000074df00000| Untracked 
| 224|0x000000074e000000, 0x000000074e000000, 0x000000074e100000|  0%| F|  |TAMS 0x000000074e000000, 0x000000074e000000| Untracked 
| 225|0x000000074e100000, 0x000000074e100000, 0x000000074e200000|  0%| F|  |TAMS 0x000000074e100000, 0x000000074e100000| Untracked 
| 226|0x000000074e200000, 0x000000074e200000, 0x000000074e300000|  0%| F|  |TAMS 0x000000074e200000, 0x000000074e200000| Untracked 
| 227|0x000000074e300000, 0x000000074e300000, 0x000000074e400000|  0%| F|  |TAMS 0x000000074e300000, 0x000000074e300000| Untracked 
| 228|0x000000074e400000, 0x000000074e400000, 0x000000074e500000|  0%| F|  |TAMS 0x000000074e400000, 0x000000074e400000| Untracked 
| 229|0x000000074e500000, 0x000000074e500000, 0x000000074e600000|  0%| F|  |TAMS 0x000000074e500000, 0x000000074e500000| Untracked 
| 230|0x000000074e600000, 0x000000074e600000, 0x000000074e700000|  0%| F|  |TAMS 0x000000074e600000, 0x000000074e600000| Untracked 
| 231|0x000000074e700000, 0x000000074e700000, 0x000000074e800000|  0%| F|  |TAMS 0x000000074e700000, 0x000000074e700000| Untracked 
| 232|0x000000074e800000, 0x000000074e800000, 0x000000074e900000|  0%| F|  |TAMS 0x000000074e800000, 0x000000074e800000| Untracked 
| 233|0x000000074e900000, 0x000000074e900000, 0x000000074ea00000|  0%| F|  |TAMS 0x000000074e900000, 0x000000074e900000| Untracked 
| 234|0x000000074ea00000, 0x000000074ea00000, 0x000000074eb00000|  0%| F|  |TAMS 0x000000074ea00000, 0x000000074ea00000| Untracked 
| 235|0x000000074eb00000, 0x000000074eb00000, 0x000000074ec00000|  0%| F|  |TAMS 0x000000074eb00000, 0x000000074eb00000| Untracked 
| 236|0x000000074ec00000, 0x000000074ec00000, 0x000000074ed00000|  0%| F|  |TAMS 0x000000074ec00000, 0x000000074ec00000| Untracked 
| 237|0x000000074ed00000, 0x000000074ed00000, 0x000000074ee00000|  0%| F|  |TAMS 0x000000074ed00000, 0x000000074ed00000| Untracked 
| 238|0x000000074ee00000, 0x000000074ee00000, 0x000000074ef00000|  0%| F|  |TAMS 0x000000074ee00000, 0x000000074ee00000| Untracked 
| 239|0x000000074ef00000, 0x000000074ef00000, 0x000000074f000000|  0%| F|  |TAMS 0x000000074ef00000, 0x000000074ef00000| Untracked 
| 240|0x000000074f000000, 0x000000074f000000, 0x000000074f100000|  0%| F|  |TAMS 0x000000074f000000, 0x000000074f000000| Untracked 
| 241|0x000000074f100000, 0x000000074f100000, 0x000000074f200000|  0%| F|  |TAMS 0x000000074f100000, 0x000000074f100000| Untracked 
| 242|0x000000074f200000, 0x000000074f203180, 0x000000074f300000|  1%| E|  |TAMS 0x000000074f200000, 0x000000074f200000| Complete 
| 243|0x000000074f300000, 0x000000074f400000, 0x000000074f400000|100%| E|CS|TAMS 0x000000074f300000, 0x000000074f300000| Complete 
| 244|0x000000074f400000, 0x000000074f500000, 0x000000074f500000|100%| E|CS|TAMS 0x000000074f400000, 0x000000074f400000| Complete 
| 245|0x000000074f500000, 0x000000074f600000, 0x000000074f600000|100%| E|CS|TAMS 0x000000074f500000, 0x000000074f500000| Complete 
| 246|0x000000074f600000, 0x000000074f700000, 0x000000074f700000|100%| E|CS|TAMS 0x000000074f600000, 0x000000074f600000| Complete 
| 247|0x000000074f700000, 0x000000074f800000, 0x000000074f800000|100%| E|CS|TAMS 0x000000074f700000, 0x000000074f700000| Complete 
| 248|0x000000074f800000, 0x000000074f900000, 0x000000074f900000|100%| E|CS|TAMS 0x000000074f800000, 0x000000074f800000| Complete 
| 249|0x000000074f900000, 0x000000074fa00000, 0x000000074fa00000|100%| E|CS|TAMS 0x000000074f900000, 0x000000074f900000| Complete 
| 250|0x000000074fa00000, 0x000000074fb00000, 0x000000074fb00000|100%| E|CS|TAMS 0x000000074fa00000, 0x000000074fa00000| Complete 
| 251|0x000000074fb00000, 0x000000074fc00000, 0x000000074fc00000|100%| E|CS|TAMS 0x000000074fb00000, 0x000000074fb00000| Complete 
| 252|0x000000074fc00000, 0x000000074fd00000, 0x000000074fd00000|100%| E|CS|TAMS 0x000000074fc00000, 0x000000074fc00000| Complete 
| 253|0x000000074fd00000, 0x000000074fe00000, 0x000000074fe00000|100%| E|CS|TAMS 0x000000074fd00000, 0x000000074fd00000| Complete 
| 254|0x000000074fe00000, 0x000000074ff00000, 0x000000074ff00000|100%| E|CS|TAMS 0x000000074fe00000, 0x000000074fe00000| Complete 
| 255|0x000000074ff00000, 0x0000000750000000, 0x0000000750000000|100%| E|CS|TAMS 0x000000074ff00000, 0x000000074ff00000| Complete 

Card table byte_map: [0x000001d09f480000,0x000001d09fa80000] _byte_map_base: 0x000001d09ba80000

Marking Bits (Prev, Next): (CMBitMap*) 0x000001d0a3ab0330, (CMBitMap*) 0x000001d0a3ab02f8
 Prev Bits: [0x000001d0a5830000, 0x000001d0a8830000)
 Next Bits: [0x000001d0a0080000, 0x000001d0a3080000)

Polling page: 0x000001d0814a0000

Metaspace:

Usage:
  Non-class:    105.97 MB capacity,   104.29 MB ( 98%) used,     1.26 MB (  1%) free+waste,   433.44 KB ( <1%) overhead. 
      Class:     16.98 MB capacity,    15.63 MB ( 92%) used,     1.15 MB (  7%) free+waste,   201.88 KB (  1%) overhead. 
       Both:    122.95 MB capacity,   119.92 MB ( 98%) used,     2.41 MB (  2%) free+waste,   635.31 KB ( <1%) overhead. 

Virtual space:
  Non-class space:      108.00 MB reserved,     106.21 MB ( 98%) committed 
      Class space:        1.00 GB reserved,      17.08 MB (  2%) committed 
             Both:        1.11 GB reserved,     123.29 MB ( 11%) committed 

Chunk freelists:
   Non-Class:  49.00 KB
       Class:  0 bytes
        Both:  49.00 KB

MaxMetaspaceSize: 17179869184.00 GB
CompressedClassSpaceSize: 1.00 GB

CodeHeap 'non-profiled nmethods': size=120064Kb used=30031Kb max_used=30031Kb free=90032Kb
 bounds [0x000001d097100000, 0x000001d098e60000, 0x000001d09e640000]
CodeHeap 'profiled nmethods': size=120000Kb used=59379Kb max_used=59379Kb free=60620Kb
 bounds [0x000001d08fbd0000, 0x000001d093640000, 0x000001d097100000]
CodeHeap 'non-nmethods': size=5696Kb used=1798Kb max_used=1868Kb free=3897Kb
 bounds [0x000001d08f640000, 0x000001d08f8b0000, 0x000001d08fbd0000]
 total_blobs=25411 nmethods=23986 adapters=1329
 compilation: enabled
              stopped_count=0, restarted_count=0
 full_count=0

Compilation events (20 events):
Event: 16596.512 Thread 0x000001d0a5816800 nmethod 31277 0x000001d098e50310 code [0x000001d098e50500, 0x000001d098e50a68]
Event: 16596.567 Thread 0x000001d0a5816800 31279 %     4       java.util.LinkedList::toArray @ 37 (81 bytes)
Event: 16596.570 Thread 0x000001d0a5816800 nmethod 31279% 0x000001d098e50d90 code [0x000001d098e50f40, 0x000001d098e512b8]
Event: 16596.595 Thread 0x000001d0a5816800 31280       4       javax.swing.plaf.basic.BasicScrollBarUI::layoutVScrollbar (532 bytes)
Event: 16596.620 Thread 0x000001d0a5816800 nmethod 31280 0x000001d098e51490 code [0x000001d098e51820, 0x000001d098e53398]
Event: 16602.107 Thread 0x000001d0a5816800 31281       4       javax.swing.plaf.basic.BasicProgressBarUI$Handler::propertyChange (52 bytes)
Event: 16602.109 Thread 0x000001d0a5816800 nmethod 31281 0x000001d098e54d90 code [0x000001d098e54f60, 0x000001d098e550a8]
Event: 16653.267 Thread 0x000001d0a581c800 31282       3       ui.views.cP::handleTclEvent (65 bytes)
Event: 16660.110 Thread 0x000001d0a581c800 nmethod 31282 0x000001d093636790 code [0x000001d093636aa0, 0x000001d093637ad8]
Event: 16665.858 Thread 0x000001d0a581c800 31283       3       ui.utils.swing.J::a (95 bytes)
Event: 16667.130 Thread 0x000001d0a581c800 nmethod 31283 0x000001d093638010 code [0x000001d093638360, 0x000001d093639bb8]
Event: 16701.567 Thread 0x000001d0a581c800 31284  s    3       ui.views.waveform.g.D::Jw (36 bytes)
Event: 16701.656 Thread 0x000001d0a581c800 nmethod 31284 0x000001d09363a190 code [0x000001d09363a380, 0x000001d09363a8a8]
Event: 16701.810 Thread 0x000001d0a581c800 31285       3       ui.data.simulation.executive.protobuf.RSDHierarchy$RSDCallStackMessage::hasCount (16 bytes)
Event: 16701.812 Thread 0x000001d0a581c800 nmethod 31285 0x000001d091d7fa10 code [0x000001d091d7fbc0, 0x000001d091d7fd18]
Event: 16701.813 Thread 0x000001d0a581c800 31286       3       ui.utils.i.i.aw::clear (16 bytes)
Event: 16701.822 Thread 0x000001d0a5816800 31287       4       ui.utils.i.i.P::ilO (37 bytes)
Event: 16701.859 Thread 0x000001d0a581c800 nmethod 31286 0x000001d092742910 code [0x000001d092742b00, 0x000001d092742ff8]
Event: 16702.259 Thread 0x000001d0a581c800 31288       1       com.jidesoft.action.CommandBar$Expansion::getOrientation (5 bytes)
Event: 16702.262 Thread 0x000001d0a581c800 nmethod 31288 0x000001d098e55290 code [0x000001d098e55440, 0x000001d098e554f8]

GC Heap History (20 events):
Event: 16587.907 GC heap before
{Heap before GC invocations=413 (full 37):
 garbage-first heap   total 262144K, used 191159K [0x0000000740000000, 0x0000000800000000)
  region size 1024K, 60 young (61440K), 1 survivors (1024K)
 Metaspace       used 122702K, capacity 125840K, committed 125992K, reserved 1157120K
  class space    used 16008K, capacity 17390K, committed 17492K, reserved 1048576K
}
Event: 16587.909 GC heap after
{Heap after GC invocations=414 (full 37):
 garbage-first heap   total 262144K, used 130611K [0x0000000740000000, 0x0000000800000000)
  region size 1024K, 1 young (1024K), 1 survivors (1024K)
 Metaspace       used 122702K, capacity 125840K, committed 125992K, reserved 1157120K
  class space    used 16008K, capacity 17390K, committed 17492K, reserved 1048576K
}
Event: 16590.797 GC heap before
{Heap before GC invocations=414 (full 37):
 garbage-first heap   total 262144K, used 191027K [0x0000000740000000, 0x0000000800000000)
  region size 1024K, 60 young (61440K), 1 survivors (1024K)
 Metaspace       used 122702K, capacity 125840K, committed 125992K, reserved 1157120K
  class space    used 16008K, capacity 17390K, committed 17492K, reserved 1048576K
}
Event: 16590.799 GC heap after
{Heap after GC invocations=415 (full 37):
 garbage-first heap   total 262144K, used 130581K [0x0000000740000000, 0x0000000800000000)
  region size 1024K, 1 young (1024K), 1 survivors (1024K)
 Metaspace       used 122702K, capacity 125840K, committed 125992K, reserved 1157120K
  class space    used 16008K, capacity 17390K, committed 17492K, reserved 1048576K
}
Event: 16594.003 GC heap before
{Heap before GC invocations=416 (full 37):
 garbage-first heap   total 262144K, used 190997K [0x0000000740000000, 0x0000000800000000)
  region size 1024K, 60 young (61440K), 1 survivors (1024K)
 Metaspace       used 122733K, capacity 125904K, committed 126248K, reserved 1159168K
  class space    used 16008K, capacity 17390K, committed 17492K, reserved 1048576K
}
Event: 16594.006 GC heap after
{Heap after GC invocations=417 (full 37):
 garbage-first heap   total 262144K, used 131498K [0x0000000740000000, 0x0000000800000000)
  region size 1024K, 2 young (2048K), 2 survivors (2048K)
 Metaspace       used 122733K, capacity 125904K, committed 126248K, reserved 1159168K
  class space    used 16008K, capacity 17390K, committed 17492K, reserved 1048576K
}
Event: 16595.319 GC heap before
{Heap before GC invocations=417 (full 37):
 garbage-first heap   total 262144K, used 190890K [0x0000000740000000, 0x0000000800000000)
  region size 1024K, 60 young (61440K), 2 survivors (2048K)
 Metaspace       used 122746K, capacity 125904K, committed 126248K, reserved 1159168K
  class space    used 16008K, capacity 17390K, committed 17492K, reserved 1048576K
}
Event: 16595.325 GC heap after
{Heap after GC invocations=418 (full 37):
 garbage-first heap   total 262144K, used 133818K [0x0000000740000000, 0x0000000800000000)
  region size 1024K, 4 young (4096K), 4 survivors (4096K)
 Metaspace       used 122746K, capacity 125904K, committed 126248K, reserved 1159168K
  class space    used 16008K, capacity 17390K, committed 17492K, reserved 1048576K
}
Event: 16595.668 GC heap before
{Heap before GC invocations=419 (full 37):
 garbage-first heap   total 262144K, used 191162K [0x0000000740000000, 0x0000000800000000)
  region size 1024K, 60 young (61440K), 4 survivors (4096K)
 Metaspace       used 122791K, capacity 125905K, committed 126248K, reserved 1159168K
  class space    used 16008K, capacity 17390K, committed 17492K, reserved 1048576K
}
Event: 16595.675 GC heap after
{Heap after GC invocations=420 (full 37):
 garbage-first heap   total 262144K, used 134837K [0x0000000740000000, 0x0000000800000000)
  region size 1024K, 5 young (5120K), 5 survivors (5120K)
 Metaspace       used 122791K, capacity 125905K, committed 126248K, reserved 1159168K
  class space    used 16008K, capacity 17390K, committed 17492K, reserved 1048576K
}
Event: 16595.703 GC heap before
{Heap before GC invocations=420 (full 37):
 garbage-first heap   total 262144K, used 136885K [0x0000000740000000, 0x0000000800000000)
  region size 1024K, 8 young (8192K), 5 survivors (5120K)
 Metaspace       used 122792K, capacity 125905K, committed 126248K, reserved 1159168K
  class space    used 16008K, capacity 17390K, committed 17492K, reserved 1048576K
}
Event: 16595.711 GC heap after
{Heap after GC invocations=421 (full 37):
 garbage-first heap   total 262144K, used 135019K [0x0000000740000000, 0x0000000800000000)
  region size 1024K, 4 young (4096K), 4 survivors (4096K)
 Metaspace       used 122792K, capacity 125905K, committed 126248K, reserved 1159168K
  class space    used 16008K, capacity 17390K, committed 17492K, reserved 1048576K
}
Event: 16595.760 GC heap before
{Heap before GC invocations=421 (full 37):
 garbage-first heap   total 262144K, used 142187K [0x0000000740000000, 0x0000000800000000)
  region size 1024K, 6 young (6144K), 4 survivors (4096K)
 Metaspace       used 122795K, capacity 125905K, committed 126248K, reserved 1159168K
  class space    used 16008K, capacity 17390K, committed 17492K, reserved 1048576K
}
Event: 16595.866 GC heap after
{Heap after GC invocations=422 (full 38):
 garbage-first heap   total 262144K, used 134249K [0x0000000740000000, 0x0000000800000000)
  region size 1024K, 0 young (0K), 0 survivors (0K)
 Metaspace       used 122795K, capacity 125905K, committed 126248K, reserved 1159168K
  class space    used 16008K, capacity 17390K, committed 17492K, reserved 1048576K
}
Event: 16595.935 GC heap before
{Heap before GC invocations=422 (full 38):
 garbage-first heap   total 262144K, used 153705K [0x0000000740000000, 0x0000000800000000)
  region size 1024K, 20 young (20480K), 0 survivors (0K)
 Metaspace       used 122795K, capacity 125905K, committed 126248K, reserved 1159168K
  class space    used 16008K, capacity 17390K, committed 17492K, reserved 1048576K
}
Event: 16595.936 GC heap after
{Heap after GC invocations=423 (full 38):
 garbage-first heap   total 262144K, used 134952K [0x0000000740000000, 0x0000000800000000)
  region size 1024K, 1 young (1024K), 1 survivors (1024K)
 Metaspace       used 122795K, capacity 125905K, committed 126248K, reserved 1159168K
  class space    used 16008K, capacity 17390K, committed 17492K, reserved 1048576K
}
Event: 16596.976 GC heap before
{Heap before GC invocations=424 (full 38):
 garbage-first heap   total 262144K, used 180008K [0x0000000740000000, 0x0000000800000000)
  region size 1024K, 44 young (45056K), 1 survivors (1024K)
 Metaspace       used 122796K, capacity 125905K, committed 126248K, reserved 1159168K
  class space    used 16008K, capacity 17390K, committed 17492K, reserved 1048576K
}
Event: 16596.979 GC heap after
{Heap after GC invocations=425 (full 38):
 garbage-first heap   total 262144K, used 136578K [0x0000000740000000, 0x0000000800000000)
  region size 1024K, 1 young (1024K), 1 survivors (1024K)
 Metaspace       used 122796K, capacity 125905K, committed 126248K, reserved 1159168K
  class space    used 16008K, capacity 17390K, committed 17492K, reserved 1048576K
}
Event: 16700.416 GC heap before
{Heap before GC invocations=426 (full 38):
 garbage-first heap   total 262144K, used 196994K [0x0000000740000000, 0x0000000800000000)
  region size 1024K, 60 young (61440K), 1 survivors (1024K)
 Metaspace       used 122798K, capacity 125905K, committed 126248K, reserved 1159168K
  class space    used 16008K, capacity 17390K, committed 17492K, reserved 1048576K
}
Event: 16700.754 GC heap after
{Heap after GC invocations=427 (full 38):
 garbage-first heap   total 262144K, used 136582K [0x0000000740000000, 0x0000000800000000)
  region size 1024K, 1 young (1024K), 1 survivors (1024K)
 Metaspace       used 122798K, capacity 125905K, committed 126248K, reserved 1159168K
  class space    used 16008K, capacity 17390K, committed 17492K, reserved 1048576K
}

Deoptimization events (20 events):
Event: 16504.009 Thread 0x000001d0a5820800 DEOPT PACKING pc=0x000001d0977ce5b4 sp=0x000000b527fff240
Event: 16504.025 Thread 0x000001d0a5820800 DEOPT UNPACKING pc=0x000001d08f6668af sp=0x000000b527fff220 mode 2
Event: 16504.051 Thread 0x000001d0a5820800 Uncommon trap: trap_request=0xffffffde fr.pc=0x000001d0977ce5b4 relative=0x0000000000000574
Event: 16504.052 Thread 0x000001d0a5820800 Uncommon trap: reason=class_check action=maybe_recompile pc=0x000001d0977ce5b4 method=jdk.internal.ref.PhantomCleanable.clean()V @ 12 c2
Event: 16504.052 Thread 0x000001d0a5820800 DEOPT PACKING pc=0x000001d0977ce5b4 sp=0x000000b527fff240
Event: 16504.055 Thread 0x000001d0a5820800 DEOPT UNPACKING pc=0x000001d08f6668af sp=0x000000b527fff220 mode 2
Event: 16515.703 Thread 0x000001d0a5824000 DEOPT PACKING pc=0x000001d091c0db0c sp=0x000000b52a3f63e0
Event: 16515.704 Thread 0x000001d0a5824000 DEOPT UNPACKING pc=0x000001d08f66705e sp=0x000000b52a3f5960 mode 0
Event: 16526.793 Thread 0x000001d0a5824000 Uncommon trap: trap_request=0xffffff4d fr.pc=0x000001d097f164d0 relative=0x0000000000000250
Event: 16526.793 Thread 0x000001d0a5824000 Uncommon trap: reason=unstable_if action=reinterpret pc=0x000001d097f164d0 method=java.awt.ModalEventFilter.acceptEvent(Ljava/awt/AWTEvent;)Ljava/awt/EventFilter$FilterAction; @ 58 c2
Event: 16526.793 Thread 0x000001d0a5824000 DEOPT PACKING pc=0x000001d097f164d0 sp=0x000000b52a3f3fc0
Event: 16526.793 Thread 0x000001d0a5824000 DEOPT UNPACKING pc=0x000001d08f6668af sp=0x000000b52a3f3ee8 mode 2
Event: 16550.461 Thread 0x000001d0a5824000 DEOPT PACKING pc=0x000001d091fbde27 sp=0x000000b52a3f6eb0
Event: 16550.462 Thread 0x000001d0a5824000 DEOPT UNPACKING pc=0x000001d08f66705e sp=0x000000b52a3f6428 mode 0
Event: 16550.467 Thread 0x000001d0a5824000 DEOPT PACKING pc=0x000001d091fbde06 sp=0x000000b52a3f6eb0
Event: 16550.467 Thread 0x000001d0a5824000 DEOPT UNPACKING pc=0x000001d08f66705e sp=0x000000b52a3f6428 mode 0
Event: 16643.965 Thread 0x000001d0a5824000 Uncommon trap: trap_request=0xffffff4d fr.pc=0x000001d097844734 relative=0x00000000000003b4
Event: 16644.072 Thread 0x000001d0a5824000 Uncommon trap: reason=unstable_if action=reinterpret pc=0x000001d097844734 method=ui.data.common.O.blx()V @ 106 c2
Event: 16644.093 Thread 0x000001d0a5824000 DEOPT PACKING pc=0x000001d097844734 sp=0x000000b52a3f70a0
Event: 16644.138 Thread 0x000001d0a5824000 DEOPT UNPACKING pc=0x000001d08f6668af sp=0x000000b52a3f7050 mode 2

Classes redefined (0 events):
No events

Internal exceptions (20 events):
Event: 16626.058 Thread 0x000001d0a5824000 Exception <a 'java/io/FileNotFoundException'{0x000000074f070b80}> (0x000000074f070b80) thrown at [./src/hotspot/share/prims/jni.cpp, line 615]
Event: 16626.060 Thread 0x000001d0a5824000 Exception <a 'java/io/FileNotFoundException'{0x000000074f0719a8}> (0x000000074f0719a8) thrown at [./src/hotspot/share/prims/jni.cpp, line 615]
Event: 16645.115 Thread 0x000001d0a5824000 Exception <a 'java/io/FileNotFoundException'{0x000000074edbba70}> (0x000000074edbba70) thrown at [./src/hotspot/share/prims/jni.cpp, line 615]
Event: 16645.258 Thread 0x000001d0a5824000 Exception <a 'java/io/FileNotFoundException'{0x000000074edbc898}> (0x000000074edbc898) thrown at [./src/hotspot/share/prims/jni.cpp, line 615]
Event: 16652.806 Thread 0x000001d0a5824000 Exception <a 'java/io/FileNotFoundException'{0x000000074eb72cf8}> (0x000000074eb72cf8) thrown at [./src/hotspot/share/prims/jni.cpp, line 615]
Event: 16652.896 Thread 0x000001d0a5824000 Exception <a 'java/io/FileNotFoundException'{0x000000074eb73b20}> (0x000000074eb73b20) thrown at [./src/hotspot/share/prims/jni.cpp, line 615]
Event: 16659.712 Thread 0x000001d0a5824000 Exception <a 'java/io/FileNotFoundException'{0x000000074e92c778}> (0x000000074e92c778) thrown at [./src/hotspot/share/prims/jni.cpp, line 615]
Event: 16660.048 Thread 0x000001d0a5824000 Exception <a 'java/io/FileNotFoundException'{0x000000074e92d5a0}> (0x000000074e92d5a0) thrown at [./src/hotspot/share/prims/jni.cpp, line 615]
Event: 16665.426 Thread 0x000001d0a5824000 Exception <a 'java/io/FileNotFoundException'{0x000000074e8f6a18}> (0x000000074e8f6a18) thrown at [./src/hotspot/share/prims/jni.cpp, line 615]
Event: 16665.501 Thread 0x000001d0a5824000 Exception <a 'java/io/FileNotFoundException'{0x000000074e8f7840}> (0x000000074e8f7840) thrown at [./src/hotspot/share/prims/jni.cpp, line 615]
Event: 16671.676 Thread 0x000001d0a5824000 Exception <a 'java/io/FileNotFoundException'{0x000000074e699230}> (0x000000074e699230) thrown at [./src/hotspot/share/prims/jni.cpp, line 615]
Event: 16672.093 Thread 0x000001d0a5824000 Exception <a 'java/io/FileNotFoundException'{0x000000074e69a058}> (0x000000074e69a058) thrown at [./src/hotspot/share/prims/jni.cpp, line 615]
Event: 16677.998 Thread 0x000001d0a5824000 Exception <a 'java/io/FileNotFoundException'{0x000000074e6b4c00}> (0x000000074e6b4c00) thrown at [./src/hotspot/share/prims/jni.cpp, line 615]
Event: 16679.536 Thread 0x000001d0a5824000 Exception <a 'java/io/FileNotFoundException'{0x000000074e6b5a28}> (0x000000074e6b5a28) thrown at [./src/hotspot/share/prims/jni.cpp, line 615]
Event: 16686.475 Thread 0x000001d0a5824000 Exception <a 'java/io/FileNotFoundException'{0x000000074e6cbe58}> (0x000000074e6cbe58) thrown at [./src/hotspot/share/prims/jni.cpp, line 615]
Event: 16686.844 Thread 0x000001d0a5824000 Exception <a 'java/io/FileNotFoundException'{0x000000074e6ccc80}> (0x000000074e6ccc80) thrown at [./src/hotspot/share/prims/jni.cpp, line 615]
Event: 16692.663 Thread 0x000001d0a5824000 Exception <a 'java/io/FileNotFoundException'{0x000000074e2ed2e0}> (0x000000074e2ed2e0) thrown at [./src/hotspot/share/prims/jni.cpp, line 615]
Event: 16692.664 Thread 0x000001d0a5824000 Exception <a 'java/io/FileNotFoundException'{0x000000074e2eef30}> (0x000000074e2eef30) thrown at [./src/hotspot/share/prims/jni.cpp, line 615]
Event: 16700.907 Thread 0x000001d0a5824000 Exception <a 'java/io/FileNotFoundException'{0x000000074f9175d0}> (0x000000074f9175d0) thrown at [./src/hotspot/share/prims/jni.cpp, line 615]
Event: 16701.420 Thread 0x000001d0a5824000 Exception <a 'java/io/FileNotFoundException'{0x000000074f9efbc0}> (0x000000074f9efbc0) thrown at [./src/hotspot/share/prims/jni.cpp, line 615]

Events (20 events):
Event: 16685.401 Thread 0x000001d0c13d7800 Thread exited: 0x000001d0c13d7800
Event: 16685.453 Thread 0x000001d0c13d8800 Thread exited: 0x000001d0c13d8800
Event: 16687.392 Thread 0x000001d0c13d7800 Thread added: 0x000001d0c13d7800
Event: 16687.487 Thread 0x000001d0c13d6000 Thread added: 0x000001d0c13d6000
Event: 16692.098 Executing VM operation: RevokeBias
Event: 16692.231 Executing VM operation: RevokeBias done
Event: 16692.242 Thread 0x000001d0c13d7800 Thread exited: 0x000001d0c13d7800
Event: 16692.272 Thread 0x000001d0c13d6000 Thread exited: 0x000001d0c13d6000
Event: 16693.716 Thread 0x000001d0c13d8800 Thread added: 0x000001d0c13d8800
Event: 16693.760 Thread 0x000001d0c13d8800 Thread exited: 0x000001d0c13d8800
Event: 16700.401 Executing VM operation: G1CollectForAllocation
Event: 16700.754 Executing VM operation: G1CollectForAllocation done
Event: 16700.906 Thread 0x000001d0c13d7800 Thread added: 0x000001d0c13d7800
Event: 16700.907 Thread 0x000001d0c13d6000 Thread added: 0x000001d0c13d6000
Event: 16700.911 Executing VM operation: BulkRevokeBias
Event: 16700.988 Executing VM operation: BulkRevokeBias done
Event: 16700.988 Thread 0x000001d0c13d7800 Thread exited: 0x000001d0c13d7800
Event: 16700.988 Thread 0x000001d0c13d6000 Thread exited: 0x000001d0c13d6000
Event: 16701.744 Thread 0x000001d0c13d8800 Thread added: 0x000001d0c13d8800
Event: 16701.749 Thread 0x000001d0c13d8800 Thread exited: 0x000001d0c13d8800


Dynamic libraries:
0x00007ff63de30000 - 0x00007ff63de61000 	C:\Xilinx\Vivado\2022.1\bin\unwrapped\win64.o\vivado.exe
0x00007ff8ee130000 - 0x00007ff8ee328000 	C:\WINDOWS\SYSTEM32\ntdll.dll
0x00007ff8ed7e0000 - 0x00007ff8ed89d000 	C:\WINDOWS\System32\KERNEL32.DLL
0x00007ff8eb840000 - 0x00007ff8ebb12000 	C:\WINDOWS\System32\KERNELBASE.dll
0x00007ff8ebb70000 - 0x00007ff8ebc70000 	C:\WINDOWS\System32\ucrtbase.dll
0x00007ff8d5ae0000 - 0x00007ff8d5b6e000 	C:\WINDOWS\SYSTEM32\MSVCP140.dll
0x00007ff8e6da0000 - 0x00007ff8e6dbb000 	C:\WINDOWS\SYSTEM32\VCRUNTIME140.dll
0x00007ff8e6d80000 - 0x00007ff8e6d8c000 	C:\WINDOWS\SYSTEM32\VCRUNTIME140_1.dll
0x00007ff8e6d60000 - 0x00007ff8e6d78000 	C:\Xilinx\Vivado\2022.1\lib\win64.o\librdi_commonmain.dll
0x00007ff8e6ca0000 - 0x00007ff8e6ca9000 	C:\Xilinx\Vivado\2022.1\lib\win64.o\librdi_commonversion.dll
0x00007ff8e56c0000 - 0x00007ff8e56e1000 	C:\Xilinx\Vivado\2022.1\lib\win64.o\libboost_filesystem.dll
0x00007ff8ed650000 - 0x00007ff8ed6fe000 	C:\WINDOWS\System32\ADVAPI32.dll
0x00007ff8ec3e0000 - 0x00007ff8ec47e000 	C:\WINDOWS\System32\msvcrt.dll
0x00007ff8ed4c0000 - 0x00007ff8ed55c000 	C:\WINDOWS\System32\sechost.dll
0x00007ff8ecd10000 - 0x00007ff8ece35000 	C:\WINDOWS\System32\RPCRT4.dll
0x00007ff8875a0000 - 0x00007ff88892c000 	C:\Xilinx\Vivado\2022.1\lib\win64.o\librdi_common.dll
0x00007ff8d5920000 - 0x00007ff8d5ad5000 	C:\Xilinx\Vivado\2022.1\lib\win64.o\librdi_commonxillic.dll
0x00007ff8ed250000 - 0x00007ff8ed3ed000 	C:\WINDOWS\System32\USER32.dll
0x00007ff8ebc70000 - 0x00007ff8ebc92000 	C:\WINDOWS\System32\win32u.dll
0x00007ff8ed7b0000 - 0x00007ff8ed7db000 	C:\WINDOWS\System32\GDI32.dll
0x00007ff8ebed0000 - 0x00007ff8ebfdf000 	C:\WINDOWS\System32\gdi32full.dll
0x00007ff8ec480000 - 0x00007ff8ecbc3000 	C:\WINDOWS\System32\SHELL32.dll
0x00007ff8ebe30000 - 0x00007ff8ebecd000 	C:\WINDOWS\System32\msvcp_win.dll
0x00007ff8ec370000 - 0x00007ff8ec3db000 	C:\WINDOWS\System32\WS2_32.dll
0x0000000066ef0000 - 0x000000006701b000 	C:\Xilinx\Vivado\2022.1\lib\win64.o\tcl85t.dll
0x00007ff8ebca0000 - 0x00007ff8ebcc7000 	C:\WINDOWS\System32\bcrypt.dll
0x00007ff8e5680000 - 0x00007ff8e5691000 	C:\Xilinx\Vivado\2022.1\lib\win64.o\libboost_date_time.dll
0x00007ff8d58a0000 - 0x00007ff8d5919000 	C:\Xilinx\Vivado\2022.1\lib\win64.o\libboost_program_options.dll
0x00007ff8c4fb0000 - 0x00007ff8c531e000 	C:\Xilinx\Vivado\2022.1\lib\win64.o\libCOIN-all.dll
0x00007ff8d56d0000 - 0x00007ff8d57e4000 	C:\Xilinx\Vivado\2022.1\lib\win64.o\libboost_regex.dll
0x00007ff8e5530000 - 0x00007ff8e554c000 	C:\Xilinx\Vivado\2022.1\lib\win64.o\libboost_thread.dll
0x00007ff8e5980000 - 0x00007ff8e598c000 	C:\Xilinx\Vivado\2022.1\lib\win64.o\libboost_xilinx.dll
0x00007ff8d5640000 - 0x00007ff8d56c2000 	C:\Xilinx\Vivado\2022.1\lib\win64.o\libhdlpsolve.dll
0x00007ff8846a0000 - 0x00007ff8849b6000 	C:\Xilinx\Vivado\2022.1\lib\win64.o\libXil_lmgr11.dll
0x00007ff8ed160000 - 0x00007ff8ed23a000 	C:\WINDOWS\System32\COMDLG32.dll
0x00007ff8807b0000 - 0x00007ff8815f5000 	C:\Xilinx\Vivado\2022.1\lib\win64.o\libisl_iostreams.dll
0x00007ff8ed920000 - 0x00007ff8edc74000 	C:\WINDOWS\System32\combase.dll
0x00007ff8ec1a0000 - 0x00007ff8ec24d000 	C:\WINDOWS\System32\shcore.dll
0x00007ff8d52a0000 - 0x00007ff8d5345000 	C:\Xilinx\Vivado\2022.1\lib\win64.o\libhdxml.dll
0x00007ff8ecff0000 - 0x00007ff8ed045000 	C:\WINDOWS\System32\SHLWAPI.dll
0x00007ff8ed3f0000 - 0x00007ff8ed4bd000 	C:\WINDOWS\System32\OLEAUT32.dll
0x00007ff8ecbe0000 - 0x00007ff8ecd0a000 	C:\WINDOWS\System32\ole32.dll
0x00007ff8ec120000 - 0x00007ff8ec189000 	C:\WINDOWS\System32\WINTRUST.dll
0x00007ff8ebcd0000 - 0x00007ff8ebe26000 	C:\WINDOWS\System32\CRYPT32.dll
0x00007ff8da390000 - 0x00007ff8da3ba000 	C:\Xilinx\Vivado\2022.1\lib\win64.o\libisl_sysinfo.dll
0x00007ff8e5510000 - 0x00007ff8e552a000 	C:\Xilinx\Vivado\2022.1\lib\win64.o\pthreadVC2.dll
0x00007ff8d5230000 - 0x00007ff8d5295000 	C:\Xilinx\Vivado\2022.1\lib\win64.o\liblmx6.0.dll
0x00007ff8da370000 - 0x00007ff8da38c000 	C:\Xilinx\Vivado\2022.1\lib\win64.o\librdiconfig.dll
0x00007ff8e3f80000 - 0x00007ff8e3f99000 	C:\WINDOWS\SYSTEM32\NETAPI32.dll
0x00007ff8e2920000 - 0x00007ff8e2df9000 	C:\WINDOWS\SYSTEM32\WININET.dll
0x00007ff8e5870000 - 0x00007ff8e597d000 	C:\WINDOWS\SYSTEM32\WINHTTP.dll
0x00007ff8e42a0000 - 0x00007ff8e448d000 	C:\WINDOWS\SYSTEM32\urlmon.dll
0x00007ff8d5870000 - 0x00007ff8d5891000 	C:\Xilinx\Vivado\2022.1\lib\win64.o\librdizlib.dll
0x00007ff8c55a0000 - 0x00007ff8c55a9000 	C:\WINDOWS\SYSTEM32\WSOCK32.dll
0x00007ff8d5600000 - 0x00007ff8d5631000 	C:\WINDOWS\SYSTEM32\VCOMP140.DLL
0x00007ff8d4e10000 - 0x00007ff8d50d1000 	C:\Xilinx\Vivado\2022.1\lib\win64.o\xerces-c_3_2.dll
0x00007ff8d5850000 - 0x00007ff8d5868000 	C:\Xilinx\Vivado\2022.1\lib\win64.o\libboost_iostreams.dll
0x00007ff8da180000 - 0x00007ff8da230000 	C:\WINDOWS\WinSxS\amd64_microsoft.windows.common-controls_6595b64144ccf1df_5.82.19041.1110_none_792d1c772443f647\COMCTL32.dll
0x00007ff8eb740000 - 0x00007ff8eb76e000 	C:\WINDOWS\SYSTEM32\USERENV.dll
0x00007ff8e66e0000 - 0x00007ff8e66fd000 	C:\WINDOWS\SYSTEM32\dhcpcsvc.DLL
0x00007ff8da730000 - 0x00007ff8da9e1000 	C:\WINDOWS\SYSTEM32\iertutil.dll
0x00007ff8e3f50000 - 0x00007ff8e3f78000 	C:\WINDOWS\SYSTEM32\srvcli.dll
0x00007ff8d5200000 - 0x00007ff8d5224000 	C:\Xilinx\Vivado\2022.1\lib\win64.o\libisl_iosutils.dll
0x00007ff8ead70000 - 0x00007ff8ead7c000 	C:\WINDOWS\SYSTEM32\netutils.dll
0x00007ff87e890000 - 0x00007ff8807a7000 	C:\Xilinx\Vivado\2022.1\lib\win64.o\gurobi90.dll
0x00007ff8ed5c0000 - 0x00007ff8ed616000 	C:\WINDOWS\System32\WLDAP32.dll
0x00007ff8ed240000 - 0x00007ff8ed248000 	C:\WINDOWS\System32\Normaliz.dll
0x00007ff8eaf20000 - 0x00007ff8eaf8a000 	C:\WINDOWS\SYSTEM32\MSWSOCK.DLL
0x00007ff8ed620000 - 0x00007ff8ed650000 	C:\WINDOWS\System32\IMM32.DLL
0x00007ff8eb3b0000 - 0x00007ff8eb3c2000 	C:\WINDOWS\SYSTEM32\MSASN1.dll
0x00007ff8e9640000 - 0x00007ff8e9652000 	C:\WINDOWS\SYSTEM32\kernel.appcore.dll
0x00007ff8822a0000 - 0x00007ff8827d2000 	C:\Xilinx\Vivado\2022.1\lib\win64.o\librdi_commontasks.dll
0x00007ff8e7080000 - 0x00007ff8e708a000 	C:\WINDOWS\SYSTEM32\VERSION.dll
0x00007ff882a10000 - 0x00007ff882d35c00 	C:\Xilinx\Vivado\2022.1\lib\win64.o\librdi_sio.dll
0x00007ff8eac10000 - 0x00007ff8eac4b000 	C:\WINDOWS\SYSTEM32\IPHLPAPI.DLL
0x00007ff87dd40000 - 0x00007ff87e88d000 	C:\Xilinx\Vivado\2022.1\tps\win64\jre11.0.11_9\bin\server\jvm.dll
0x00007ff8ec190000 - 0x00007ff8ec198000 	C:\WINDOWS\System32\PSAPI.DLL
0x00007ff8dafc0000 - 0x00007ff8dafe7000 	C:\WINDOWS\SYSTEM32\WINMM.dll
0x00007ff8eb700000 - 0x00007ff8eb732000 	C:\WINDOWS\SYSTEM32\SspiCli.dll
0x00007ff8cf490000 - 0x00007ff8cf4a7000 	C:\WINDOWS\system32\napinsp.dll
0x00007ff8cf470000 - 0x00007ff8cf48b000 	C:\WINDOWS\system32\pnrpnsp.dll
0x00007ff8cf450000 - 0x00007ff8cf465000 	C:\WINDOWS\system32\wshbth.dll
0x00007ff8e6c70000 - 0x00007ff8e6c8d000 	C:\WINDOWS\system32\NLAapi.dll
0x00007ff8eac50000 - 0x00007ff8ead1a000 	C:\WINDOWS\SYSTEM32\DNSAPI.dll
0x00007ff8ecbd0000 - 0x00007ff8ecbd8000 	C:\WINDOWS\System32\NSI.dll
0x00007ff8cf430000 - 0x00007ff8cf442000 	C:\WINDOWS\System32\winrnr.dll
0x0000000063560000 - 0x0000000063569000 	C:\Program Files\National Instruments\Shared\mDNS Responder\nimdnsNSP.dll
0x0000000063550000 - 0x000000006355c000 	C:\WINDOWS\SYSTEM32\nimdnsResponder.dll
0x0000000068a90000 - 0x0000000068b33000 	C:\WINDOWS\WinSxS\amd64_microsoft.vc90.crt_1fc8b3b9a1e18e3b_9.0.30729.9625_none_08e1c10da83fbc83\MSVCR90.dll
0x00000000685d0000 - 0x00000000685f6000 	C:\Program Files\Bonjour\mdnsNSP.dll
0x00007ff8e9920000 - 0x00007ff8ea0b1000 	C:\WINDOWS\SYSTEM32\windows.storage.dll
0x00007ff8eb1b0000 - 0x00007ff8eb1e0000 	C:\WINDOWS\SYSTEM32\Wldp.dll
0x00007ff87b0f0000 - 0x00007ff87dd37000 	C:\Xilinx\Vivado\2022.1\lib\win64.o\librdi_tcltasks.dll
0x00007ff8d51b0000 - 0x00007ff8d51f4000 	C:\Xilinx\Vivado\2022.1\lib\win64.o\libboost_serialization.dll
0x00007ff8b3740000 - 0x00007ff8b3901000 	C:\Xilinx\Vivado\2022.1\lib\win64.o\librdi_board.dll
0x00007ff87ac20000 - 0x00007ff87b0ef000 	C:\Xilinx\Vivado\2022.1\lib\win64.o\librdi_bitstream.dll
0x00007ff8d4d30000 - 0x00007ff8d4db0000 	C:\Xilinx\Vivado\2022.1\lib\win64.o\librdi_boarddep.dll
0x00007ff8cf170000 - 0x00007ff8cf296000 	C:\Xilinx\Vivado\2022.1\lib\win64.o\librdi_chipscope.dll
0x00007ff8b0b80000 - 0x00007ff8b0d76000 	C:\Xilinx\Vivado\2022.1\lib\win64.o\librdi_chipscopeimpl.dll
0x00007ff8cbe00000 - 0x00007ff8cbf65000 	C:\Xilinx\Vivado\2022.1\lib\win64.o\librdi_containers.dll
0x00007ff878b80000 - 0x00007ff87ac1d000 	C:\Xilinx\Vivado\2022.1\lib\win64.o\librdi_constraints.dll
0x00007ff875eb0000 - 0x00007ff8765d5000 	C:\Xilinx\Vivado\2022.1\lib\win64.o\librdi_coregenipxact.dll
0x00007ff8765e0000 - 0x00007ff878b7f000 	C:\Xilinx\Vivado\2022.1\lib\win64.o\librdi_coregen.dll
0x00007ff869210000 - 0x00007ff86b1fa000 	C:\Xilinx\Vivado\2022.1\lib\win64.o\librdi_designutils.dll
0x00007ff875b30000 - 0x00007ff875eac000 	C:\Xilinx\Vivado\2022.1\lib\win64.o\librdi_dlyest.dll
0x00007ff875470000 - 0x00007ff875b2b000 	C:\Xilinx\Vivado\2022.1\lib\win64.o\librdi_drc.dll
0x00007ff8cd820000 - 0x00007ff8cd8d4000 	C:\Xilinx\Vivado\2022.1\lib\win64.o\librdi_dsp.dll
0x00007ff8723e0000 - 0x00007ff872a6f000 	C:\Xilinx\Vivado\2022.1\lib\win64.o\librdi_filemgmt.dll
0x00007ff8d4cc0000 - 0x00007ff8d4d29000 	C:\Xilinx\Vivado\2022.1\lib\win64.o\librdi_hdf.dll
0x00007ff875140000 - 0x00007ff875466000 	C:\Xilinx\Vivado\2022.1\lib\win64.o\librdi_guitools.dll
0x00007ff872120000 - 0x00007ff8723d7000 	C:\Xilinx\Vivado\2022.1\lib\win64.o\librdi_hip_devdesign.dll
0x00007ff8c60c0000 - 0x00007ff8c6208000 	C:\Xilinx\Vivado\2022.1\lib\win64.o\librdi_hip_perf_analysis.dll
0x00007ff8683a0000 - 0x00007ff869208000 	C:\Xilinx\Vivado\2022.1\lib\win64.o\librdi_implflow.dll
0x00007ff8677f0000 - 0x00007ff868393000 	C:\Xilinx\Vivado\2022.1\lib\win64.o\librdi_ippcw.dll
0x00007ff8670c0000 - 0x00007ff8677f0000 	C:\Xilinx\Vivado\2022.1\lib\win64.o\librdi_lopt.dll
0x00007ff8cccb0000 - 0x00007ff8ccd24000 	C:\Xilinx\Vivado\2022.1\lib\win64.o\librdi_memoryarray.dll
0x00007ff86b810000 - 0x00007ff86be61000 	C:\Xilinx\Vivado\2022.1\lib\win64.o\librdi_memdata.dll
0x00007ff8642b0000 - 0x00007ff864a0f000 	C:\Xilinx\Vivado\2022.1\lib\win64.o\librdi_netlist.dll
0x00007ff8d36b0000 - 0x00007ff8d3707000 	C:\Xilinx\Vivado\2022.1\lib\win64.o\librdi_pfi.dll
0x00007ff864a10000 - 0x00007ff8670b3000 	C:\Xilinx\Vivado\2022.1\lib\win64.o\librdi_mig.dll
0x00007ff860f00000 - 0x00007ff861327000 	C:\Xilinx\Vivado\2022.1\lib\win64.o\librdi_platform.dll
0x00007ff861330000 - 0x00007ff8642a9000 	C:\Xilinx\Vivado\2022.1\lib\win64.o\librdi_place.dll
0x00007ff860640000 - 0x00007ff860eff000 	C:\Xilinx\Vivado\2022.1\lib\win64.o\librdi_power.dll
0x00007ff85fef0000 - 0x00007ff86063a000 	C:\Xilinx\Vivado\2022.1\lib\win64.o\librdi_project.dll
0x00007ff85f7b0000 - 0x00007ff85fee4000 	C:\Xilinx\Vivado\2022.1\lib\win64.o\librdi_psta.dll
0x00007ff85eeb0000 - 0x00007ff85f7a9000 	C:\Xilinx\Vivado\2022.1\lib\win64.o\librdi_rsb.dll
0x00007ff85e950000 - 0x00007ff85eeac000 	C:\Xilinx\Vivado\2022.1\lib\win64.o\librdi_runs.dll
0x00007ff8c5390000 - 0x00007ff8c54a9000 	C:\Xilinx\Vivado\2022.1\lib\win64.o\librdi_runsbase.dll

dbghelp: loaded successfully - version: 4.0.5 - missing functions: none
symbol engine: initialized successfully - sym options: 0x614 - pdb path: .;C:\Xilinx\Vivado\2022.1\bin\unwrapped\win64.o;C:\WINDOWS\SYSTEM32;C:\Xilinx\Vivado\2022.1\lib\win64.o;C:\WINDOWS\WinSxS\amd64_microsoft.windows.common-controls_6595b64144ccf1df_5.82.19041.1110_none_792d1c772443f647;C:\Xilinx\Vivado\2022.1\tps\win64\jre11.0.11_9\bin\server;C:\Program Files\National Instruments\Shared\mDNS Responder;C:\WINDOWS\WinSxS\amd64_microsoft.vc90.crt_1fc8b3b9a1e18e3b_9.0.30729.9625_none_08e1c10da83fbc83;C:\Program Files\Bonjour;C:\Xilinx\Vivado\2022.1\tps\win64\python-3.8.3;C:\Xilinx\Vivado\2022.1\tps\win64\jre11.0.11_9\bin;C:\WINDOWS\WinSxS\amd64_microsoft.windows.common-controls_6595b64144ccf1df_6.0.19041.1110_none_60b5254171f9507e;C:\Windows\System32\IME\IMEKR;C:\Windows\System32\IME\shared;C:\WINDOWS\WinSxS\amd64_microsoft.windows.gdiplus_6595b64144ccf1df_1.1.19041.2130_none_91a21aa0cc89fa21

VM Arguments:
jvm_args: -Dsun.java2d.pmoffscreen=false -Dhttps.protocols=TLSv1,TLSv1.1,TLSv1.2 -Dsun.java2d.xrender=false -Dsun.java2d.d3d=false -Dsun.awt.nopixfmt=true -Dsun.java2d.dpiaware=true -Dsun.java2d.uiScale.enabled=false -Xverify:none -Dswing.aatext=true -XX:-UsePerfData -Djdk.map.althashing.threshold=512 -XX:StringTableSize=4072 --add-opens=java.desktop/com.sun.awt=ALL-UNNAMED --add-opens=java.desktop/javax.swing.plaf.synth=ALL-UNNAMED --add-opens=java.base/java.nio=ALL-UNNAMED --add-opens=java.desktop/sun.swing=ALL-UNNAMED --add-opens=java.desktop/javax.swing=ALL-UNNAMED --add-opens=java.desktop/javax.swing.tree=ALL-UNNAMED --add-opens=java.desktop/javax.swing.plaf.basic=ALL-UNNAMED --add-opens=java.desktop/javax.swing.plaf.synth=ALL-UNNAMED --add-opens=java.desktop/javax.swing.plaf.basic=ALL-UNNAMED --add-opens=java.desktop/javax.swing=ALL-UNNAMED --add-opens=java.desktop/javax.swing.tree=ALL-UNNAMED --add-opens=java.desktop/java.awt.event=ALL-UNNAMED --add-exports=java.desktop/javax.swing.plaf.synth=ALL-UNNAMED --add-exports=java.base/java.nio=ALL-UNNAMED --add-exports=java.desktop/sun.swing=ALL-UNNAMED --add-exports=java.desktop/javax.swing=ALL-UNNAMED --add-exports=java.desktop/javax.swing.tree=ALL-UNNAMED --add-exports=java.desktop/javax.swing.plaf.basic=ALL-UNNAMED --add-exports=java.desktop/sun.swing=ALL-UNNAMED --add-exports=java.desktop/sun.swing.table=ALL-UNNAMED --add-exports=java.desktop/sun.swing.plaf.synth=ALL-UNNAMED --add-exports=java.desktop/sun.awt.shell=ALL-UNNAMED --add-exports=java.base/sun.security.action=ALL-UNNAMED --add-exports=java.desktop/sun.font=ALL-UNNAMED -XX:NewSize=60m -XX:MaxNewSize=60m -Xms256m -Xmx3072m -Xss5m 
java_command: <unknown>
java_class_path (initial): C:/Xilinx/Vivado/2022.1\lib\classes\alloy.jar;C:/Xilinx/Vivado/2022.1\lib\classes\autoesl-models.jar;C:/Xilinx/Vivado/2022.1\lib\classes\batik-anim.jar;C:/Xilinx/Vivado/2022.1\lib\classes\batik-awt-util.jar;C:/Xilinx/Vivado/2022.1\lib\classes\batik-bridge.jar;C:/Xilinx/Vivado/2022.1\lib\classes\batik-codec.jar;C:/Xilinx/Vivado/2022.1\lib\classes\batik-css.jar;C:/Xilinx/Vivado/2022.1\lib\classes\batik-dom.jar;C:/Xilinx/Vivado/2022.1\lib\classes\batik-ext.jar;C:/Xilinx/Vivado/2022.1\lib\classes\batik-gui-util.jar;C:/Xilinx/Vivado/2022.1\lib\classes\batik-gvt.jar;C:/Xilinx/Vivado/2022.1\lib\classes\batik-parser.jar;C:/Xilinx/Vivado/2022.1\lib\classes\batik-script.jar;C:/Xilinx/Vivado/2022.1\lib\classes\batik-svg-dom.jar;C:/Xilinx/Vivado/2022.1\lib\classes\batik-svggen.jar;C:/Xilinx/Vivado/2022.1\lib\classes\batik-swing.jar;C:/Xilinx/Vivado/2022.1\lib\classes\batik-transcoder.jar;C:/Xilinx/Vivado/2022.1\lib\classes\batik-util.jar;C:/Xilinx/Vivado/2022.1\lib\classes\batik-xml.jar;C:/Xilinx/Vivado/2022.1\lib\classes\com.fasterxml.jackson.core.jackson-annotations_2.12.1.v20210128-1726.jar;C:/Xilinx/Vivado/2022.1\lib\classes\com.fasterxml.jackson.core.jackson-core_2.12.1.v20210128-1726.jar;C:/Xilinx/Vivado/2022.1\lib\classes\com.fasterxml.jackson.core.jackson-databind_2.12.1.v20210128-1726.jar;C:/Xilinx/Vivado/2022.1\lib\classes\com.google.gson_2.8.7.v20210624-1215.jar;C:/Xilinx/Vivado/2022.1\lib\classes\com.google.guava_30.1.0.v20210127-2300.jar;C:/Xilinx/Vivado/2022.1\lib\classes\com.sigasi.hdt.connection_4.15.0.202201101137.jar;C:/Xilinx/Vivado/2022.1\lib\classes\com.sigasi.hdt.epl_4.15.0.202201101137.jar;C:/Xilinx/Vivado/2022.1\lib\classes\com.sigasi.hdt.project_4.15.0.202201101137.jar;C:/Xilinx/Vivado/2022.1\lib\classes\com.sigasi.hdt.readonlyfilesystem_4.15.0.202201101137.jar;C:/Xilinx/Vivado/2022.1\lib\classes\com.sigasi.hdt.shared_4.15.0.202201101137.jar;C:/Xilinx/Vivado/2022.1\lib\classes\com.sigasi.lcm_4.15.0.202201101137.jar;C:/Xilinx
Launcher Type: generic

[Global flags]
     bool BytecodeVerificationLocal                = false                                     {product} {command line}
     bool BytecodeVerificationRemote               = false                                     {product} {command line}
     intx CICompilerCount                          = 3                                         {product} {ergonomic}
     uint ConcGCThreads                            = 2                                         {product} {ergonomic}
     uint G1ConcRefinementThreads                  = 6                                         {product} {ergonomic}
   size_t G1HeapRegionSize                         = 1048576                                   {product} {ergonomic}
    uintx GCDrainStackTargetSize                   = 64                                        {product} {ergonomic}
   size_t InitialHeapSize                          = 268435456                                 {product} {command line}
   size_t MarkStackSize                            = 4194304                                   {product} {ergonomic}
   size_t MaxHeapSize                              = 3221225472                                {product} {command line}
   size_t MaxNewSize                               = 62914560                                  {product} {command line}
   size_t MinHeapDeltaBytes                        = 1048576                                   {product} {ergonomic}
   size_t NewSize                                  = 62914560                                  {product} {command line}
    uintx NonNMethodCodeHeapSize                   = 5830732                                {pd product} {ergonomic}
    uintx NonProfiledCodeHeapSize                  = 122913754                              {pd product} {ergonomic}
    uintx ProfiledCodeHeapSize                     = 122913754                              {pd product} {ergonomic}
    uintx ReservedCodeCacheSize                    = 251658240                              {pd product} {ergonomic}
     bool SegmentedCodeCache                       = true                                      {product} {ergonomic}
    uintx StringTableSize                          = 4072                                      {product} {command line}
     intx ThreadStackSize                          = 5120                                   {pd product} {command line}
     bool UseCompressedClassPointers               = true                                 {lp64_product} {ergonomic}
     bool UseCompressedOops                        = true                                 {lp64_product} {ergonomic}
     bool UseG1GC                                  = true                                      {product} {ergonomic}
     bool UseLargePagesIndividualAllocation        = false                                  {pd product} {ergonomic}
     bool UsePerfData                              = false                                     {product} {command line}

Logging:
Log output configuration:
 #0: stdout all=warning uptime,level,tags
 #1: stderr all=off uptime,level,tags

Environment Variables:
PATH=C:/Xilinx/Vivado/2022.1/bin;C:/Xilinx/Vivado/2022.1/tps/win64/java-cef-78.3.9.242/bin/lib/win64;C:/Xilinx/Vivado/2022.1/tps/win64/javafx-sdk-11.0.2/lib;C:/Xilinx/Vivado/2022.1/tps/win64/javafx-sdk-11.0.2/bin;C:/Xilinx/Vivado/2022.1/lib/win64.o;C:/Xilinx/Vivado/2022.1/tps/win64/jre11.0.11_9/bin/server;C:/Xilinx/Vivado/2022.1/tps/win64/jre11.0.11_9/bin;C:/Xilinx/Vivado/2022.1/ids_lite/ISE/bin/nt64;C:/Xilinx/Vivado/2022.1/ids_lite/ISE/lib/nt64;C:/Xilinx/Vitis_HLS/2022.1/bin;C:\Program Files\NVIDIA GPU Computing Toolkit\CUDA\v11.3\bin;C:\Program Files\NVIDIA GPU Computing Toolkit\CUDA\v11.3\libnvvp;C:\Program Files (x86)\NVIDIA Corporation\PhysX\Common;C:\Program Files\Common Files\Oracle\Java\javapath;C:\Program Files (x86)\Common Files\Oracle\Java\javapath;C:\WINDOWS\system32;C:\WINDOWS;C:\WINDOWS\System32\Wbem;C:\WINDOWS\System32\WindowsPowerShell\v1.0\;C:\WINDOWS\System32\OpenSSH\;C:\Program Files\PuTTY\;C:\Program Files (x86)\NetSarang\Xmanager 7\;C:\Program Files\MATLAB\R2022a\bin;C:\Strawberry\c\bin;C:\Strawberry\perl\site\bin;C:\Strawberry\perl\bin;C:\Program Files\Microsoft SQL Server\Client SDK\ODBC\110\Tools\Binn\;C:\Program Files (x86)\Microsoft SQL Server\120\Tools\Binn\;C:\Program Files\Microsoft SQL Server\120\Tools\Binn\;C:\Program Files\Microsoft SQL Server\120\DTS\Binn\;C:\Program Files (x86)\Windows Kits\8.1\Windows Performance Toolkit\;C:\Cadence\SPB_16.6\tools\specctra\bin;C:\Cadence\SPB_16.6\tools\pspice;C:\Cadence\SPB_16.6\tools\capture;C:\Cadence\SPB_16.6\tools\fet\bin;C:\Cadence\SPB_16.6\openaccess\bin\win32\opt;C:\Cadence\SPB_16.6\tools\bin;C:\Cadence\SPB_16.6\tools\pcb\bin;C:\Program Files\NVIDIA Corporation\Nsight Compute 2021.1.0\;C:\Program Files (x86)\ZeinSoft\ComVoy\2.0\agent;C:\Users\ECE\AppData\Local\Microsoft\WindowsApps;C:\Program Files (x86)\SSH Communications Security\SSH Secure Shell;C:\Users\ECE\AppData\Local\Programs\Microsoft VS Code\bin;C:/Xilinx/Vivado/2022.1\tps\mingw\6.2.0\win64.o\nt\bin;C:/Xilinx/Vivado/2022.1\tps\mingw\6
USERNAME=ECE
OS=Windows_NT
PROCESSOR_IDENTIFIER=Intel64 Family 6 Model 158 Stepping 10, GenuineIntel



---------------  S Y S T E M  ---------------

OS: Windows 10 , 64 bit Build 19041 (10.0.19041.1889)
OS uptime: 2 days 17:32 hours

CPU:total 6 (initial active 6) (6 cores per cpu, 1 threads per core) family 6 model 158 stepping 10 microcode 0xb4, cmov, cx8, fxsr, mmx, sse, sse2, sse3, ssse3, sse4.1, sse4.2, popcnt, avx, avx2, aes, clmul, erms, rtm, 3dnowpref, lzcnt, tsc, tscinvbit, bmi1, bmi2, adx, fma

Memory: 4k page, system-wide physical 8072M (941M free)
TotalPageFile size 32648M (AvailPageFile size 2M)
current process WorkingSet (physical memory assigned to process): 185M, peak: 1259M
current process commit charge ("private bytes"): 1093M, peak: 1221M

vm_info: OpenJDK 64-Bit Server VM (11.0.11+9) for windows-amd64 JRE (11.0.11+9), built on Apr  9 2021 19:32:08 by "" with MS VC++ 15.5 (VS2017)

END.
