Vivado Simulator 2019.1
Time resolution is 1 ps
 Block Memory Generator module loading initial data...
 Block Memory Generator data initialization complete.
Block Memory Generator module bram_tb.DUT.ROM.inst.native_mem_module.blk_mem_gen_v8_4_3_inst is using a behavioral model for simulation which will not precisely model memory collision behavior.
Block Memory Generator module bram_tb.DUT.RAM.inst.native_mem_module.blk_mem_gen_v8_4_3_inst is using a behavioral model for simulation which will not precisely model memory collision behavior.
en_rom : 1, addr_rom : 1023, clka: 1, dout_rom :  32
en_rom : 1, addr_rom : 1022, clka: 1, dout_rom :  41
en_rom : 1, addr_rom : 1021, clka: 1, dout_rom : 151
en_rom : 1, addr_rom : 1020, clka: 1, dout_rom : 243
en_rom : 1, addr_rom : 1019, clka: 1, dout_rom : 161
en_rom : 1, addr_rom : 1018, clka: 1, dout_rom : 123
en_rom : 1, addr_rom : 1017, clka: 1, dout_rom : 207
en_rom : 1, addr_rom : 1016, clka: 1, dout_rom : 209
en_rom : 1, addr_rom : 1015, clka: 1, dout_rom :   2
en_rom : 1, addr_rom : 1014, clka: 1, dout_rom : 122
en_rom : 1, addr_rom : 1013, clka: 1, dout_rom :  35
en_rom : 1, addr_rom : 1012, clka: 1, dout_rom : 121
en_rom : 1, addr_rom : 1011, clka: 1, dout_rom :  56
en_rom : 1, addr_rom : 1010, clka: 1, dout_rom :  42
en_rom : 1, addr_rom : 1009, clka: 1, dout_rom : 191
en_rom : 1, addr_rom : 1008, clka: 1, dout_rom : 203
en_rom : 1, addr_rom : 1007, clka: 1, dout_rom : 108
en_rom : 1, addr_rom : 1006, clka: 1, dout_rom :  42
en_rom : 1, addr_rom : 1005, clka: 1, dout_rom :  41
en_rom : 1, addr_rom : 1004, clka: 1, dout_rom : 143
en_rom : 1, addr_rom : 1003, clka: 1, dout_rom :  61
en_rom : 1, addr_rom : 1002, clka: 1, dout_rom : 174
en_rom : 1, addr_rom : 1001, clka: 1, dout_rom :  97
en_rom : 1, addr_rom : 1000, clka: 1, dout_rom : 182
en_rom : 1, addr_rom :  999, clka: 1, dout_rom :  29
en_rom : 1, addr_rom :  998, clka: 1, dout_rom : 186
en_rom : 1, addr_rom :  997, clka: 1, dout_rom : 230
en_rom : 1, addr_rom :  996, clka: 1, dout_rom : 176
en_rom : 1, addr_rom :  995, clka: 1, dout_rom : 214
en_rom : 1, addr_rom :  994, clka: 1, dout_rom : 138
en_rom : 1, addr_rom :  993, clka: 1, dout_rom :  13
en_rom : 1, addr_rom :  992, clka: 1, dout_rom : 118
en_rom : 1, addr_rom :  991, clka: 1, dout_rom : 237
en_rom : 1, addr_rom :  990, clka: 1, dout_rom : 169
en_rom : 1, addr_rom :  989, clka: 1, dout_rom : 216
en_rom : 1, addr_rom :  988, clka: 1, dout_rom :  53
en_rom : 1, addr_rom :  987, clka: 1, dout_rom :  79
en_rom : 1, addr_rom :  986, clka: 1, dout_rom : 115
en_rom : 1, addr_rom :  985, clka: 1, dout_rom :   1
en_rom : 1, addr_rom :  984, clka: 1, dout_rom :  29
en_rom : 1, addr_rom :  983, clka: 1, dout_rom : 197
en_rom : 1, addr_rom :  982, clka: 1, dout_rom : 129
en_rom : 1, addr_rom :  981, clka: 1, dout_rom : 166
en_rom : 1, addr_rom :  980, clka: 1, dout_rom : 162
en_rom : 1, addr_rom :  979, clka: 1, dout_rom :  38
en_rom : 1, addr_rom :  978, clka: 1, dout_rom :  61
en_rom : 1, addr_rom :  977, clka: 1, dout_rom : 215
en_rom : 1, addr_rom :  976, clka: 1, dout_rom : 146
en_rom : 1, addr_rom :  975, clka: 1, dout_rom :  13
en_rom : 1, addr_rom :  974, clka: 1, dout_rom :  91
en_rom : 1, addr_rom :  973, clka: 1, dout_rom : 201
en_rom : 1, addr_rom :  972, clka: 1, dout_rom :  82
en_rom : 1, addr_rom :  971, clka: 1, dout_rom : 252
en_rom : 1, addr_rom :  970, clka: 1, dout_rom : 134
en_rom : 1, addr_rom :  969, clka: 1, dout_rom : 185
en_rom : 1, addr_rom :  968, clka: 1, dout_rom :  85
en_rom : 1, addr_rom :  967, clka: 1, dout_rom :  26
en_rom : 1, addr_rom :  966, clka: 1, dout_rom : 245
en_rom : 1, addr_rom :  965, clka: 1, dout_rom :  25
en_rom : 1, addr_rom :  964, clka: 1, dout_rom : 253
en_rom : 1, addr_rom :  963, clka: 1, dout_rom : 184
en_rom : 1, addr_rom :  962, clka: 1, dout_rom : 140
en_rom : 1, addr_rom :  961, clka: 1, dout_rom :  61
en_rom : 1, addr_rom :  960, clka: 1, dout_rom : 162
en_rom : 1, addr_rom :  959, clka: 1, dout_rom : 236
en_rom : 1, addr_rom :  958, clka: 1, dout_rom :  50
en_rom : 1, addr_rom :  957, clka: 1, dout_rom :  20
en_rom : 1, addr_rom :  956, clka: 1, dout_rom : 197
en_rom : 1, addr_rom :  955, clka: 1, dout_rom : 158
en_rom : 1, addr_rom :  954, clka: 1, dout_rom : 142
en_rom : 1, addr_rom :  953, clka: 1, dout_rom :   3
en_rom : 1, addr_rom :  952, clka: 1, dout_rom : 102
en_rom : 1, addr_rom :  951, clka: 1, dout_rom : 188
en_rom : 1, addr_rom :  950, clka: 1, dout_rom :  12
en_rom : 1, addr_rom :  949, clka: 1, dout_rom : 138
en_rom : 1, addr_rom :  948, clka: 1, dout_rom : 141
en_rom : 1, addr_rom :  947, clka: 1, dout_rom : 100
en_rom : 1, addr_rom :  946, clka: 1, dout_rom :  99
en_rom : 1, addr_rom :  945, clka: 1, dout_rom : 206
en_rom : 1, addr_rom :  944, clka: 1, dout_rom :  74
en_rom : 1, addr_rom :  943, clka: 1, dout_rom :  94
en_rom : 1, addr_rom :  942, clka: 1, dout_rom : 173
en_rom : 1, addr_rom :  941, clka: 1, dout_rom :  78
en_rom : 1, addr_rom :  940, clka: 1, dout_rom :   7
en_rom : 1, addr_rom :  939, clka: 1, dout_rom :  19
en_rom : 1, addr_rom :  938, clka: 1, dout_rom : 226
en_rom : 1, addr_rom :  937, clka: 1, dout_rom :  28
en_rom : 1, addr_rom :  936, clka: 1, dout_rom : 117
en_rom : 1, addr_rom :  935, clka: 1, dout_rom : 213
en_rom : 1, addr_rom :  934, clka: 1, dout_rom : 246
en_rom : 1, addr_rom :  933, clka: 1, dout_rom : 130
en_rom : 1, addr_rom :  932, clka: 1, dout_rom :  54
en_rom : 1, addr_rom :  931, clka: 1, dout_rom :  10
en_rom : 1, addr_rom :  930, clka: 1, dout_rom :  26
en_rom : 1, addr_rom :  929, clka: 1, dout_rom : 117
en_rom : 1, addr_rom :  928, clka: 1, dout_rom :   2
en_rom : 1, addr_rom :  927, clka: 1, dout_rom : 237
en_rom : 1, addr_rom :  926, clka: 1, dout_rom :  33
en_rom : 1, addr_rom :  925, clka: 1, dout_rom :  51
en_rom : 1, addr_rom :  924, clka: 1, dout_rom : 221
en_rom : 1, addr_rom :  923, clka: 1, dout_rom :  67
en_rom : 1, addr_rom :  922, clka: 1, dout_rom : 227
en_rom : 1, addr_rom :  921, clka: 1, dout_rom : 123
en_rom : 1, addr_rom :  920, clka: 1, dout_rom : 217
en_rom : 1, addr_rom :  919, clka: 1, dout_rom :  71
en_rom : 1, addr_rom :  918, clka: 1, dout_rom :  41
en_rom : 1, addr_rom :  917, clka: 1, dout_rom : 234
en_rom : 1, addr_rom :  916, clka: 1, dout_rom :  50
en_rom : 1, addr_rom :  915, clka: 1, dout_rom :  69
en_rom : 1, addr_rom :  914, clka: 1, dout_rom : 232
en_rom : 1, addr_rom :  913, clka: 1, dout_rom :  71
en_rom : 1, addr_rom :  912, clka: 1, dout_rom : 213
en_rom : 1, addr_rom :  911, clka: 1, dout_rom : 159
en_rom : 1, addr_rom :  910, clka: 1, dout_rom :  52
en_rom : 1, addr_rom :  909, clka: 1, dout_rom : 231
en_rom : 1, addr_rom :  908, clka: 1, dout_rom :  24
en_rom : 1, addr_rom :  907, clka: 1, dout_rom : 201
en_rom : 1, addr_rom :  906, clka: 1, dout_rom :  11
en_rom : 1, addr_rom :  905, clka: 1, dout_rom :  43
en_rom : 1, addr_rom :  904, clka: 1, dout_rom :  59
en_rom : 1, addr_rom :  903, clka: 1, dout_rom : 119
en_rom : 1, addr_rom :  902, clka: 1, dout_rom :  54
en_rom : 1, addr_rom :  901, clka: 1, dout_rom :  99
en_rom : 1, addr_rom :  900, clka: 1, dout_rom : 184
en_rom : 1, addr_rom :  899, clka: 1, dout_rom : 216
en_rom : 1, addr_rom :  898, clka: 1, dout_rom :   9
en_rom : 1, addr_rom :  897, clka: 1, dout_rom : 200
en_rom : 1, addr_rom :  896, clka: 1, dout_rom :  58
en_rom : 1, addr_rom :  895, clka: 1, dout_rom : 229
en_rom : 1, addr_rom :  894, clka: 1, dout_rom : 191
en_rom : 1, addr_rom :  893, clka: 1, dout_rom : 245
en_rom : 1, addr_rom :  892, clka: 1, dout_rom :  36
en_rom : 1, addr_rom :  891, clka: 1, dout_rom : 137
en_rom : 1, addr_rom :  890, clka: 1, dout_rom : 221
en_rom : 1, addr_rom :  889, clka: 1, dout_rom : 101
en_rom : 1, addr_rom :  888, clka: 1, dout_rom : 231
en_rom : 1, addr_rom :  887, clka: 1, dout_rom :   6
en_rom : 1, addr_rom :  886, clka: 1, dout_rom :  11
en_rom : 1, addr_rom :  885, clka: 1, dout_rom : 175
en_rom : 1, addr_rom :  884, clka: 1, dout_rom :  18
en_rom : 1, addr_rom :  883, clka: 1, dout_rom : 110
en_rom : 1, addr_rom :  882, clka: 1, dout_rom :  81
en_rom : 1, addr_rom :  881, clka: 1, dout_rom : 117
en_rom : 1, addr_rom :  880, clka: 1, dout_rom : 105
en_rom : 1, addr_rom :  879, clka: 1, dout_rom : 112
en_rom : 1, addr_rom :  878, clka: 1, dout_rom : 159
en_rom : 1, addr_rom :  877, clka: 1, dout_rom : 139
en_rom : 1, addr_rom :  876, clka: 1, dout_rom :   0
en_rom : 1, addr_rom :  875, clka: 1, dout_rom :   8
en_rom : 1, addr_rom :  874, clka: 1, dout_rom : 148
en_rom : 1, addr_rom :  873, clka: 1, dout_rom : 254
en_rom : 1, addr_rom :  872, clka: 1, dout_rom : 236
en_rom : 1, addr_rom :  871, clka: 1, dout_rom :  85
en_rom : 1, addr_rom :  870, clka: 1, dout_rom :  90
en_rom : 1, addr_rom :  869, clka: 1, dout_rom : 135
en_rom : 1, addr_rom :  868, clka: 1, dout_rom : 222
en_rom : 1, addr_rom :  867, clka: 1, dout_rom :  31
en_rom : 1, addr_rom :  866, clka: 1, dout_rom :  97
en_rom : 1, addr_rom :  865, clka: 1, dout_rom : 191
en_rom : 1, addr_rom :  864, clka: 1, dout_rom : 240
en_rom : 1, addr_rom :  863, clka: 1, dout_rom : 150
en_rom : 1, addr_rom :  862, clka: 1, dout_rom :  87
en_rom : 1, addr_rom :  861, clka: 1, dout_rom : 201
en_rom : 1, addr_rom :  860, clka: 1, dout_rom : 243
en_rom : 1, addr_rom :  859, clka: 1, dout_rom :  35
en_rom : 1, addr_rom :  858, clka: 1, dout_rom : 203
en_rom : 1, addr_rom :  857, clka: 1, dout_rom : 249
en_rom : 1, addr_rom :  856, clka: 1, dout_rom : 211
en_rom : 1, addr_rom :  855, clka: 1, dout_rom : 169
en_rom : 1, addr_rom :  854, clka: 1, dout_rom : 179
en_rom : 1, addr_rom :  853, clka: 1, dout_rom :  72
en_rom : 1, addr_rom :  852, clka: 1, dout_rom : 119
en_rom : 1, addr_rom :  851, clka: 1, dout_rom :  76
en_rom : 1, addr_rom :  850, clka: 1, dout_rom : 223
en_rom : 1, addr_rom :  849, clka: 1, dout_rom : 142
en_rom : 1, addr_rom :  848, clka: 1, dout_rom :  84
en_rom : 1, addr_rom :  847, clka: 1, dout_rom :  59
en_rom : 1, addr_rom :  846, clka: 1, dout_rom : 231
en_rom : 1, addr_rom :  845, clka: 1, dout_rom : 142
en_rom : 1, addr_rom :  844, clka: 1, dout_rom :  83
en_rom : 1, addr_rom :  843, clka: 1, dout_rom : 187
en_rom : 1, addr_rom :  842, clka: 1, dout_rom : 189
en_rom : 1, addr_rom :  841, clka: 1, dout_rom : 198
en_rom : 1, addr_rom :  840, clka: 1, dout_rom :   5
en_rom : 1, addr_rom :  839, clka: 1, dout_rom : 251
en_rom : 1, addr_rom :  838, clka: 1, dout_rom : 209
en_rom : 1, addr_rom :  837, clka: 1, dout_rom :  24
en_rom : 1, addr_rom :  836, clka: 1, dout_rom : 161
en_rom : 1, addr_rom :  835, clka: 1, dout_rom : 163
en_rom : 1, addr_rom :  834, clka: 1, dout_rom : 161
en_rom : 1, addr_rom :  833, clka: 1, dout_rom : 204
en_rom : 1, addr_rom :  832, clka: 1, dout_rom :  76
en_rom : 1, addr_rom :  831, clka: 1, dout_rom :  19
en_rom : 1, addr_rom :  830, clka: 1, dout_rom : 199
en_rom : 1, addr_rom :  829, clka: 1, dout_rom :  63
en_rom : 1, addr_rom :  828, clka: 1, dout_rom :  96
en_rom : 1, addr_rom :  827, clka: 1, dout_rom :  13
en_rom : 1, addr_rom :  826, clka: 1, dout_rom : 106
en_rom : 1, addr_rom :  825, clka: 1, dout_rom :  39
en_rom : 1, addr_rom :  824, clka: 1, dout_rom : 252
en_rom : 1, addr_rom :  823, clka: 1, dout_rom : 224
en_rom : 1, addr_rom :  822, clka: 1, dout_rom :  65
en_rom : 1, addr_rom :  821, clka: 1, dout_rom :  90
en_rom : 1, addr_rom :  820, clka: 1, dout_rom :  50
en_rom : 1, addr_rom :  819, clka: 1, dout_rom : 102
en_rom : 1, addr_rom :  818, clka: 1, dout_rom : 162
en_rom : 1, addr_rom :  817, clka: 1, dout_rom : 107
en_rom : 1, addr_rom :  816, clka: 1, dout_rom :  91
en_rom : 1, addr_rom :  815, clka: 1, dout_rom :  43
en_rom : 1, addr_rom :  814, clka: 1, dout_rom :  15
en_rom : 1, addr_rom :  813, clka: 1, dout_rom : 244
en_rom : 1, addr_rom :  812, clka: 1, dout_rom : 243
en_rom : 1, addr_rom :  811, clka: 1, dout_rom :  57
en_rom : 1, addr_rom :  810, clka: 1, dout_rom : 156
en_rom : 1, addr_rom :  809, clka: 1, dout_rom :  37
en_rom : 1, addr_rom :  808, clka: 1, dout_rom :  53
en_rom : 1, addr_rom :  807, clka: 1, dout_rom : 205
en_rom : 1, addr_rom :  806, clka: 1, dout_rom : 201
en_rom : 1, addr_rom :  805, clka: 1, dout_rom :  74
en_rom : 1, addr_rom :  804, clka: 1, dout_rom :  89
en_rom : 1, addr_rom :  803, clka: 1, dout_rom :  42
en_rom : 1, addr_rom :  802, clka: 1, dout_rom : 117
en_rom : 1, addr_rom :  801, clka: 1, dout_rom : 151
en_rom : 1, addr_rom :  800, clka: 1, dout_rom :   1
en_rom : 1, addr_rom :  799, clka: 1, dout_rom : 113
en_rom : 1, addr_rom :  798, clka: 1, dout_rom : 152
en_rom : 1, addr_rom :  797, clka: 1, dout_rom :  28
en_rom : 1, addr_rom :  796, clka: 1, dout_rom : 211
en_rom : 1, addr_rom :  795, clka: 1, dout_rom :  18
en_rom : 1, addr_rom :  794, clka: 1, dout_rom : 207
en_rom : 1, addr_rom :  793, clka: 1, dout_rom :   0
en_rom : 1, addr_rom :  792, clka: 1, dout_rom : 240
en_rom : 1, addr_rom :  791, clka: 1, dout_rom : 246
en_rom : 1, addr_rom :  790, clka: 1, dout_rom : 108
en_rom : 1, addr_rom :  789, clka: 1, dout_rom : 242
en_rom : 1, addr_rom :  788, clka: 1, dout_rom : 107
en_rom : 1, addr_rom :  787, clka: 1, dout_rom :  48
en_rom : 1, addr_rom :  786, clka: 1, dout_rom :  13
en_rom : 1, addr_rom :  785, clka: 1, dout_rom : 218
en_rom : 1, addr_rom :  784, clka: 1, dout_rom : 129
en_rom : 1, addr_rom :  783, clka: 1, dout_rom : 128
en_rom : 1, addr_rom :  782, clka: 1, dout_rom : 179
en_rom : 1, addr_rom :  781, clka: 1, dout_rom : 103
en_rom : 1, addr_rom :  780, clka: 1, dout_rom : 148
en_rom : 1, addr_rom :  779, clka: 1, dout_rom : 184
en_rom : 1, addr_rom :  778, clka: 1, dout_rom :  62
en_rom : 1, addr_rom :  777, clka: 1, dout_rom : 219
en_rom : 1, addr_rom :  776, clka: 1, dout_rom : 214
en_rom : 1, addr_rom :  775, clka: 1, dout_rom :  58
en_rom : 1, addr_rom :  774, clka: 1, dout_rom : 105
en_rom : 1, addr_rom :  773, clka: 1, dout_rom : 215
en_rom : 1, addr_rom :  772, clka: 1, dout_rom :  82
en_rom : 1, addr_rom :  771, clka: 1, dout_rom :  59
en_rom : 1, addr_rom :  770, clka: 1, dout_rom : 170
en_rom : 1, addr_rom :  769, clka: 1, dout_rom : 252
en_rom : 1, addr_rom :  768, clka: 1, dout_rom :  78
en_rom : 1, addr_rom :  767, clka: 1, dout_rom : 127
en_rom : 1, addr_rom :  766, clka: 1, dout_rom : 227
en_rom : 1, addr_rom :  765, clka: 1, dout_rom : 149
en_rom : 1, addr_rom :  764, clka: 1, dout_rom : 105
en_rom : 1, addr_rom :  763, clka: 1, dout_rom : 112
en_rom : 1, addr_rom :  762, clka: 1, dout_rom : 200
en_rom : 1, addr_rom :  761, clka: 1, dout_rom : 118
en_rom : 1, addr_rom :  760, clka: 1, dout_rom :  66
en_rom : 1, addr_rom :  759, clka: 1, dout_rom : 190
en_rom : 1, addr_rom :  758, clka: 1, dout_rom :  38
en_rom : 1, addr_rom :  757, clka: 1, dout_rom : 187
en_rom : 1, addr_rom :  756, clka: 1, dout_rom :  21
en_rom : 1, addr_rom :  755, clka: 1, dout_rom :  67
en_rom : 1, addr_rom :  754, clka: 1, dout_rom : 251
en_rom : 1, addr_rom :  753, clka: 1, dout_rom : 103
en_rom : 1, addr_rom :  752, clka: 1, dout_rom : 111
en_rom : 1, addr_rom :  751, clka: 1, dout_rom : 162
en_rom : 1, addr_rom :  750, clka: 1, dout_rom : 128
en_rom : 1, addr_rom :  749, clka: 1, dout_rom :  66
en_rom : 1, addr_rom :  748, clka: 1, dout_rom : 198
en_rom : 1, addr_rom :  747, clka: 1, dout_rom : 147
en_rom : 1, addr_rom :  746, clka: 1, dout_rom : 210
en_rom : 1, addr_rom :  745, clka: 1, dout_rom :  37
en_rom : 1, addr_rom :  744, clka: 1, dout_rom : 211
en_rom : 1, addr_rom :  743, clka: 1, dout_rom : 197
en_rom : 1, addr_rom :  742, clka: 1, dout_rom :  87
en_rom : 1, addr_rom :  741, clka: 1, dout_rom :  36
en_rom : 1, addr_rom :  740, clka: 1, dout_rom : 216
en_rom : 1, addr_rom :  739, clka: 1, dout_rom :  89
en_rom : 1, addr_rom :  738, clka: 1, dout_rom :  20
en_rom : 1, addr_rom :  737, clka: 1, dout_rom :  20
en_rom : 1, addr_rom :  736, clka: 1, dout_rom : 126
en_rom : 1, addr_rom :  735, clka: 1, dout_rom : 194
en_rom : 1, addr_rom :  734, clka: 1, dout_rom : 192
en_rom : 1, addr_rom :  733, clka: 1, dout_rom : 146
en_rom : 1, addr_rom :  732, clka: 1, dout_rom : 225
en_rom : 1, addr_rom :  731, clka: 1, dout_rom :  30
en_rom : 1, addr_rom :  730, clka: 1, dout_rom : 254
en_rom : 1, addr_rom :  729, clka: 1, dout_rom :  39
en_rom : 1, addr_rom :  728, clka: 1, dout_rom : 172
en_rom : 1, addr_rom :  727, clka: 1, dout_rom : 101
en_rom : 1, addr_rom :  726, clka: 1, dout_rom : 214
en_rom : 1, addr_rom :  725, clka: 1, dout_rom :  48
en_rom : 1, addr_rom :  724, clka: 1, dout_rom : 136
en_rom : 1, addr_rom :  723, clka: 1, dout_rom : 234
en_rom : 1, addr_rom :  722, clka: 1, dout_rom : 203
en_rom : 1, addr_rom :  721, clka: 1, dout_rom : 210
en_rom : 1, addr_rom :  720, clka: 1, dout_rom : 129
en_rom : 1, addr_rom :  719, clka: 1, dout_rom : 254
en_rom : 1, addr_rom :  718, clka: 1, dout_rom : 226
en_rom : 1, addr_rom :  717, clka: 1, dout_rom : 154
en_rom : 1, addr_rom :  716, clka: 1, dout_rom : 113
en_rom : 1, addr_rom :  715, clka: 1, dout_rom : 136
en_rom : 1, addr_rom :  714, clka: 1, dout_rom : 159
en_rom : 1, addr_rom :  713, clka: 1, dout_rom :  60
en_rom : 1, addr_rom :  712, clka: 1, dout_rom : 118
en_rom : 1, addr_rom :  711, clka: 1, dout_rom :   0
en_rom : 1, addr_rom :  710, clka: 1, dout_rom : 159
en_rom : 1, addr_rom :  709, clka: 1, dout_rom :  95
en_rom : 1, addr_rom :  708, clka: 1, dout_rom : 126
en_rom : 1, addr_rom :  707, clka: 1, dout_rom : 233
en_rom : 1, addr_rom :  706, clka: 1, dout_rom : 136
en_rom : 1, addr_rom :  705, clka: 1, dout_rom : 182
en_rom : 1, addr_rom :  704, clka: 1, dout_rom : 244
en_rom : 1, addr_rom :  703, clka: 1, dout_rom : 158
en_rom : 1, addr_rom :  702, clka: 1, dout_rom : 241
en_rom : 1, addr_rom :  701, clka: 1, dout_rom :  81
en_rom : 1, addr_rom :  700, clka: 1, dout_rom : 246
en_rom : 1, addr_rom :  699, clka: 1, dout_rom :  39
en_rom : 1, addr_rom :  698, clka: 1, dout_rom : 116
en_rom : 1, addr_rom :  697, clka: 1, dout_rom : 132
en_rom : 1, addr_rom :  696, clka: 1, dout_rom : 209
en_rom : 1, addr_rom :  695, clka: 1, dout_rom :  75
en_rom : 1, addr_rom :  694, clka: 1, dout_rom : 190
en_rom : 1, addr_rom :  693, clka: 1, dout_rom :  37
en_rom : 1, addr_rom :  692, clka: 1, dout_rom : 206
en_rom : 1, addr_rom :  691, clka: 1, dout_rom : 180
en_rom : 1, addr_rom :  690, clka: 1, dout_rom : 216
en_rom : 1, addr_rom :  689, clka: 1, dout_rom : 101
en_rom : 1, addr_rom :  688, clka: 1, dout_rom :  99
en_rom : 1, addr_rom :  687, clka: 1, dout_rom : 156
en_rom : 1, addr_rom :  686, clka: 1, dout_rom : 189
en_rom : 1, addr_rom :  685, clka: 1, dout_rom : 230
en_rom : 1, addr_rom :  684, clka: 1, dout_rom : 236
en_rom : 1, addr_rom :  683, clka: 1, dout_rom : 191
en_rom : 1, addr_rom :  682, clka: 1, dout_rom : 246
en_rom : 1, addr_rom :  681, clka: 1, dout_rom : 212
en_rom : 1, addr_rom :  680, clka: 1, dout_rom : 185
en_rom : 1, addr_rom :  679, clka: 1, dout_rom :  57
en_rom : 1, addr_rom :  678, clka: 1, dout_rom :  92
en_rom : 1, addr_rom :  677, clka: 1, dout_rom : 177
en_rom : 1, addr_rom :  676, clka: 1, dout_rom : 172
en_rom : 1, addr_rom :  675, clka: 1, dout_rom : 152
en_rom : 1, addr_rom :  674, clka: 1, dout_rom : 204
en_rom : 1, addr_rom :  673, clka: 1, dout_rom :  30
en_rom : 1, addr_rom :  672, clka: 1, dout_rom :  49
en_rom : 1, addr_rom :  671, clka: 1, dout_rom :  53
en_rom : 1, addr_rom :  670, clka: 1, dout_rom : 165
en_rom : 1, addr_rom :  669, clka: 1, dout_rom :  53
en_rom : 1, addr_rom :  668, clka: 1, dout_rom : 246
en_rom : 1, addr_rom :  667, clka: 1, dout_rom : 175
en_rom : 1, addr_rom :  666, clka: 1, dout_rom : 204
en_rom : 1, addr_rom :  665, clka: 1, dout_rom :  63
en_rom : 1, addr_rom :  664, clka: 1, dout_rom : 102
en_rom : 1, addr_rom :  663, clka: 1, dout_rom :   3
en_rom : 1, addr_rom :  662, clka: 1, dout_rom : 185
en_rom : 1, addr_rom :  661, clka: 1, dout_rom : 111
en_rom : 1, addr_rom :  660, clka: 1, dout_rom : 223
en_rom : 1, addr_rom :  659, clka: 1, dout_rom :  41
en_rom : 1, addr_rom :  658, clka: 1, dout_rom : 135
en_rom : 1, addr_rom :  657, clka: 1, dout_rom :  55
en_rom : 1, addr_rom :  656, clka: 1, dout_rom : 184
en_rom : 1, addr_rom :  655, clka: 1, dout_rom : 216
en_rom : 1, addr_rom :  654, clka: 1, dout_rom : 140
en_rom : 1, addr_rom :  653, clka: 1, dout_rom : 236
en_rom : 1, addr_rom :  652, clka: 1, dout_rom : 220
en_rom : 1, addr_rom :  651, clka: 1, dout_rom : 120
en_rom : 1, addr_rom :  650, clka: 1, dout_rom : 202
en_rom : 1, addr_rom :  649, clka: 1, dout_rom : 110
en_rom : 1, addr_rom :  648, clka: 1, dout_rom :  68
en_rom : 1, addr_rom :  647, clka: 1, dout_rom :  28
en_rom : 1, addr_rom :  646, clka: 1, dout_rom :  66
en_rom : 1, addr_rom :  645, clka: 1, dout_rom : 212
en_rom : 1, addr_rom :  644, clka: 1, dout_rom :  47
en_rom : 1, addr_rom :  643, clka: 1, dout_rom :   8
en_rom : 1, addr_rom :  642, clka: 1, dout_rom : 237
en_rom : 1, addr_rom :  641, clka: 1, dout_rom :  81
en_rom : 1, addr_rom :  640, clka: 1, dout_rom :  96
en_rom : 1, addr_rom :  639, clka: 1, dout_rom : 131
en_rom : 1, addr_rom :  638, clka: 1, dout_rom :   5
en_rom : 1, addr_rom :  637, clka: 1, dout_rom : 198
en_rom : 1, addr_rom :  636, clka: 1, dout_rom : 159
en_rom : 1, addr_rom :  635, clka: 1, dout_rom : 147
en_rom : 1, addr_rom :  634, clka: 1, dout_rom :  46
en_rom : 1, addr_rom :  633, clka: 1, dout_rom : 233
en_rom : 1, addr_rom :  632, clka: 1, dout_rom : 140
en_rom : 1, addr_rom :  631, clka: 1, dout_rom : 151
en_rom : 1, addr_rom :  630, clka: 1, dout_rom : 131
en_rom : 1, addr_rom :  629, clka: 1, dout_rom :   7
en_rom : 1, addr_rom :  628, clka: 1, dout_rom : 113
en_rom : 1, addr_rom :  627, clka: 1, dout_rom : 252
en_rom : 1, addr_rom :  626, clka: 1, dout_rom : 183
en_rom : 1, addr_rom :  625, clka: 1, dout_rom : 216
en_rom : 1, addr_rom :  624, clka: 1, dout_rom : 230
en_rom : 1, addr_rom :  623, clka: 1, dout_rom : 131
en_rom : 1, addr_rom :  622, clka: 1, dout_rom : 251
en_rom : 1, addr_rom :  621, clka: 1, dout_rom : 113
en_rom : 1, addr_rom :  620, clka: 1, dout_rom : 187
en_rom : 1, addr_rom :  619, clka: 1, dout_rom : 205
en_rom : 1, addr_rom :  618, clka: 1, dout_rom : 249
en_rom : 1, addr_rom :  617, clka: 1, dout_rom : 224
en_rom : 1, addr_rom :  616, clka: 1, dout_rom : 117
en_rom : 1, addr_rom :  615, clka: 1, dout_rom : 225
en_rom : 1, addr_rom :  614, clka: 1, dout_rom : 102
en_rom : 1, addr_rom :  613, clka: 1, dout_rom :  63
en_rom : 1, addr_rom :  612, clka: 1, dout_rom :  41
en_rom : 1, addr_rom :  611, clka: 1, dout_rom : 251
en_rom : 1, addr_rom :  610, clka: 1, dout_rom :  75
en_rom : 1, addr_rom :  609, clka: 1, dout_rom :   2
en_rom : 1, addr_rom :  608, clka: 1, dout_rom : 173
en_rom : 1, addr_rom :  607, clka: 1, dout_rom :  69
en_rom : 1, addr_rom :  606, clka: 1, dout_rom : 119
en_rom : 1, addr_rom :  605, clka: 1, dout_rom : 102
en_rom : 1, addr_rom :  604, clka: 1, dout_rom :  81
en_rom : 1, addr_rom :  603, clka: 1, dout_rom :  92
en_rom : 1, addr_rom :  602, clka: 1, dout_rom : 236
en_rom : 1, addr_rom :  601, clka: 1, dout_rom : 242
en_rom : 1, addr_rom :  600, clka: 1, dout_rom :  59
en_rom : 1, addr_rom :  599, clka: 1, dout_rom :  62
en_rom : 1, addr_rom :  598, clka: 1, dout_rom : 138
en_rom : 1, addr_rom :  597, clka: 1, dout_rom :  94
en_rom : 1, addr_rom :  596, clka: 1, dout_rom : 169
en_rom : 1, addr_rom :  595, clka: 1, dout_rom :   3
en_rom : 1, addr_rom :  594, clka: 1, dout_rom : 203
en_rom : 1, addr_rom :  593, clka: 1, dout_rom : 189
en_rom : 1, addr_rom :  592, clka: 1, dout_rom : 115
en_rom : 1, addr_rom :  591, clka: 1, dout_rom : 144
en_rom : 1, addr_rom :  590, clka: 1, dout_rom : 144
en_rom : 1, addr_rom :  589, clka: 1, dout_rom :  62
en_rom : 1, addr_rom :  588, clka: 1, dout_rom :  72
en_rom : 1, addr_rom :  587, clka: 1, dout_rom : 180
en_rom : 1, addr_rom :  586, clka: 1, dout_rom : 188
en_rom : 1, addr_rom :  585, clka: 1, dout_rom : 227
en_rom : 1, addr_rom :  584, clka: 1, dout_rom : 126
en_rom : 1, addr_rom :  583, clka: 1, dout_rom : 197
en_rom : 1, addr_rom :  582, clka: 1, dout_rom : 136
en_rom : 1, addr_rom :  581, clka: 1, dout_rom :  95
en_rom : 1, addr_rom :  580, clka: 1, dout_rom : 238
en_rom : 1, addr_rom :  579, clka: 1, dout_rom :  28
en_rom : 1, addr_rom :  578, clka: 1, dout_rom : 150
en_rom : 1, addr_rom :  577, clka: 1, dout_rom :  13
en_rom : 1, addr_rom :  576, clka: 1, dout_rom :  70
en_rom : 1, addr_rom :  575, clka: 1, dout_rom : 230
en_rom : 1, addr_rom :  574, clka: 1, dout_rom :   3
en_rom : 1, addr_rom :  573, clka: 1, dout_rom : 195
en_rom : 1, addr_rom :  572, clka: 1, dout_rom : 114
en_rom : 1, addr_rom :  571, clka: 1, dout_rom : 230
en_rom : 1, addr_rom :  570, clka: 1, dout_rom :   9
en_rom : 1, addr_rom :  569, clka: 1, dout_rom : 120
en_rom : 1, addr_rom :  568, clka: 1, dout_rom : 149
en_rom : 1, addr_rom :  567, clka: 1, dout_rom : 165
en_rom : 1, addr_rom :  566, clka: 1, dout_rom : 128
en_rom : 1, addr_rom :  565, clka: 1, dout_rom :   7
en_rom : 1, addr_rom :  564, clka: 1, dout_rom : 208
en_rom : 1, addr_rom :  563, clka: 1, dout_rom :  96
en_rom : 1, addr_rom :  562, clka: 1, dout_rom :  81
en_rom : 1, addr_rom :  561, clka: 1, dout_rom :  10
en_rom : 1, addr_rom :  560, clka: 1, dout_rom : 137
en_rom : 1, addr_rom :  559, clka: 1, dout_rom : 240
en_rom : 1, addr_rom :  558, clka: 1, dout_rom : 211
en_rom : 1, addr_rom :  557, clka: 1, dout_rom : 173
en_rom : 1, addr_rom :  556, clka: 1, dout_rom :  99
en_rom : 1, addr_rom :  555, clka: 1, dout_rom :   8
en_rom : 1, addr_rom :  554, clka: 1, dout_rom :  19
en_rom : 1, addr_rom :  553, clka: 1, dout_rom :  34
en_rom : 1, addr_rom :  552, clka: 1, dout_rom :  17
en_rom : 1, addr_rom :  551, clka: 1, dout_rom : 109
en_rom : 1, addr_rom :  550, clka: 1, dout_rom : 240
en_rom : 1, addr_rom :  549, clka: 1, dout_rom : 159
en_rom : 1, addr_rom :  548, clka: 1, dout_rom :  12
en_rom : 1, addr_rom :  547, clka: 1, dout_rom :   4
en_rom : 1, addr_rom :  546, clka: 1, dout_rom : 104
en_rom : 1, addr_rom :  545, clka: 1, dout_rom : 112
en_rom : 1, addr_rom :  544, clka: 1, dout_rom : 189
en_rom : 1, addr_rom :  543, clka: 1, dout_rom :  65
en_rom : 1, addr_rom :  542, clka: 1, dout_rom : 128
en_rom : 1, addr_rom :  541, clka: 1, dout_rom : 154
en_rom : 1, addr_rom :  540, clka: 1, dout_rom : 152
en_rom : 1, addr_rom :  539, clka: 1, dout_rom : 222
en_rom : 1, addr_rom :  538, clka: 1, dout_rom : 223
en_rom : 1, addr_rom :  537, clka: 1, dout_rom :  91
en_rom : 1, addr_rom :  536, clka: 1, dout_rom : 182
en_rom : 1, addr_rom :  535, clka: 1, dout_rom : 232
en_rom : 1, addr_rom :  534, clka: 1, dout_rom :  38
en_rom : 1, addr_rom :  533, clka: 1, dout_rom :  30
en_rom : 1, addr_rom :  532, clka: 1, dout_rom : 141
en_rom : 1, addr_rom :  531, clka: 1, dout_rom :  96
en_rom : 1, addr_rom :  530, clka: 1, dout_rom : 157
en_rom : 1, addr_rom :  529, clka: 1, dout_rom : 165
en_rom : 1, addr_rom :  528, clka: 1, dout_rom :  91
en_rom : 1, addr_rom :  527, clka: 1, dout_rom : 198
en_rom : 1, addr_rom :  526, clka: 1, dout_rom :  97
en_rom : 1, addr_rom :  525, clka: 1, dout_rom :  19
en_rom : 1, addr_rom :  524, clka: 1, dout_rom :  57
en_rom : 1, addr_rom :  523, clka: 1, dout_rom : 121
en_rom : 1, addr_rom :  522, clka: 1, dout_rom : 180
en_rom : 1, addr_rom :  521, clka: 1, dout_rom :  53
en_rom : 1, addr_rom :  520, clka: 1, dout_rom : 186
en_rom : 1, addr_rom :  519, clka: 1, dout_rom : 207
en_rom : 1, addr_rom :  518, clka: 1, dout_rom :  18
en_rom : 1, addr_rom :  517, clka: 1, dout_rom : 181
en_rom : 1, addr_rom :  516, clka: 1, dout_rom : 171
en_rom : 1, addr_rom :  515, clka: 1, dout_rom :   2
en_rom : 1, addr_rom :  514, clka: 1, dout_rom : 137
en_rom : 1, addr_rom :  513, clka: 1, dout_rom : 142
en_rom : 1, addr_rom :  512, clka: 1, dout_rom :  11
en_rom : 1, addr_rom :  511, clka: 1, dout_rom :  96
en_rom : 1, addr_rom :  510, clka: 1, dout_rom : 186
en_rom : 1, addr_rom :  509, clka: 1, dout_rom :  31
en_rom : 1, addr_rom :  508, clka: 1, dout_rom :  83
en_rom : 1, addr_rom :  507, clka: 1, dout_rom :  63
en_rom : 1, addr_rom :  506, clka: 1, dout_rom :  49
en_rom : 1, addr_rom :  505, clka: 1, dout_rom : 203
en_rom : 1, addr_rom :  504, clka: 1, dout_rom :  24
en_rom : 1, addr_rom :  503, clka: 1, dout_rom :  15
en_rom : 1, addr_rom :  502, clka: 1, dout_rom :  48
en_rom : 1, addr_rom :  501, clka: 1, dout_rom : 233
en_rom : 1, addr_rom :  500, clka: 1, dout_rom : 186
en_rom : 1, addr_rom :  499, clka: 1, dout_rom :  37
en_rom : 1, addr_rom :  498, clka: 1, dout_rom :  52
en_rom : 1, addr_rom :  497, clka: 1, dout_rom : 136
en_rom : 1, addr_rom :  496, clka: 1, dout_rom : 147
en_rom : 1, addr_rom :  495, clka: 1, dout_rom : 242
en_rom : 1, addr_rom :  494, clka: 1, dout_rom :  64
en_rom : 1, addr_rom :  493, clka: 1, dout_rom : 237
en_rom : 1, addr_rom :  492, clka: 1, dout_rom : 116
en_rom : 1, addr_rom :  491, clka: 1, dout_rom :  46
en_rom : 1, addr_rom :  490, clka: 1, dout_rom : 226
en_rom : 1, addr_rom :  489, clka: 1, dout_rom : 141
en_rom : 1, addr_rom :  488, clka: 1, dout_rom : 213
en_rom : 1, addr_rom :  487, clka: 1, dout_rom : 127
en_rom : 1, addr_rom :  486, clka: 1, dout_rom :  39
en_rom : 1, addr_rom :  485, clka: 1, dout_rom :  51
en_rom : 1, addr_rom :  484, clka: 1, dout_rom : 226
en_rom : 1, addr_rom :  483, clka: 1, dout_rom : 172
en_rom : 1, addr_rom :  482, clka: 1, dout_rom :  36
en_rom : 1, addr_rom :  481, clka: 1, dout_rom : 164
en_rom : 1, addr_rom :  480, clka: 1, dout_rom :  32
en_rom : 1, addr_rom :  479, clka: 1, dout_rom :  34
en_rom : 1, addr_rom :  478, clka: 1, dout_rom : 125
en_rom : 1, addr_rom :  477, clka: 1, dout_rom :  82
en_rom : 1, addr_rom :  476, clka: 1, dout_rom : 195
en_rom : 1, addr_rom :  475, clka: 1, dout_rom :  74
en_rom : 1, addr_rom :  474, clka: 1, dout_rom : 183
en_rom : 1, addr_rom :  473, clka: 1, dout_rom : 244
en_rom : 1, addr_rom :  472, clka: 1, dout_rom : 172
en_rom : 1, addr_rom :  471, clka: 1, dout_rom : 103
en_rom : 1, addr_rom :  470, clka: 1, dout_rom : 243
en_rom : 1, addr_rom :  469, clka: 1, dout_rom :  90
en_rom : 1, addr_rom :  468, clka: 1, dout_rom :  45
en_rom : 1, addr_rom :  467, clka: 1, dout_rom : 210
en_rom : 1, addr_rom :  466, clka: 1, dout_rom : 228
en_rom : 1, addr_rom :  465, clka: 1, dout_rom :  85
en_rom : 1, addr_rom :  464, clka: 1, dout_rom : 206
en_rom : 1, addr_rom :  463, clka: 1, dout_rom :  64
en_rom : 1, addr_rom :  462, clka: 1, dout_rom :  14
en_rom : 1, addr_rom :  461, clka: 1, dout_rom :  72
en_rom : 1, addr_rom :  460, clka: 1, dout_rom :  79
en_rom : 1, addr_rom :  459, clka: 1, dout_rom : 203
en_rom : 1, addr_rom :  458, clka: 1, dout_rom : 160
en_rom : 1, addr_rom :  457, clka: 1, dout_rom : 176
en_rom : 1, addr_rom :  456, clka: 1, dout_rom :  48
en_rom : 1, addr_rom :  455, clka: 1, dout_rom : 127
en_rom : 1, addr_rom :  454, clka: 1, dout_rom : 211
en_rom : 1, addr_rom :  453, clka: 1, dout_rom : 143
en_rom : 1, addr_rom :  452, clka: 1, dout_rom : 172
en_rom : 1, addr_rom :  451, clka: 1, dout_rom : 198
en_rom : 1, addr_rom :  450, clka: 1, dout_rom : 127
en_rom : 1, addr_rom :  449, clka: 1, dout_rom : 231
en_rom : 1, addr_rom :  448, clka: 1, dout_rom :  59
en_rom : 1, addr_rom :  447, clka: 1, dout_rom : 234
en_rom : 1, addr_rom :  446, clka: 1, dout_rom :  32
en_rom : 1, addr_rom :  445, clka: 1, dout_rom :  60
en_rom : 1, addr_rom :  444, clka: 1, dout_rom :  49
en_rom : 1, addr_rom :  443, clka: 1, dout_rom :  20
en_rom : 1, addr_rom :  442, clka: 1, dout_rom : 237
en_rom : 1, addr_rom :  441, clka: 1, dout_rom : 244
en_rom : 1, addr_rom :  440, clka: 1, dout_rom :  36
en_rom : 1, addr_rom :  439, clka: 1, dout_rom : 207
en_rom : 1, addr_rom :  438, clka: 1, dout_rom :  38
en_rom : 1, addr_rom :  437, clka: 1, dout_rom : 157
en_rom : 1, addr_rom :  436, clka: 1, dout_rom : 165
en_rom : 1, addr_rom :  435, clka: 1, dout_rom :  50
en_rom : 1, addr_rom :  434, clka: 1, dout_rom :  35
en_rom : 1, addr_rom :  433, clka: 1, dout_rom : 217
en_rom : 1, addr_rom :  432, clka: 1, dout_rom : 172
en_rom : 1, addr_rom :  431, clka: 1, dout_rom : 106
en_rom : 1, addr_rom :  430, clka: 1, dout_rom : 145
en_rom : 1, addr_rom :  429, clka: 1, dout_rom :  35
en_rom : 1, addr_rom :  428, clka: 1, dout_rom : 252
en_rom : 1, addr_rom :  427, clka: 1, dout_rom : 205
en_rom : 1, addr_rom :  426, clka: 1, dout_rom :  70
en_rom : 1, addr_rom :  425, clka: 1, dout_rom :  80
en_rom : 1, addr_rom :  424, clka: 1, dout_rom :   6
en_rom : 1, addr_rom :  423, clka: 1, dout_rom :  11
en_rom : 1, addr_rom :  422, clka: 1, dout_rom : 119
en_rom : 1, addr_rom :  421, clka: 1, dout_rom : 201
en_rom : 1, addr_rom :  420, clka: 1, dout_rom : 159
en_rom : 1, addr_rom :  419, clka: 1, dout_rom : 199
en_rom : 1, addr_rom :  418, clka: 1, dout_rom :  70
en_rom : 1, addr_rom :  417, clka: 1, dout_rom :  88
en_rom : 1, addr_rom :  416, clka: 1, dout_rom :  44
en_rom : 1, addr_rom :  415, clka: 1, dout_rom :  29
en_rom : 1, addr_rom :  414, clka: 1, dout_rom :  47
en_rom : 1, addr_rom :  413, clka: 1, dout_rom :  49
en_rom : 1, addr_rom :  412, clka: 1, dout_rom : 113
en_rom : 1, addr_rom :  411, clka: 1, dout_rom :  86
en_rom : 1, addr_rom :  410, clka: 1, dout_rom : 244
en_rom : 1, addr_rom :  409, clka: 1, dout_rom :  48
en_rom : 1, addr_rom :  408, clka: 1, dout_rom : 149
en_rom : 1, addr_rom :  407, clka: 1, dout_rom : 238
en_rom : 1, addr_rom :  406, clka: 1, dout_rom : 188
en_rom : 1, addr_rom :  405, clka: 1, dout_rom : 229
en_rom : 1, addr_rom :  404, clka: 1, dout_rom :  53
en_rom : 1, addr_rom :  403, clka: 1, dout_rom :  87
en_rom : 1, addr_rom :  402, clka: 1, dout_rom :  67
en_rom : 1, addr_rom :  401, clka: 1, dout_rom : 249
en_rom : 1, addr_rom :  400, clka: 1, dout_rom :  30
en_rom : 1, addr_rom :  399, clka: 1, dout_rom : 139
en_rom : 1, addr_rom :  398, clka: 1, dout_rom :  22
en_rom : 1, addr_rom :  397, clka: 1, dout_rom :  41
en_rom : 1, addr_rom :  396, clka: 1, dout_rom : 170
en_rom : 1, addr_rom :  395, clka: 1, dout_rom : 156
en_rom : 1, addr_rom :  394, clka: 1, dout_rom :  21
en_rom : 1, addr_rom :  393, clka: 1, dout_rom :  53
en_rom : 1, addr_rom :  392, clka: 1, dout_rom : 120
en_rom : 1, addr_rom :  391, clka: 1, dout_rom :  64
en_rom : 1, addr_rom :  390, clka: 1, dout_rom : 119
en_rom : 1, addr_rom :  389, clka: 1, dout_rom : 170
en_rom : 1, addr_rom :  388, clka: 1, dout_rom : 215
en_rom : 1, addr_rom :  387, clka: 1, dout_rom : 114
en_rom : 1, addr_rom :  386, clka: 1, dout_rom : 115
en_rom : 1, addr_rom :  385, clka: 1, dout_rom :  82
en_rom : 1, addr_rom :  384, clka: 1, dout_rom : 201
en_rom : 1, addr_rom :  383, clka: 1, dout_rom :  27
en_rom : 1, addr_rom :  382, clka: 1, dout_rom : 119
en_rom : 1, addr_rom :  381, clka: 1, dout_rom :  13
en_rom : 1, addr_rom :  380, clka: 1, dout_rom : 189
en_rom : 1, addr_rom :  379, clka: 1, dout_rom : 131
en_rom : 1, addr_rom :  378, clka: 1, dout_rom : 148
en_rom : 1, addr_rom :  377, clka: 1, dout_rom : 184
en_rom : 1, addr_rom :  376, clka: 1, dout_rom : 189
en_rom : 1, addr_rom :  375, clka: 1, dout_rom : 215
en_rom : 1, addr_rom :  374, clka: 1, dout_rom : 212
en_rom : 1, addr_rom :  373, clka: 1, dout_rom : 179
en_rom : 1, addr_rom :  372, clka: 1, dout_rom : 219
en_rom : 1, addr_rom :  371, clka: 1, dout_rom : 122
en_rom : 1, addr_rom :  370, clka: 1, dout_rom :  76
en_rom : 1, addr_rom :  369, clka: 1, dout_rom :  73
en_rom : 1, addr_rom :  368, clka: 1, dout_rom :  88
en_rom : 1, addr_rom :  367, clka: 1, dout_rom : 220
en_rom : 1, addr_rom :  366, clka: 1, dout_rom : 212
en_rom : 1, addr_rom :  365, clka: 1, dout_rom : 187
en_rom : 1, addr_rom :  364, clka: 1, dout_rom : 151
en_rom : 1, addr_rom :  363, clka: 1, dout_rom : 168
en_rom : 1, addr_rom :  362, clka: 1, dout_rom :  27
en_rom : 1, addr_rom :  361, clka: 1, dout_rom : 237
en_rom : 1, addr_rom :  360, clka: 1, dout_rom : 144
en_rom : 1, addr_rom :  359, clka: 1, dout_rom :  21
en_rom : 1, addr_rom :  358, clka: 1, dout_rom :  49
en_rom : 1, addr_rom :  357, clka: 1, dout_rom : 224
en_rom : 1, addr_rom :  356, clka: 1, dout_rom : 213
en_rom : 1, addr_rom :  355, clka: 1, dout_rom : 232
en_rom : 1, addr_rom :  354, clka: 1, dout_rom :  26
en_rom : 1, addr_rom :  353, clka: 1, dout_rom : 246
en_rom : 1, addr_rom :  352, clka: 1, dout_rom : 139
en_rom : 1, addr_rom :  351, clka: 1, dout_rom : 247
en_rom : 1, addr_rom :  350, clka: 1, dout_rom : 234
en_rom : 1, addr_rom :  349, clka: 1, dout_rom : 167
en_rom : 1, addr_rom :  348, clka: 1, dout_rom : 137
en_rom : 1, addr_rom :  347, clka: 1, dout_rom : 113
en_rom : 1, addr_rom :  346, clka: 1, dout_rom : 212
en_rom : 1, addr_rom :  345, clka: 1, dout_rom : 228
en_rom : 1, addr_rom :  344, clka: 1, dout_rom : 142
en_rom : 1, addr_rom :  343, clka: 1, dout_rom : 176
en_rom : 1, addr_rom :  342, clka: 1, dout_rom : 155
en_rom : 1, addr_rom :  341, clka: 1, dout_rom : 248
en_rom : 1, addr_rom :  340, clka: 1, dout_rom :  34
en_rom : 1, addr_rom :  339, clka: 1, dout_rom :  91
en_rom : 1, addr_rom :  338, clka: 1, dout_rom :  49
en_rom : 1, addr_rom :  337, clka: 1, dout_rom : 225
en_rom : 1, addr_rom :  336, clka: 1, dout_rom : 109
en_rom : 1, addr_rom :  335, clka: 1, dout_rom : 117
en_rom : 1, addr_rom :  334, clka: 1, dout_rom : 122
en_rom : 1, addr_rom :  333, clka: 1, dout_rom : 100
en_rom : 1, addr_rom :  332, clka: 1, dout_rom : 149
en_rom : 1, addr_rom :  331, clka: 1, dout_rom : 216
en_rom : 1, addr_rom :  330, clka: 1, dout_rom : 212
en_rom : 1, addr_rom :  329, clka: 1, dout_rom : 160
en_rom : 1, addr_rom :  328, clka: 1, dout_rom : 242
en_rom : 1, addr_rom :  327, clka: 1, dout_rom :  92
en_rom : 1, addr_rom :  326, clka: 1, dout_rom : 139
en_rom : 1, addr_rom :  325, clka: 1, dout_rom : 140
en_rom : 1, addr_rom :  324, clka: 1, dout_rom : 154
en_rom : 1, addr_rom :  323, clka: 1, dout_rom : 141
en_rom : 1, addr_rom :  322, clka: 1, dout_rom : 153
en_rom : 1, addr_rom :  321, clka: 1, dout_rom : 239
en_rom : 1, addr_rom :  320, clka: 1, dout_rom :  92
en_rom : 1, addr_rom :  319, clka: 1, dout_rom : 156
en_rom : 1, addr_rom :  318, clka: 1, dout_rom :  97
en_rom : 1, addr_rom :  317, clka: 1, dout_rom : 209
en_rom : 1, addr_rom :  316, clka: 1, dout_rom : 180
en_rom : 1, addr_rom :  315, clka: 1, dout_rom :  34
en_rom : 1, addr_rom :  314, clka: 1, dout_rom : 138
en_rom : 1, addr_rom :  313, clka: 1, dout_rom : 123
en_rom : 1, addr_rom :  312, clka: 1, dout_rom :   0
en_rom : 1, addr_rom :  311, clka: 1, dout_rom : 128
en_rom : 1, addr_rom :  310, clka: 1, dout_rom : 208
en_rom : 1, addr_rom :  309, clka: 1, dout_rom :  37
en_rom : 1, addr_rom :  308, clka: 1, dout_rom :  18
en_rom : 1, addr_rom :  307, clka: 1, dout_rom :   2
en_rom : 1, addr_rom :  306, clka: 1, dout_rom : 196
en_rom : 1, addr_rom :  305, clka: 1, dout_rom : 190
en_rom : 1, addr_rom :  304, clka: 1, dout_rom :  55
en_rom : 1, addr_rom :  303, clka: 1, dout_rom : 125
en_rom : 1, addr_rom :  302, clka: 1, dout_rom : 129
en_rom : 1, addr_rom :  301, clka: 1, dout_rom : 106
en_rom : 1, addr_rom :  300, clka: 1, dout_rom : 164
en_rom : 1, addr_rom :  299, clka: 1, dout_rom :  29
en_rom : 1, addr_rom :  298, clka: 1, dout_rom :  88
en_rom : 1, addr_rom :  297, clka: 1, dout_rom :   8
en_rom : 1, addr_rom :  296, clka: 1, dout_rom : 199
en_rom : 1, addr_rom :  295, clka: 1, dout_rom :   2
en_rom : 1, addr_rom :  294, clka: 1, dout_rom : 124
en_rom : 1, addr_rom :  293, clka: 1, dout_rom :  84
en_rom : 1, addr_rom :  292, clka: 1, dout_rom :  33
en_rom : 1, addr_rom :  291, clka: 1, dout_rom : 178
en_rom : 1, addr_rom :  290, clka: 1, dout_rom : 107
en_rom : 1, addr_rom :  289, clka: 1, dout_rom :  62
en_rom : 1, addr_rom :  288, clka: 1, dout_rom : 102
en_rom : 1, addr_rom :  287, clka: 1, dout_rom : 216
en_rom : 1, addr_rom :  286, clka: 1, dout_rom : 196
en_rom : 1, addr_rom :  285, clka: 1, dout_rom :  54
en_rom : 1, addr_rom :  284, clka: 1, dout_rom :  79
en_rom : 1, addr_rom :  283, clka: 1, dout_rom :  90
en_rom : 1, addr_rom :  282, clka: 1, dout_rom : 202
en_rom : 1, addr_rom :  281, clka: 1, dout_rom : 105
en_rom : 1, addr_rom :  280, clka: 1, dout_rom :  39
en_rom : 1, addr_rom :  279, clka: 1, dout_rom :  82
en_rom : 1, addr_rom :  278, clka: 1, dout_rom : 147
en_rom : 1, addr_rom :  277, clka: 1, dout_rom : 199
en_rom : 1, addr_rom :  276, clka: 1, dout_rom : 201
en_rom : 1, addr_rom :  275, clka: 1, dout_rom : 230
en_rom : 1, addr_rom :  274, clka: 1, dout_rom :  99
en_rom : 1, addr_rom :  273, clka: 1, dout_rom : 108
en_rom : 1, addr_rom :  272, clka: 1, dout_rom : 175
en_rom : 1, addr_rom :  271, clka: 1, dout_rom : 185
en_rom : 1, addr_rom :  270, clka: 1, dout_rom : 220
en_rom : 1, addr_rom :  269, clka: 1, dout_rom :  56
en_rom : 1, addr_rom :  268, clka: 1, dout_rom : 235
en_rom : 1, addr_rom :  267, clka: 1, dout_rom : 240
en_rom : 1, addr_rom :  266, clka: 1, dout_rom :   3
en_rom : 1, addr_rom :  265, clka: 1, dout_rom :  34
en_rom : 1, addr_rom :  264, clka: 1, dout_rom :  22
en_rom : 1, addr_rom :  263, clka: 1, dout_rom :  28
en_rom : 1, addr_rom :  262, clka: 1, dout_rom : 208
en_rom : 1, addr_rom :  261, clka: 1, dout_rom :  43
en_rom : 1, addr_rom :  260, clka: 1, dout_rom :   4
en_rom : 1, addr_rom :  259, clka: 1, dout_rom : 126
en_rom : 1, addr_rom :  258, clka: 1, dout_rom : 143
en_rom : 1, addr_rom :  257, clka: 1, dout_rom :  43
en_rom : 1, addr_rom :  256, clka: 1, dout_rom : 131
en_rom : 1, addr_rom :  255, clka: 1, dout_rom :  96
en_rom : 1, addr_rom :  254, clka: 1, dout_rom : 238
en_rom : 1, addr_rom :  253, clka: 1, dout_rom : 199
en_rom : 1, addr_rom :  252, clka: 1, dout_rom :  49
en_rom : 1, addr_rom :  251, clka: 1, dout_rom :  21
en_rom : 1, addr_rom :  250, clka: 1, dout_rom : 195
en_rom : 1, addr_rom :  249, clka: 1, dout_rom : 191
en_rom : 1, addr_rom :  248, clka: 1, dout_rom : 100
en_rom : 1, addr_rom :  247, clka: 1, dout_rom :  67
en_rom : 1, addr_rom :  246, clka: 1, dout_rom : 148
en_rom : 1, addr_rom :  245, clka: 1, dout_rom : 154
en_rom : 1, addr_rom :  244, clka: 1, dout_rom :  37
en_rom : 1, addr_rom :  243, clka: 1, dout_rom : 127
en_rom : 1, addr_rom :  242, clka: 1, dout_rom : 222
en_rom : 1, addr_rom :  241, clka: 1, dout_rom : 142
en_rom : 1, addr_rom :  240, clka: 1, dout_rom : 236
en_rom : 1, addr_rom :  239, clka: 1, dout_rom :  27
en_rom : 1, addr_rom :  238, clka: 1, dout_rom : 134
en_rom : 1, addr_rom :  237, clka: 1, dout_rom :  69
en_rom : 1, addr_rom :  236, clka: 1, dout_rom : 190
en_rom : 1, addr_rom :  235, clka: 1, dout_rom : 171
en_rom : 1, addr_rom :  234, clka: 1, dout_rom : 250
en_rom : 1, addr_rom :  233, clka: 1, dout_rom : 183
en_rom : 1, addr_rom :  232, clka: 1, dout_rom : 152
en_rom : 1, addr_rom :  231, clka: 1, dout_rom : 166
en_rom : 1, addr_rom :  230, clka: 1, dout_rom :   4
en_rom : 1, addr_rom :  229, clka: 1, dout_rom : 131
en_rom : 1, addr_rom :  228, clka: 1, dout_rom : 130
en_rom : 1, addr_rom :  227, clka: 1, dout_rom : 192
en_rom : 1, addr_rom :  226, clka: 1, dout_rom :  93
en_rom : 1, addr_rom :  225, clka: 1, dout_rom : 185
en_rom : 1, addr_rom :  224, clka: 1, dout_rom :  18
en_rom : 1, addr_rom :  223, clka: 1, dout_rom : 132
en_rom : 1, addr_rom :  222, clka: 1, dout_rom : 104
en_rom : 1, addr_rom :  221, clka: 1, dout_rom :  35
en_rom : 1, addr_rom :  220, clka: 1, dout_rom :   8
en_rom : 1, addr_rom :  219, clka: 1, dout_rom : 224
en_rom : 1, addr_rom :  218, clka: 1, dout_rom : 113
en_rom : 1, addr_rom :  217, clka: 1, dout_rom :  54
en_rom : 1, addr_rom :  216, clka: 1, dout_rom :  98
en_rom : 1, addr_rom :  215, clka: 1, dout_rom : 145
en_rom : 1, addr_rom :  214, clka: 1, dout_rom : 171
en_rom : 1, addr_rom :  213, clka: 1, dout_rom : 204
en_rom : 1, addr_rom :  212, clka: 1, dout_rom : 228
en_rom : 1, addr_rom :  211, clka: 1, dout_rom : 121
en_rom : 1, addr_rom :  210, clka: 1, dout_rom : 247
en_rom : 1, addr_rom :  209, clka: 1, dout_rom : 127
en_rom : 1, addr_rom :  208, clka: 1, dout_rom :  61
en_rom : 1, addr_rom :  207, clka: 1, dout_rom :  82
en_rom : 1, addr_rom :  206, clka: 1, dout_rom : 225
en_rom : 1, addr_rom :  205, clka: 1, dout_rom :  87
en_rom : 1, addr_rom :  204, clka: 1, dout_rom :  34
en_rom : 1, addr_rom :  203, clka: 1, dout_rom : 216
en_rom : 1, addr_rom :  202, clka: 1, dout_rom :  38
en_rom : 1, addr_rom :  201, clka: 1, dout_rom : 200
en_rom : 1, addr_rom :  200, clka: 1, dout_rom :  63
en_rom : 1, addr_rom :  199, clka: 1, dout_rom :  61
en_rom : 1, addr_rom :  198, clka: 1, dout_rom : 119
en_rom : 1, addr_rom :  197, clka: 1, dout_rom : 225
en_rom : 1, addr_rom :  196, clka: 1, dout_rom : 165
en_rom : 1, addr_rom :  195, clka: 1, dout_rom : 152
en_rom : 1, addr_rom :  194, clka: 1, dout_rom : 191
en_rom : 1, addr_rom :  193, clka: 1, dout_rom : 158
en_rom : 1, addr_rom :  192, clka: 1, dout_rom :  96
en_rom : 1, addr_rom :  191, clka: 1, dout_rom : 213
en_rom : 1, addr_rom :  190, clka: 1, dout_rom :  35
en_rom : 1, addr_rom :  189, clka: 1, dout_rom : 203
en_rom : 1, addr_rom :  188, clka: 1, dout_rom : 204
en_rom : 1, addr_rom :  187, clka: 1, dout_rom : 151
en_rom : 1, addr_rom :  186, clka: 1, dout_rom : 109
en_rom : 1, addr_rom :  185, clka: 1, dout_rom : 181
en_rom : 1, addr_rom :  184, clka: 1, dout_rom : 245
en_rom : 1, addr_rom :  183, clka: 1, dout_rom :  68
en_rom : 1, addr_rom :  182, clka: 1, dout_rom : 245
en_rom : 1, addr_rom :  181, clka: 1, dout_rom :  76
en_rom : 1, addr_rom :  180, clka: 1, dout_rom : 200
en_rom : 1, addr_rom :  179, clka: 1, dout_rom : 253
en_rom : 1, addr_rom :  178, clka: 1, dout_rom : 249
en_rom : 1, addr_rom :  177, clka: 1, dout_rom : 163
en_rom : 1, addr_rom :  176, clka: 1, dout_rom :  26
en_rom : 1, addr_rom :  175, clka: 1, dout_rom :  69
en_rom : 1, addr_rom :  174, clka: 1, dout_rom :  17
en_rom : 1, addr_rom :  173, clka: 1, dout_rom :  22
en_rom : 1, addr_rom :  172, clka: 1, dout_rom : 205
en_rom : 1, addr_rom :  171, clka: 1, dout_rom : 114
en_rom : 1, addr_rom :  170, clka: 1, dout_rom :  79
en_rom : 1, addr_rom :  169, clka: 1, dout_rom : 239
en_rom : 1, addr_rom :  168, clka: 1, dout_rom : 189
en_rom : 1, addr_rom :  167, clka: 1, dout_rom :  38
en_rom : 1, addr_rom :  166, clka: 1, dout_rom : 181
en_rom : 1, addr_rom :  165, clka: 1, dout_rom :  31
en_rom : 1, addr_rom :  164, clka: 1, dout_rom :  21
en_rom : 1, addr_rom :  163, clka: 1, dout_rom : 181
en_rom : 1, addr_rom :  162, clka: 1, dout_rom :  74
en_rom : 1, addr_rom :  161, clka: 1, dout_rom : 213
en_rom : 1, addr_rom :  160, clka: 1, dout_rom : 110
en_rom : 1, addr_rom :  159, clka: 1, dout_rom : 105
en_rom : 1, addr_rom :  158, clka: 1, dout_rom :  56
en_rom : 1, addr_rom :  157, clka: 1, dout_rom :  57
en_rom : 1, addr_rom :  156, clka: 1, dout_rom : 111
en_rom : 1, addr_rom :  155, clka: 1, dout_rom : 121
en_rom : 1, addr_rom :  154, clka: 1, dout_rom :  35
en_rom : 1, addr_rom :  153, clka: 1, dout_rom : 141
en_rom : 1, addr_rom :  152, clka: 1, dout_rom : 251
en_rom : 1, addr_rom :  151, clka: 1, dout_rom : 220
en_rom : 1, addr_rom :  150, clka: 1, dout_rom :  30
en_rom : 1, addr_rom :  149, clka: 1, dout_rom : 108
en_rom : 1, addr_rom :  148, clka: 1, dout_rom : 233
en_rom : 1, addr_rom :  147, clka: 1, dout_rom :  52
en_rom : 1, addr_rom :  146, clka: 1, dout_rom :  89
en_rom : 1, addr_rom :  145, clka: 1, dout_rom : 153
en_rom : 1, addr_rom :  144, clka: 1, dout_rom : 139
en_rom : 1, addr_rom :  143, clka: 1, dout_rom :  65
en_rom : 1, addr_rom :  142, clka: 1, dout_rom :  58
en_rom : 1, addr_rom :  141, clka: 1, dout_rom :  83
en_rom : 1, addr_rom :  140, clka: 1, dout_rom : 169
en_rom : 1, addr_rom :  139, clka: 1, dout_rom : 171
en_rom : 1, addr_rom :  138, clka: 1, dout_rom : 157
en_rom : 1, addr_rom :  137, clka: 1, dout_rom : 253
en_rom : 1, addr_rom :  136, clka: 1, dout_rom :  60
en_rom : 1, addr_rom :  135, clka: 1, dout_rom : 226
en_rom : 1, addr_rom :  134, clka: 1, dout_rom : 252
en_rom : 1, addr_rom :  133, clka: 1, dout_rom :   7
en_rom : 1, addr_rom :  132, clka: 1, dout_rom :  71
en_rom : 1, addr_rom :  131, clka: 1, dout_rom :  55
en_rom : 1, addr_rom :  130, clka: 1, dout_rom :  17
en_rom : 1, addr_rom :  129, clka: 1, dout_rom :  46
en_rom : 1, addr_rom :  128, clka: 1, dout_rom : 117
en_rom : 1, addr_rom :  127, clka: 1, dout_rom : 187
en_rom : 1, addr_rom :  126, clka: 1, dout_rom : 163
en_rom : 1, addr_rom :  125, clka: 1, dout_rom : 135
en_rom : 1, addr_rom :  124, clka: 1, dout_rom : 105
en_rom : 1, addr_rom :  123, clka: 1, dout_rom :  37
en_rom : 1, addr_rom :  122, clka: 1, dout_rom : 205
en_rom : 1, addr_rom :  121, clka: 1, dout_rom :  99
en_rom : 1, addr_rom :  120, clka: 1, dout_rom : 123
en_rom : 1, addr_rom :  119, clka: 1, dout_rom : 191
en_rom : 1, addr_rom :  118, clka: 1, dout_rom : 252
en_rom : 1, addr_rom :  117, clka: 1, dout_rom :  21
en_rom : 1, addr_rom :  116, clka: 1, dout_rom :  56
en_rom : 1, addr_rom :  115, clka: 1, dout_rom : 131
en_rom : 1, addr_rom :  114, clka: 1, dout_rom : 217
en_rom : 1, addr_rom :  113, clka: 1, dout_rom :  30
en_rom : 1, addr_rom :  112, clka: 1, dout_rom : 111
en_rom : 1, addr_rom :  111, clka: 1, dout_rom : 227
en_rom : 1, addr_rom :  110, clka: 1, dout_rom :  34
en_rom : 1, addr_rom :  109, clka: 1, dout_rom : 247
en_rom : 1, addr_rom :  108, clka: 1, dout_rom : 173
en_rom : 1, addr_rom :  107, clka: 1, dout_rom : 182
en_rom : 1, addr_rom :  106, clka: 1, dout_rom :   2
en_rom : 1, addr_rom :  105, clka: 1, dout_rom : 194
en_rom : 1, addr_rom :  104, clka: 1, dout_rom :  96
en_rom : 1, addr_rom :  103, clka: 1, dout_rom : 178
en_rom : 1, addr_rom :  102, clka: 1, dout_rom :   1
en_rom : 1, addr_rom :  101, clka: 1, dout_rom : 192
en_rom : 1, addr_rom :  100, clka: 1, dout_rom :  42
en_rom : 1, addr_rom :   99, clka: 1, dout_rom :  99
en_rom : 1, addr_rom :   98, clka: 1, dout_rom : 117
en_rom : 1, addr_rom :   97, clka: 1, dout_rom : 214
en_rom : 1, addr_rom :   96, clka: 1, dout_rom :  47
en_rom : 1, addr_rom :   95, clka: 1, dout_rom :  11
en_rom : 1, addr_rom :   94, clka: 1, dout_rom : 190
en_rom : 1, addr_rom :   93, clka: 1, dout_rom :  79
en_rom : 1, addr_rom :   92, clka: 1, dout_rom :  68
en_rom : 1, addr_rom :   91, clka: 1, dout_rom : 226
en_rom : 1, addr_rom :   90, clka: 1, dout_rom : 210
en_rom : 1, addr_rom :   89, clka: 1, dout_rom : 250
en_rom : 1, addr_rom :   88, clka: 1, dout_rom : 112
en_rom : 1, addr_rom :   87, clka: 1, dout_rom :  93
en_rom : 1, addr_rom :   86, clka: 1, dout_rom :  54
en_rom : 1, addr_rom :   85, clka: 1, dout_rom : 128
en_rom : 1, addr_rom :   84, clka: 1, dout_rom : 170
en_rom : 1, addr_rom :   83, clka: 1, dout_rom : 130
en_rom : 1, addr_rom :   82, clka: 1, dout_rom :  31
en_rom : 1, addr_rom :   81, clka: 1, dout_rom : 146
en_rom : 1, addr_rom :   80, clka: 1, dout_rom : 216
en_rom : 1, addr_rom :   79, clka: 1, dout_rom : 250
en_rom : 1, addr_rom :   78, clka: 1, dout_rom :  25
en_rom : 1, addr_rom :   77, clka: 1, dout_rom :  10
en_rom : 1, addr_rom :   76, clka: 1, dout_rom :   3
en_rom : 1, addr_rom :   75, clka: 1, dout_rom :  10
en_rom : 1, addr_rom :   74, clka: 1, dout_rom : 253
en_rom : 1, addr_rom :   73, clka: 1, dout_rom : 242
en_rom : 1, addr_rom :   72, clka: 1, dout_rom : 198
en_rom : 1, addr_rom :   71, clka: 1, dout_rom : 218
en_rom : 1, addr_rom :   70, clka: 1, dout_rom : 231
en_rom : 1, addr_rom :   69, clka: 1, dout_rom : 102
en_rom : 1, addr_rom :   68, clka: 1, dout_rom : 114
en_rom : 1, addr_rom :   67, clka: 1, dout_rom : 171
en_rom : 1, addr_rom :   66, clka: 1, dout_rom : 103
en_rom : 1, addr_rom :   65, clka: 1, dout_rom :  89
en_rom : 1, addr_rom :   64, clka: 1, dout_rom : 159
en_rom : 1, addr_rom :   63, clka: 1, dout_rom : 171
en_rom : 1, addr_rom :   62, clka: 1, dout_rom : 143
en_rom : 1, addr_rom :   61, clka: 1, dout_rom : 219
en_rom : 1, addr_rom :   60, clka: 1, dout_rom : 252
en_rom : 1, addr_rom :   59, clka: 1, dout_rom : 172
en_rom : 1, addr_rom :   58, clka: 1, dout_rom : 225
en_rom : 1, addr_rom :   57, clka: 1, dout_rom : 138
en_rom : 1, addr_rom :   56, clka: 1, dout_rom : 222
en_rom : 1, addr_rom :   55, clka: 1, dout_rom : 104
en_rom : 1, addr_rom :   54, clka: 1, dout_rom : 110
en_rom : 1, addr_rom :   53, clka: 1, dout_rom :  85
en_rom : 1, addr_rom :   52, clka: 1, dout_rom :  50
en_rom : 1, addr_rom :   51, clka: 1, dout_rom : 185
en_rom : 1, addr_rom :   50, clka: 1, dout_rom : 214
en_rom : 1, addr_rom :   49, clka: 1, dout_rom :  14
en_rom : 1, addr_rom :   48, clka: 1, dout_rom :  99
en_rom : 1, addr_rom :   47, clka: 1, dout_rom : 181
en_rom : 1, addr_rom :   46, clka: 1, dout_rom : 201
en_rom : 1, addr_rom :   45, clka: 1, dout_rom :  67
en_rom : 1, addr_rom :   44, clka: 1, dout_rom :  36
en_rom : 1, addr_rom :   43, clka: 1, dout_rom : 239
en_rom : 1, addr_rom :   42, clka: 1, dout_rom :  23
en_rom : 1, addr_rom :   41, clka: 1, dout_rom : 144
en_rom : 1, addr_rom :   40, clka: 1, dout_rom : 221
en_rom : 1, addr_rom :   39, clka: 1, dout_rom :  18
en_rom : 1, addr_rom :   38, clka: 1, dout_rom : 247
en_rom : 1, addr_rom :   37, clka: 1, dout_rom :  89
en_rom : 1, addr_rom :   36, clka: 1, dout_rom :  65
en_rom : 1, addr_rom :   35, clka: 1, dout_rom : 252
en_rom : 1, addr_rom :   34, clka: 1, dout_rom :  34
en_rom : 1, addr_rom :   33, clka: 1, dout_rom : 180
en_rom : 1, addr_rom :   32, clka: 1, dout_rom :  62
en_rom : 1, addr_rom :   31, clka: 1, dout_rom : 159
en_rom : 1, addr_rom :   30, clka: 1, dout_rom :  89
en_rom : 1, addr_rom :   29, clka: 1, dout_rom : 165
en_rom : 1, addr_rom :   28, clka: 1, dout_rom : 239
en_rom : 1, addr_rom :   27, clka: 1, dout_rom : 137
en_rom : 1, addr_rom :   26, clka: 1, dout_rom : 117
en_rom : 1, addr_rom :   25, clka: 1, dout_rom :  14
en_rom : 1, addr_rom :   24, clka: 1, dout_rom :  67
en_rom : 1, addr_rom :   23, clka: 1, dout_rom : 120
en_rom : 1, addr_rom :   22, clka: 1, dout_rom :  41
en_rom : 1, addr_rom :   21, clka: 1, dout_rom : 252
en_rom : 1, addr_rom :   20, clka: 1, dout_rom : 122
en_rom : 1, addr_rom :   19, clka: 1, dout_rom : 243
en_rom : 1, addr_rom :   18, clka: 1, dout_rom : 132
en_rom : 1, addr_rom :   17, clka: 1, dout_rom :  61
en_rom : 1, addr_rom :   16, clka: 1, dout_rom : 244
en_rom : 1, addr_rom :   15, clka: 1, dout_rom :  99
en_rom : 1, addr_rom :   14, clka: 1, dout_rom : 219
en_rom : 1, addr_rom :   13, clka: 1, dout_rom : 199
en_rom : 1, addr_rom :   12, clka: 1, dout_rom : 228
en_rom : 1, addr_rom :   11, clka: 1, dout_rom : 154
en_rom : 1, addr_rom :   10, clka: 1, dout_rom :  79
en_rom : 1, addr_rom :    9, clka: 1, dout_rom :  54
en_rom : 1, addr_rom :    8, clka: 1, dout_rom : 213
en_rom : 1, addr_rom :    7, clka: 1, dout_rom : 155
en_rom : 1, addr_rom :    6, clka: 1, dout_rom : 187
en_rom : 1, addr_rom :    5, clka: 1, dout_rom :  50
en_rom : 1, addr_rom :    4, clka: 1, dout_rom :  34
en_rom : 1, addr_rom :    3, clka: 1, dout_rom : 230
en_rom : 1, addr_rom :    2, clka: 1, dout_rom :   2
en_rom : 1, addr_rom :    1, clka: 1, dout_rom :   0
en_rom : 1, addr_rom :    0, clka: 1, dout_rom :  82
*************************

test passed! 1024 correct!

*************************
$finish called at time : 51490 ns : File "C:/Users/DELL/OneDrive - SNU/Documents/2022-2/digital-systems/lab/Lab6/lab6_studentcode/bram_tb.v" Line 93
