#! /usr/local/Cellar/icarus-verilog/11.0/bin/vvp
:ivl_version "11.0 (stable)";
:ivl_delay_selection "TYPICAL";
:vpi_time_precision - 12;
:vpi_module "/usr/local/Cellar/icarus-verilog/11.0/lib/ivl/system.vpi";
:vpi_module "/usr/local/Cellar/icarus-verilog/11.0/lib/ivl/vhdl_sys.vpi";
:vpi_module "/usr/local/Cellar/icarus-verilog/11.0/lib/ivl/vhdl_textio.vpi";
:vpi_module "/usr/local/Cellar/icarus-verilog/11.0/lib/ivl/v2005_math.vpi";
:vpi_module "/usr/local/Cellar/icarus-verilog/11.0/lib/ivl/va_math.vpi";
S_0x7f7baa914030 .scope module, "tb_UART_top" "tb_UART_top" 2 3;
 .timescale -9 -12;
v0x6000020c2d90_0 .var "clk", 0 0;
v0x6000020c2e20_0 .net "led_out", 7 0, v0x6000020c07e0_0;  1 drivers
v0x6000020c2eb0_0 .var "led_out_data", 15 0;
v0x6000020c2f40_0 .var "pushBTN_in", 0 0;
v0x6000020c2fd0_0 .var "rstn", 0 0;
v0x6000020c3060_0 .var "slideSW_in", 7 0;
v0x6000020c30f0_0 .var "slide_in_data", 15 0;
v0x6000020c3180_0 .var "uart_in_data", 15 0;
v0x6000020c3210_0 .var "uart_out_data", 15 0;
v0x6000020c32a0_0 .var "uart_rx", 0 0;
v0x6000020c3330_0 .net "uart_tx", 0 0, v0x6000020c2130_0;  1 drivers
S_0x7f7baa906510 .scope module, "uUART_top" "UART_top" 2 23, 3 3 0, S_0x7f7baa914030;
 .timescale -9 -12;
    .port_info 0 /INPUT 1 "clk";
    .port_info 1 /INPUT 1 "rstn";
    .port_info 2 /INPUT 1 "uart_rx";
    .port_info 3 /INPUT 1 "pushBTN_in";
    .port_info 4 /INPUT 8 "slideSW_in";
    .port_info 5 /OUTPUT 8 "led_out";
    .port_info 6 /OUTPUT 1 "uart_tx";
v0x6000020c2640_0 .net "clk", 0 0, v0x6000020c2d90_0;  1 drivers
v0x6000020c26d0_0 .net "led_out", 7 0, v0x6000020c07e0_0;  alias, 1 drivers
v0x6000020c2760_0 .net "pushBTN_in", 0 0, v0x6000020c2f40_0;  1 drivers
v0x6000020c27f0_0 .net "rdata", 7 0, v0x6000020c17a0_0;  1 drivers
v0x6000020c2880_0 .net "rdata_valid", 0 0, v0x6000020c1830_0;  1 drivers
v0x6000020c2910_0 .net "rstn", 0 0, v0x6000020c2fd0_0;  1 drivers
v0x6000020c29a0_0 .net "slideSW_in", 7 0, v0x6000020c3060_0;  1 drivers
v0x6000020c2a30_0 .net "tdata", 7 0, v0x6000020c0bd0_0;  1 drivers
v0x6000020c2ac0_0 .net "tdata_req", 0 0, v0x6000020c0c60_0;  1 drivers
v0x6000020c2b50_0 .net "uart_rx", 0 0, v0x6000020c32a0_0;  1 drivers
v0x6000020c2be0_0 .net "uart_tx", 0 0, v0x6000020c2130_0;  alias, 1 drivers
S_0x7f7baa906680 .scope module, "ugpio" "GPIO" 3 20, 4 3 0, S_0x7f7baa906510;
 .timescale -9 -12;
    .port_info 0 /INPUT 1 "clk";
    .port_info 1 /INPUT 1 "rstn";
    .port_info 2 /INPUT 8 "in_data";
    .port_info 3 /INPUT 1 "in_valid";
    .port_info 4 /INPUT 1 "pushBTN_in";
    .port_info 5 /INPUT 8 "slideSW_in";
    .port_info 6 /OUTPUT 8 "led_out";
    .port_info 7 /OUTPUT 8 "out_data";
    .port_info 8 /OUTPUT 1 "out_ready";
v0x6000020c1050_0 .net "clk", 0 0, v0x6000020c2d90_0;  alias, 1 drivers
v0x6000020c10e0_0 .net "in_data", 7 0, v0x6000020c17a0_0;  alias, 1 drivers
v0x6000020c1170_0 .net "in_valid", 0 0, v0x6000020c1830_0;  alias, 1 drivers
v0x6000020c1200_0 .net "led_out", 7 0, v0x6000020c07e0_0;  alias, 1 drivers
v0x6000020c1290_0 .net "out_data", 7 0, v0x6000020c0bd0_0;  alias, 1 drivers
v0x6000020c1320_0 .net "out_ready", 0 0, v0x6000020c0c60_0;  alias, 1 drivers
v0x6000020c13b0_0 .net "pushBTN_in", 0 0, v0x6000020c2f40_0;  alias, 1 drivers
v0x6000020c1440_0 .net "rstn", 0 0, v0x6000020c2fd0_0;  alias, 1 drivers
v0x6000020c14d0_0 .net "slideSW_in", 7 0, v0x6000020c3060_0;  alias, 1 drivers
S_0x7f7baa90bc10 .scope module, "uLEDindicator" "LEDindicator" 4 15, 4 21 0, S_0x7f7baa906680;
 .timescale -9 -12;
    .port_info 0 /INPUT 1 "clk";
    .port_info 1 /INPUT 1 "rstn";
    .port_info 2 /INPUT 8 "in_data";
    .port_info 3 /INPUT 1 "in_valid";
    .port_info 4 /OUTPUT 8 "led_out";
v0x6000020c0630_0 .net "clk", 0 0, v0x6000020c2d90_0;  alias, 1 drivers
v0x6000020c06c0_0 .net "in_data", 7 0, v0x6000020c17a0_0;  alias, 1 drivers
v0x6000020c0750_0 .net "in_valid", 0 0, v0x6000020c1830_0;  alias, 1 drivers
v0x6000020c07e0_0 .var "led_out", 7 0;
v0x6000020c0870_0 .net "rstn", 0 0, v0x6000020c2fd0_0;  alias, 1 drivers
E_0x600001cd2340 .event posedge, v0x6000020c0630_0;
S_0x7f7baa90bd80 .scope module, "uget_BTNinfo" "get_BTNinfo" 4 16, 4 46 0, S_0x7f7baa906680;
 .timescale -9 -12;
    .port_info 0 /INPUT 1 "clk";
    .port_info 1 /INPUT 1 "rstn";
    .port_info 2 /INPUT 1 "pushBTN_in";
    .port_info 3 /INPUT 8 "slideSW_in";
    .port_info 4 /OUTPUT 8 "out_data";
    .port_info 5 /OUTPUT 1 "out_ready";
v0x6000020c0990_0 .var "button_ff1", 0 0;
v0x6000020c0a20_0 .var "button_ff2", 0 0;
v0x6000020c0ab0_0 .net "clk", 0 0, v0x6000020c2d90_0;  alias, 1 drivers
v0x6000020c0b40_0 .var "debounce_count", 14 0;
v0x6000020c0bd0_0 .var "out_data", 7 0;
v0x6000020c0c60_0 .var "out_ready", 0 0;
v0x6000020c0cf0_0 .var "outputInterval_count", 23 0;
v0x6000020c0d80_0 .net "pushBTN_in", 0 0, v0x6000020c2f40_0;  alias, 1 drivers
v0x6000020c0e10_0 .net "rstn", 0 0, v0x6000020c2fd0_0;  alias, 1 drivers
v0x6000020c0ea0_0 .net "slideSW_in", 7 0, v0x6000020c3060_0;  alias, 1 drivers
v0x6000020c0f30_0 .var "temp", 7 0;
v0x6000020c0fc0_0 .var "transmit", 0 0;
S_0x7f7baa908c10 .scope module, "uuart" "UART" 3 19, 5 3 0, S_0x7f7baa906510;
 .timescale -9 -12;
    .port_info 0 /INPUT 1 "clk";
    .port_info 1 /INPUT 1 "rstn";
    .port_info 2 /INPUT 1 "uart_rx";
    .port_info 3 /INPUT 8 "tdata";
    .port_info 4 /INPUT 1 "tdata_req";
    .port_info 5 /OUTPUT 8 "rdata";
    .port_info 6 /OUTPUT 1 "rdata_valid";
    .port_info 7 /OUTPUT 1 "uart_tx";
v0x6000020c21c0_0 .net "clk", 0 0, v0x6000020c2d90_0;  alias, 1 drivers
v0x6000020c2250_0 .net "rdata", 7 0, v0x6000020c17a0_0;  alias, 1 drivers
v0x6000020c22e0_0 .net "rdata_valid", 0 0, v0x6000020c1830_0;  alias, 1 drivers
v0x6000020c2370_0 .net "rstn", 0 0, v0x6000020c2fd0_0;  alias, 1 drivers
v0x6000020c2400_0 .net "tdata", 7 0, v0x6000020c0bd0_0;  alias, 1 drivers
v0x6000020c2490_0 .net "tdata_req", 0 0, v0x6000020c0c60_0;  alias, 1 drivers
v0x6000020c2520_0 .net "uart_rx", 0 0, v0x6000020c32a0_0;  alias, 1 drivers
v0x6000020c25b0_0 .net "uart_tx", 0 0, v0x6000020c2130_0;  alias, 1 drivers
S_0x7f7baa908d80 .scope module, "rcv" "receiver" 5 14, 5 20 0, S_0x7f7baa908c10;
 .timescale -9 -12;
    .port_info 0 /INPUT 1 "clk";
    .port_info 1 /INPUT 1 "rstn";
    .port_info 2 /INPUT 1 "uart_rx";
    .port_info 3 /OUTPUT 8 "rdata";
    .port_info 4 /OUTPUT 1 "rdata_valid";
P_0x6000027c3e40 .param/l "IDLE" 1 5 29, C4<0>;
P_0x6000027c3e80 .param/l "RCV" 1 5 30, C4<1>;
P_0x6000027c3ec0 .param/l "baud_rate" 0 5 21, +C4<00000000000000000000000001101100>;
v0x6000020c1560_0 .var "baud_rate_count", 6 0;
v0x6000020c15f0_0 .net "clk", 0 0, v0x6000020c2d90_0;  alias, 1 drivers
v0x6000020c1680_0 .var "init_count", 3 0;
v0x6000020c1710_0 .var "next_state", 0 0;
v0x6000020c17a0_0 .var "rdata", 7 0;
v0x6000020c1830_0 .var "rdata_valid", 0 0;
v0x6000020c18c0_0 .var "receive_bit", 3 0;
v0x6000020c1950_0 .net "rstn", 0 0, v0x6000020c2fd0_0;  alias, 1 drivers
v0x6000020c19e0_0 .var "state", 0 0;
v0x6000020c1a70_0 .net "uart_rx", 0 0, v0x6000020c32a0_0;  alias, 1 drivers
v0x6000020c1b00_0 .var "uart_rx_buf1", 0 0;
v0x6000020c1b90_0 .var "uart_rx_buf2", 0 0;
E_0x600001cd23d0 .event edge, v0x6000020c19e0_0, v0x6000020c1680_0, v0x6000020c1560_0, v0x6000020c18c0_0;
S_0x7f7baa9043b0 .scope module, "trm" "transmitter" 5 15, 5 101 0, S_0x7f7baa908c10;
 .timescale -9 -12;
    .port_info 0 /INPUT 1 "clk";
    .port_info 1 /INPUT 1 "rstn";
    .port_info 2 /OUTPUT 1 "uart_tx";
    .port_info 3 /INPUT 8 "tdata";
    .port_info 4 /INPUT 1 "tdata_req";
P_0x6000027c3f00 .param/l "IDLE" 1 5 110, C4<0>;
P_0x6000027c3f40 .param/l "TRM" 1 5 111, C4<1>;
P_0x6000027c3f80 .param/l "baud_rate" 0 5 102, +C4<00000000000000000000000001101100>;
v0x6000020c1c20_0 .var "baud_rate_count", 6 0;
v0x6000020c1cb0_0 .net "clk", 0 0, v0x6000020c2d90_0;  alias, 1 drivers
v0x6000020c1d40_0 .var "data", 7 0;
v0x6000020c1dd0_0 .var "next_state", 0 0;
v0x6000020c1e60_0 .net "rstn", 0 0, v0x6000020c2fd0_0;  alias, 1 drivers
v0x6000020c1ef0_0 .var "state", 0 0;
v0x6000020c1f80_0 .net "tdata", 7 0, v0x6000020c0bd0_0;  alias, 1 drivers
v0x6000020c2010_0 .net "tdata_req", 0 0, v0x6000020c0c60_0;  alias, 1 drivers
v0x6000020c20a0_0 .var "transmit_bit", 3 0;
v0x6000020c2130_0 .var "uart_tx", 0 0;
E_0x600001cd24f0 .event edge, v0x6000020c1ef0_0, v0x6000020c0c60_0, v0x6000020c1c20_0, v0x6000020c20a0_0;
S_0x7f7baa904520 .scope task, "uart_rx_8bit" "uart_rx_8bit" 2 251, 2 251 0, S_0x7f7baa914030;
 .timescale -9 -12;
v0x6000020c2c70_0 .var "data", 7 0;
E_0x600001cd2310 .event negedge, v0x6000020c0630_0;
TD_tb_UART_top.uart_rx_8bit ;
    %delay 1000, 0;
    %pushi/vec4 1, 0, 1;
    %store/vec4 v0x6000020c32a0_0, 0, 1;
    %pushi/vec4 108, 0, 32;
T_0.0 %dup/vec4;
    %pushi/vec4 0, 0, 32;
    %cmp/s;
    %jmp/1xz T_0.1, 5;
    %jmp/1 T_0.1, 4;
    %pushi/vec4 1, 0, 32;
    %sub;
    %wait E_0x600001cd2310;
    %jmp T_0.0;
T_0.1 ;
    %pop/vec4 1;
    %vpi_func 2 262 "$random" 32 {0 0 0};
    %pushi/vec4 1, 0, 32;
    %mod/s;
    %pad/s 64;
    %muli 1000, 0, 64;
    %ix/vec4 4;
    %delayx 4;
    %pushi/vec4 0, 0, 1;
    %store/vec4 v0x6000020c32a0_0, 0, 1;
    %pushi/vec4 108, 0, 32;
T_0.2 %dup/vec4;
    %pushi/vec4 0, 0, 32;
    %cmp/s;
    %jmp/1xz T_0.3, 5;
    %jmp/1 T_0.3, 4;
    %pushi/vec4 1, 0, 32;
    %sub;
    %wait E_0x600001cd2310;
    %jmp T_0.2;
T_0.3 ;
    %pop/vec4 1;
    %vpi_func 2 267 "$random" 32 {0 0 0};
    %pushi/vec4 1, 0, 32;
    %mod/s;
    %pad/s 64;
    %muli 1000, 0, 64;
    %ix/vec4 4;
    %delayx 4;
    %load/vec4 v0x6000020c2c70_0;
    %parti/s 1, 0, 2;
    %store/vec4 v0x6000020c32a0_0, 0, 1;
    %pushi/vec4 108, 0, 32;
T_0.4 %dup/vec4;
    %pushi/vec4 0, 0, 32;
    %cmp/s;
    %jmp/1xz T_0.5, 5;
    %jmp/1 T_0.5, 4;
    %pushi/vec4 1, 0, 32;
    %sub;
    %wait E_0x600001cd2310;
    %jmp T_0.4;
T_0.5 ;
    %pop/vec4 1;
    %vpi_func 2 271 "$random" 32 {0 0 0};
    %pushi/vec4 1, 0, 32;
    %mod/s;
    %pad/s 64;
    %muli 1000, 0, 64;
    %ix/vec4 4;
    %delayx 4;
    %load/vec4 v0x6000020c2c70_0;
    %parti/s 1, 1, 2;
    %store/vec4 v0x6000020c32a0_0, 0, 1;
    %pushi/vec4 108, 0, 32;
T_0.6 %dup/vec4;
    %pushi/vec4 0, 0, 32;
    %cmp/s;
    %jmp/1xz T_0.7, 5;
    %jmp/1 T_0.7, 4;
    %pushi/vec4 1, 0, 32;
    %sub;
    %wait E_0x600001cd2310;
    %jmp T_0.6;
T_0.7 ;
    %pop/vec4 1;
    %vpi_func 2 275 "$random" 32 {0 0 0};
    %pushi/vec4 1, 0, 32;
    %mod/s;
    %pad/s 64;
    %muli 1000, 0, 64;
    %ix/vec4 4;
    %delayx 4;
    %load/vec4 v0x6000020c2c70_0;
    %parti/s 1, 2, 3;
    %store/vec4 v0x6000020c32a0_0, 0, 1;
    %pushi/vec4 108, 0, 32;
T_0.8 %dup/vec4;
    %pushi/vec4 0, 0, 32;
    %cmp/s;
    %jmp/1xz T_0.9, 5;
    %jmp/1 T_0.9, 4;
    %pushi/vec4 1, 0, 32;
    %sub;
    %wait E_0x600001cd2310;
    %jmp T_0.8;
T_0.9 ;
    %pop/vec4 1;
    %vpi_func 2 279 "$random" 32 {0 0 0};
    %pushi/vec4 1, 0, 32;
    %mod/s;
    %pad/s 64;
    %muli 1000, 0, 64;
    %ix/vec4 4;
    %delayx 4;
    %load/vec4 v0x6000020c2c70_0;
    %parti/s 1, 3, 3;
    %store/vec4 v0x6000020c32a0_0, 0, 1;
    %pushi/vec4 108, 0, 32;
T_0.10 %dup/vec4;
    %pushi/vec4 0, 0, 32;
    %cmp/s;
    %jmp/1xz T_0.11, 5;
    %jmp/1 T_0.11, 4;
    %pushi/vec4 1, 0, 32;
    %sub;
    %wait E_0x600001cd2310;
    %jmp T_0.10;
T_0.11 ;
    %pop/vec4 1;
    %vpi_func 2 283 "$random" 32 {0 0 0};
    %pushi/vec4 1, 0, 32;
    %mod/s;
    %pad/s 64;
    %muli 1000, 0, 64;
    %ix/vec4 4;
    %delayx 4;
    %load/vec4 v0x6000020c2c70_0;
    %parti/s 1, 4, 4;
    %store/vec4 v0x6000020c32a0_0, 0, 1;
    %pushi/vec4 108, 0, 32;
T_0.12 %dup/vec4;
    %pushi/vec4 0, 0, 32;
    %cmp/s;
    %jmp/1xz T_0.13, 5;
    %jmp/1 T_0.13, 4;
    %pushi/vec4 1, 0, 32;
    %sub;
    %wait E_0x600001cd2310;
    %jmp T_0.12;
T_0.13 ;
    %pop/vec4 1;
    %vpi_func 2 287 "$random" 32 {0 0 0};
    %pushi/vec4 1, 0, 32;
    %mod/s;
    %pad/s 64;
    %muli 1000, 0, 64;
    %ix/vec4 4;
    %delayx 4;
    %load/vec4 v0x6000020c2c70_0;
    %parti/s 1, 5, 4;
    %store/vec4 v0x6000020c32a0_0, 0, 1;
    %pushi/vec4 108, 0, 32;
T_0.14 %dup/vec4;
    %pushi/vec4 0, 0, 32;
    %cmp/s;
    %jmp/1xz T_0.15, 5;
    %jmp/1 T_0.15, 4;
    %pushi/vec4 1, 0, 32;
    %sub;
    %wait E_0x600001cd2310;
    %jmp T_0.14;
T_0.15 ;
    %pop/vec4 1;
    %vpi_func 2 291 "$random" 32 {0 0 0};
    %pushi/vec4 1, 0, 32;
    %mod/s;
    %pad/s 64;
    %muli 1000, 0, 64;
    %ix/vec4 4;
    %delayx 4;
    %load/vec4 v0x6000020c2c70_0;
    %parti/s 1, 6, 4;
    %store/vec4 v0x6000020c32a0_0, 0, 1;
    %pushi/vec4 108, 0, 32;
T_0.16 %dup/vec4;
    %pushi/vec4 0, 0, 32;
    %cmp/s;
    %jmp/1xz T_0.17, 5;
    %jmp/1 T_0.17, 4;
    %pushi/vec4 1, 0, 32;
    %sub;
    %wait E_0x600001cd2310;
    %jmp T_0.16;
T_0.17 ;
    %pop/vec4 1;
    %vpi_func 2 295 "$random" 32 {0 0 0};
    %pushi/vec4 1, 0, 32;
    %mod/s;
    %pad/s 64;
    %muli 1000, 0, 64;
    %ix/vec4 4;
    %delayx 4;
    %load/vec4 v0x6000020c2c70_0;
    %parti/s 1, 7, 4;
    %store/vec4 v0x6000020c32a0_0, 0, 1;
    %pushi/vec4 108, 0, 32;
T_0.18 %dup/vec4;
    %pushi/vec4 0, 0, 32;
    %cmp/s;
    %jmp/1xz T_0.19, 5;
    %jmp/1 T_0.19, 4;
    %pushi/vec4 1, 0, 32;
    %sub;
    %wait E_0x600001cd2310;
    %jmp T_0.18;
T_0.19 ;
    %pop/vec4 1;
    %vpi_func 2 300 "$random" 32 {0 0 0};
    %pushi/vec4 1, 0, 32;
    %mod/s;
    %pad/s 64;
    %muli 1000, 0, 64;
    %ix/vec4 4;
    %delayx 4;
    %pushi/vec4 1, 0, 1;
    %store/vec4 v0x6000020c32a0_0, 0, 1;
    %end;
S_0x7f7baa904690 .scope task, "uart_tx_8bit" "uart_tx_8bit" 2 304, 2 304 0, S_0x7f7baa914030;
 .timescale -9 -12;
v0x6000020c2d00_0 .var "dataout", 7 0;
E_0x600001cd2580 .event edge, v0x6000020c2130_0;
TD_tb_UART_top.uart_tx_8bit ;
T_1.20 ;
    %load/vec4 v0x6000020c3330_0;
    %pad/u 32;
    %pushi/vec4 0, 0, 32;
    %cmp/e;
    %flag_get/vec4 4;
    %cmpi/ne 1, 0, 1;
    %jmp/0xz T_1.21, 6;
    %wait E_0x600001cd2580;
    %jmp T_1.20;
T_1.21 ;
    %pushi/vec4 20, 0, 32;
T_1.22 %dup/vec4;
    %pushi/vec4 0, 0, 32;
    %cmp/s;
    %jmp/1xz T_1.23, 5;
    %jmp/1 T_1.23, 4;
    %pushi/vec4 1, 0, 32;
    %sub;
    %wait E_0x600001cd2310;
    %jmp T_1.22;
T_1.23 ;
    %pop/vec4 1;
    %pushi/vec4 108, 0, 32;
T_1.24 %dup/vec4;
    %pushi/vec4 0, 0, 32;
    %cmp/s;
    %jmp/1xz T_1.25, 5;
    %jmp/1 T_1.25, 4;
    %pushi/vec4 1, 0, 32;
    %sub;
    %wait E_0x600001cd2310;
    %jmp T_1.24;
T_1.25 ;
    %pop/vec4 1;
    %vpi_func 2 313 "$random" 32 {0 0 0};
    %pushi/vec4 1, 0, 32;
    %mod/s;
    %pad/s 64;
    %muli 1000, 0, 64;
    %ix/vec4 4;
    %delayx 4;
    %load/vec4 v0x6000020c3330_0;
    %ix/load 4, 0, 0;
    %flag_set/imm 4, 0;
    %store/vec4 v0x6000020c2d00_0, 4, 1;
    %pushi/vec4 108, 0, 32;
T_1.26 %dup/vec4;
    %pushi/vec4 0, 0, 32;
    %cmp/s;
    %jmp/1xz T_1.27, 5;
    %jmp/1 T_1.27, 4;
    %pushi/vec4 1, 0, 32;
    %sub;
    %wait E_0x600001cd2310;
    %jmp T_1.26;
T_1.27 ;
    %pop/vec4 1;
    %vpi_func 2 317 "$random" 32 {0 0 0};
    %pushi/vec4 1, 0, 32;
    %mod/s;
    %pad/s 64;
    %muli 1000, 0, 64;
    %ix/vec4 4;
    %delayx 4;
    %load/vec4 v0x6000020c3330_0;
    %ix/load 4, 1, 0;
    %flag_set/imm 4, 0;
    %store/vec4 v0x6000020c2d00_0, 4, 1;
    %pushi/vec4 108, 0, 32;
T_1.28 %dup/vec4;
    %pushi/vec4 0, 0, 32;
    %cmp/s;
    %jmp/1xz T_1.29, 5;
    %jmp/1 T_1.29, 4;
    %pushi/vec4 1, 0, 32;
    %sub;
    %wait E_0x600001cd2310;
    %jmp T_1.28;
T_1.29 ;
    %pop/vec4 1;
    %vpi_func 2 321 "$random" 32 {0 0 0};
    %pushi/vec4 1, 0, 32;
    %mod/s;
    %pad/s 64;
    %muli 1000, 0, 64;
    %ix/vec4 4;
    %delayx 4;
    %load/vec4 v0x6000020c3330_0;
    %ix/load 4, 2, 0;
    %flag_set/imm 4, 0;
    %store/vec4 v0x6000020c2d00_0, 4, 1;
    %pushi/vec4 108, 0, 32;
T_1.30 %dup/vec4;
    %pushi/vec4 0, 0, 32;
    %cmp/s;
    %jmp/1xz T_1.31, 5;
    %jmp/1 T_1.31, 4;
    %pushi/vec4 1, 0, 32;
    %sub;
    %wait E_0x600001cd2310;
    %jmp T_1.30;
T_1.31 ;
    %pop/vec4 1;
    %vpi_func 2 325 "$random" 32 {0 0 0};
    %pushi/vec4 1, 0, 32;
    %mod/s;
    %pad/s 64;
    %muli 1000, 0, 64;
    %ix/vec4 4;
    %delayx 4;
    %load/vec4 v0x6000020c3330_0;
    %ix/load 4, 3, 0;
    %flag_set/imm 4, 0;
    %store/vec4 v0x6000020c2d00_0, 4, 1;
    %pushi/vec4 108, 0, 32;
T_1.32 %dup/vec4;
    %pushi/vec4 0, 0, 32;
    %cmp/s;
    %jmp/1xz T_1.33, 5;
    %jmp/1 T_1.33, 4;
    %pushi/vec4 1, 0, 32;
    %sub;
    %wait E_0x600001cd2310;
    %jmp T_1.32;
T_1.33 ;
    %pop/vec4 1;
    %vpi_func 2 329 "$random" 32 {0 0 0};
    %pushi/vec4 1, 0, 32;
    %mod/s;
    %pad/s 64;
    %muli 1000, 0, 64;
    %ix/vec4 4;
    %delayx 4;
    %load/vec4 v0x6000020c3330_0;
    %ix/load 4, 4, 0;
    %flag_set/imm 4, 0;
    %store/vec4 v0x6000020c2d00_0, 4, 1;
    %pushi/vec4 108, 0, 32;
T_1.34 %dup/vec4;
    %pushi/vec4 0, 0, 32;
    %cmp/s;
    %jmp/1xz T_1.35, 5;
    %jmp/1 T_1.35, 4;
    %pushi/vec4 1, 0, 32;
    %sub;
    %wait E_0x600001cd2310;
    %jmp T_1.34;
T_1.35 ;
    %pop/vec4 1;
    %vpi_func 2 333 "$random" 32 {0 0 0};
    %pushi/vec4 1, 0, 32;
    %mod/s;
    %pad/s 64;
    %muli 1000, 0, 64;
    %ix/vec4 4;
    %delayx 4;
    %load/vec4 v0x6000020c3330_0;
    %ix/load 4, 5, 0;
    %flag_set/imm 4, 0;
    %store/vec4 v0x6000020c2d00_0, 4, 1;
    %pushi/vec4 108, 0, 32;
T_1.36 %dup/vec4;
    %pushi/vec4 0, 0, 32;
    %cmp/s;
    %jmp/1xz T_1.37, 5;
    %jmp/1 T_1.37, 4;
    %pushi/vec4 1, 0, 32;
    %sub;
    %wait E_0x600001cd2310;
    %jmp T_1.36;
T_1.37 ;
    %pop/vec4 1;
    %vpi_func 2 337 "$random" 32 {0 0 0};
    %pushi/vec4 1, 0, 32;
    %mod/s;
    %pad/s 64;
    %muli 1000, 0, 64;
    %ix/vec4 4;
    %delayx 4;
    %load/vec4 v0x6000020c3330_0;
    %ix/load 4, 6, 0;
    %flag_set/imm 4, 0;
    %store/vec4 v0x6000020c2d00_0, 4, 1;
    %pushi/vec4 108, 0, 32;
T_1.38 %dup/vec4;
    %pushi/vec4 0, 0, 32;
    %cmp/s;
    %jmp/1xz T_1.39, 5;
    %jmp/1 T_1.39, 4;
    %pushi/vec4 1, 0, 32;
    %sub;
    %wait E_0x600001cd2310;
    %jmp T_1.38;
T_1.39 ;
    %pop/vec4 1;
    %vpi_func 2 341 "$random" 32 {0 0 0};
    %pushi/vec4 1, 0, 32;
    %mod/s;
    %pad/s 64;
    %muli 1000, 0, 64;
    %ix/vec4 4;
    %delayx 4;
    %load/vec4 v0x6000020c3330_0;
    %ix/load 4, 7, 0;
    %flag_set/imm 4, 0;
    %store/vec4 v0x6000020c2d00_0, 4, 1;
T_1.40 ;
    %load/vec4 v0x6000020c3330_0;
    %cmpi/ne 1, 0, 1;
    %jmp/0xz T_1.41, 6;
    %wait E_0x600001cd2580;
    %jmp T_1.40;
T_1.41 ;
    %end;
    .scope S_0x7f7baa908d80;
T_2 ;
    %wait E_0x600001cd23d0;
    %load/vec4 v0x6000020c19e0_0;
    %dup/vec4;
    %pushi/vec4 0, 0, 1;
    %cmp/u;
    %jmp/1 T_2.0, 6;
    %dup/vec4;
    %pushi/vec4 1, 0, 1;
    %cmp/u;
    %jmp/1 T_2.1, 6;
    %pushi/vec4 0, 0, 1;
    %store/vec4 v0x6000020c1710_0, 0, 1;
    %jmp T_2.3;
T_2.0 ;
    %load/vec4 v0x6000020c1680_0;
    %cmpi/e 15, 0, 4;
    %jmp/0xz  T_2.4, 4;
    %pushi/vec4 1, 0, 1;
    %store/vec4 v0x6000020c1710_0, 0, 1;
    %jmp T_2.5;
T_2.4 ;
    %pushi/vec4 0, 0, 1;
    %store/vec4 v0x6000020c1710_0, 0, 1;
T_2.5 ;
    %jmp T_2.3;
T_2.1 ;
    %load/vec4 v0x6000020c1560_0;
    %pad/u 32;
    %pushi/vec4 108, 0, 32;
    %cmp/e;
    %flag_get/vec4 4;
    %load/vec4 v0x6000020c18c0_0;
    %pushi/vec4 8, 0, 4;
    %cmp/e;
    %flag_get/vec4 4;
    %and;
    %flag_set/vec4 8;
    %jmp/0xz  T_2.6, 8;
    %pushi/vec4 0, 0, 1;
    %store/vec4 v0x6000020c1710_0, 0, 1;
    %jmp T_2.7;
T_2.6 ;
    %pushi/vec4 1, 0, 1;
    %store/vec4 v0x6000020c1710_0, 0, 1;
T_2.7 ;
    %jmp T_2.3;
T_2.3 ;
    %pop/vec4 1;
    %jmp T_2;
    .thread T_2, $push;
    .scope S_0x7f7baa908d80;
T_3 ;
    %wait E_0x600001cd2340;
    %load/vec4 v0x6000020c1950_0;
    %cmpi/e 0, 0, 1;
    %jmp/0xz  T_3.0, 4;
    %pushi/vec4 0, 0, 1;
    %assign/vec4 v0x6000020c19e0_0, 0;
    %pushi/vec4 0, 0, 4;
    %assign/vec4 v0x6000020c1680_0, 0;
    %pushi/vec4 0, 0, 7;
    %assign/vec4 v0x6000020c1560_0, 0;
    %pushi/vec4 0, 0, 4;
    %assign/vec4 v0x6000020c18c0_0, 0;
    %pushi/vec4 0, 0, 8;
    %assign/vec4 v0x6000020c17a0_0, 0;
    %pushi/vec4 0, 0, 1;
    %assign/vec4 v0x6000020c1830_0, 0;
    %pushi/vec4 3, 0, 2;
    %split/vec4 1;
    %assign/vec4 v0x6000020c1b90_0, 0;
    %assign/vec4 v0x6000020c1b00_0, 0;
    %jmp T_3.1;
T_3.0 ;
    %pushi/vec4 0, 0, 7;
    %assign/vec4 v0x6000020c1560_0, 0;
    %load/vec4 v0x6000020c1710_0;
    %assign/vec4 v0x6000020c19e0_0, 0;
    %load/vec4 v0x6000020c1a70_0;
    %load/vec4 v0x6000020c1b00_0;
    %concat/vec4; draw_concat_vec4
    %split/vec4 1;
    %assign/vec4 v0x6000020c1b90_0, 0;
    %assign/vec4 v0x6000020c1b00_0, 0;
    %load/vec4 v0x6000020c19e0_0;
    %cmpi/e 0, 0, 1;
    %jmp/0xz  T_3.2, 4;
    %pushi/vec4 0, 0, 1;
    %assign/vec4 v0x6000020c1830_0, 0;
    %load/vec4 v0x6000020c1b90_0;
    %pad/u 32;
    %cmpi/e 0, 0, 32;
    %jmp/0xz  T_3.4, 4;
    %load/vec4 v0x6000020c1680_0;
    %addi 1, 0, 4;
    %assign/vec4 v0x6000020c1680_0, 0;
T_3.4 ;
    %jmp T_3.3;
T_3.2 ;
    %load/vec4 v0x6000020c19e0_0;
    %cmpi/e 1, 0, 1;
    %jmp/0xz  T_3.6, 4;
    %load/vec4 v0x6000020c1560_0;
    %pad/u 32;
    %cmpi/e 108, 0, 32;
    %jmp/0xz  T_3.8, 4;
    %load/vec4 v0x6000020c1b90_0;
    %load/vec4 v0x6000020c17a0_0;
    %parti/s 7, 1, 2;
    %concat/vec4; draw_concat_vec4
    %assign/vec4 v0x6000020c17a0_0, 0;
    %load/vec4 v0x6000020c18c0_0;
    %cmpi/u 7, 0, 4;
    %jmp/0xz  T_3.10, 5;
    %load/vec4 v0x6000020c18c0_0;
    %addi 1, 0, 4;
    %assign/vec4 v0x6000020c18c0_0, 0;
    %pushi/vec4 0, 0, 1;
    %assign/vec4 v0x6000020c1830_0, 0;
    %jmp T_3.11;
T_3.10 ;
    %load/vec4 v0x6000020c18c0_0;
    %cmpi/e 7, 0, 4;
    %jmp/0xz  T_3.12, 4;
    %load/vec4 v0x6000020c18c0_0;
    %addi 1, 0, 4;
    %assign/vec4 v0x6000020c18c0_0, 0;
    %pushi/vec4 1, 0, 1;
    %assign/vec4 v0x6000020c1830_0, 0;
    %jmp T_3.13;
T_3.12 ;
    %pushi/vec4 0, 0, 1;
    %assign/vec4 v0x6000020c1830_0, 0;
    %pushi/vec4 0, 0, 4;
    %assign/vec4 v0x6000020c18c0_0, 0;
T_3.13 ;
T_3.11 ;
    %jmp T_3.9;
T_3.8 ;
    %pushi/vec4 0, 0, 1;
    %assign/vec4 v0x6000020c1830_0, 0;
    %load/vec4 v0x6000020c1560_0;
    %addi 1, 0, 7;
    %assign/vec4 v0x6000020c1560_0, 0;
T_3.9 ;
T_3.6 ;
T_3.3 ;
T_3.1 ;
    %jmp T_3;
    .thread T_3;
    .scope S_0x7f7baa9043b0;
T_4 ;
    %wait E_0x600001cd24f0;
    %load/vec4 v0x6000020c1ef0_0;
    %dup/vec4;
    %pushi/vec4 0, 0, 1;
    %cmp/u;
    %jmp/1 T_4.0, 6;
    %dup/vec4;
    %pushi/vec4 1, 0, 1;
    %cmp/u;
    %jmp/1 T_4.1, 6;
    %pushi/vec4 0, 0, 1;
    %store/vec4 v0x6000020c1dd0_0, 0, 1;
    %jmp T_4.3;
T_4.0 ;
    %load/vec4 v0x6000020c2010_0;
    %cmpi/e 1, 0, 1;
    %jmp/0xz  T_4.4, 4;
    %pushi/vec4 1, 0, 1;
    %store/vec4 v0x6000020c1dd0_0, 0, 1;
    %jmp T_4.5;
T_4.4 ;
    %load/vec4 v0x6000020c1ef0_0;
    %store/vec4 v0x6000020c1dd0_0, 0, 1;
T_4.5 ;
    %jmp T_4.3;
T_4.1 ;
    %load/vec4 v0x6000020c1c20_0;
    %pad/u 32;
    %pushi/vec4 108, 0, 32;
    %cmp/e;
    %flag_get/vec4 4;
    %load/vec4 v0x6000020c20a0_0;
    %pushi/vec4 9, 0, 4;
    %cmp/e;
    %flag_get/vec4 4;
    %and;
    %flag_set/vec4 8;
    %jmp/0xz  T_4.6, 8;
    %pushi/vec4 0, 0, 1;
    %store/vec4 v0x6000020c1dd0_0, 0, 1;
    %jmp T_4.7;
T_4.6 ;
    %load/vec4 v0x6000020c1ef0_0;
    %store/vec4 v0x6000020c1dd0_0, 0, 1;
T_4.7 ;
    %jmp T_4.3;
T_4.3 ;
    %pop/vec4 1;
    %jmp T_4;
    .thread T_4, $push;
    .scope S_0x7f7baa9043b0;
T_5 ;
    %wait E_0x600001cd2340;
    %load/vec4 v0x6000020c1e60_0;
    %cmpi/e 0, 0, 1;
    %jmp/0xz  T_5.0, 4;
    %pushi/vec4 0, 0, 1;
    %assign/vec4 v0x6000020c1ef0_0, 0;
    %pushi/vec4 0, 0, 7;
    %assign/vec4 v0x6000020c1c20_0, 0;
    %pushi/vec4 1, 0, 1;
    %assign/vec4 v0x6000020c2130_0, 0;
    %pushi/vec4 0, 0, 8;
    %assign/vec4 v0x6000020c1d40_0, 0;
    %pushi/vec4 0, 0, 4;
    %assign/vec4 v0x6000020c20a0_0, 0;
    %jmp T_5.1;
T_5.0 ;
    %pushi/vec4 0, 0, 7;
    %assign/vec4 v0x6000020c1c20_0, 0;
    %load/vec4 v0x6000020c1dd0_0;
    %assign/vec4 v0x6000020c1ef0_0, 0;
    %load/vec4 v0x6000020c1ef0_0;
    %dup/vec4;
    %pushi/vec4 0, 0, 1;
    %cmp/u;
    %jmp/1 T_5.2, 6;
    %dup/vec4;
    %pushi/vec4 1, 0, 1;
    %cmp/u;
    %jmp/1 T_5.3, 6;
    %jmp T_5.4;
T_5.2 ;
    %load/vec4 v0x6000020c2010_0;
    %cmpi/e 1, 0, 1;
    %jmp/0xz  T_5.5, 4;
    %load/vec4 v0x6000020c1f80_0;
    %assign/vec4 v0x6000020c1d40_0, 0;
    %pushi/vec4 0, 0, 1;
    %assign/vec4 v0x6000020c2130_0, 0;
T_5.5 ;
    %jmp T_5.4;
T_5.3 ;
    %load/vec4 v0x6000020c1c20_0;
    %pad/u 32;
    %cmpi/e 108, 0, 32;
    %jmp/0xz  T_5.7, 4;
    %load/vec4 v0x6000020c20a0_0;
    %cmpi/e 9, 0, 4;
    %jmp/0xz  T_5.9, 4;
    %pushi/vec4 0, 0, 4;
    %assign/vec4 v0x6000020c20a0_0, 0;
    %jmp T_5.10;
T_5.9 ;
    %load/vec4 v0x6000020c20a0_0;
    %addi 1, 0, 4;
    %assign/vec4 v0x6000020c20a0_0, 0;
T_5.10 ;
    %pushi/vec4 1, 0, 1;
    %load/vec4 v0x6000020c1d40_0;
    %concat/vec4; draw_concat_vec4
    %split/vec4 1;
    %assign/vec4 v0x6000020c2130_0, 0;
    %assign/vec4 v0x6000020c1d40_0, 0;
    %jmp T_5.8;
T_5.7 ;
    %load/vec4 v0x6000020c1c20_0;
    %addi 1, 0, 7;
    %assign/vec4 v0x6000020c1c20_0, 0;
T_5.8 ;
    %jmp T_5.4;
T_5.4 ;
    %pop/vec4 1;
T_5.1 ;
    %jmp T_5;
    .thread T_5;
    .scope S_0x7f7baa90bc10;
T_6 ;
    %wait E_0x600001cd2340;
    %load/vec4 v0x6000020c0870_0;
    %nor/r;
    %flag_set/vec4 8;
    %jmp/0xz  T_6.0, 8;
    %pushi/vec4 0, 0, 8;
    %assign/vec4 v0x6000020c07e0_0, 0;
    %jmp T_6.1;
T_6.0 ;
    %load/vec4 v0x6000020c0750_0;
    %flag_set/vec4 8;
    %jmp/0xz  T_6.2, 8;
    %load/vec4 v0x6000020c06c0_0;
    %assign/vec4 v0x6000020c07e0_0, 0;
    %vpi_call 4 36 "$display", $time, " led : %b", v0x6000020c07e0_0 {0 0 0};
    %jmp T_6.3;
T_6.2 ;
    %load/vec4 v0x6000020c07e0_0;
    %assign/vec4 v0x6000020c07e0_0, 0;
T_6.3 ;
T_6.1 ;
    %jmp T_6;
    .thread T_6;
    .scope S_0x7f7baa90bd80;
T_7 ;
    %wait E_0x600001cd2340;
    %load/vec4 v0x6000020c0e10_0;
    %nor/r;
    %flag_set/vec4 8;
    %jmp/0xz  T_7.0, 8;
    %pushi/vec4 0, 0, 1;
    %assign/vec4 v0x6000020c0990_0, 0;
    %pushi/vec4 0, 0, 1;
    %assign/vec4 v0x6000020c0a20_0, 0;
    %jmp T_7.1;
T_7.0 ;
    %load/vec4 v0x6000020c0d80_0;
    %assign/vec4 v0x6000020c0990_0, 0;
    %load/vec4 v0x6000020c0990_0;
    %assign/vec4 v0x6000020c0a20_0, 0;
T_7.1 ;
    %jmp T_7;
    .thread T_7;
    .scope S_0x7f7baa90bd80;
T_8 ;
    %wait E_0x600001cd2340;
    %load/vec4 v0x6000020c0e10_0;
    %nor/r;
    %flag_set/vec4 8;
    %jmp/0xz  T_8.0, 8;
    %pushi/vec4 0, 0, 1;
    %assign/vec4 v0x6000020c0fc0_0, 0;
    %pushi/vec4 0, 0, 15;
    %assign/vec4 v0x6000020c0b40_0, 0;
    %pushi/vec4 0, 0, 24;
    %assign/vec4 v0x6000020c0cf0_0, 0;
    %jmp T_8.1;
T_8.0 ;
    %load/vec4 v0x6000020c0cf0_0;
    %cmpi/e 0, 0, 24;
    %jmp/0xz  T_8.2, 4;
    %load/vec4 v0x6000020c0b40_0;
    %cmpi/ne 0, 0, 15;
    %jmp/0xz  T_8.4, 4;
    %load/vec4 v0x6000020c0b40_0;
    %cmpi/e 20000, 0, 15;
    %jmp/0xz  T_8.6, 4;
    %pushi/vec4 0, 0, 15;
    %assign/vec4 v0x6000020c0b40_0, 0;
    %load/vec4 v0x6000020c0a20_0;
    %pushi/vec4 1, 0, 1;
    %cmp/e;
    %flag_get/vec4 4;
    %load/vec4 v0x6000020c0fc0_0;
    %pushi/vec4 0, 0, 1;
    %cmp/e;
    %flag_get/vec4 4;
    %and;
    %flag_set/vec4 8;
    %jmp/0xz  T_8.8, 8;
    %pushi/vec4 1, 0, 1;
    %assign/vec4 v0x6000020c0fc0_0, 0;
    %pushi/vec4 1, 0, 24;
    %assign/vec4 v0x6000020c0cf0_0, 0;
    %jmp T_8.9;
T_8.8 ;
    %pushi/vec4 0, 0, 1;
    %assign/vec4 v0x6000020c0fc0_0, 0;
    %pushi/vec4 0, 0, 24;
    %assign/vec4 v0x6000020c0cf0_0, 0;
T_8.9 ;
    %jmp T_8.7;
T_8.6 ;
    %pushi/vec4 0, 0, 1;
    %assign/vec4 v0x6000020c0fc0_0, 0;
    %load/vec4 v0x6000020c0b40_0;
    %addi 1, 0, 15;
    %assign/vec4 v0x6000020c0b40_0, 0;
T_8.7 ;
    %jmp T_8.5;
T_8.4 ;
    %load/vec4 v0x6000020c0a20_0;
    %pushi/vec4 0, 0, 1;
    %cmp/e;
    %flag_get/vec4 4;
    %load/vec4 v0x6000020c0990_0;
    %pushi/vec4 1, 0, 1;
    %cmp/e;
    %flag_get/vec4 4;
    %and;
    %flag_set/vec4 8;
    %jmp/0xz  T_8.10, 8;
    %pushi/vec4 1, 0, 15;
    %assign/vec4 v0x6000020c0b40_0, 0;
    %jmp T_8.11;
T_8.10 ;
    %pushi/vec4 0, 0, 15;
    %assign/vec4 v0x6000020c0b40_0, 0;
T_8.11 ;
T_8.5 ;
    %jmp T_8.3;
T_8.2 ;
    %load/vec4 v0x6000020c0cf0_0;
    %cmpi/e 10000000, 0, 24;
    %jmp/0xz  T_8.12, 4;
    %pushi/vec4 0, 0, 24;
    %assign/vec4 v0x6000020c0cf0_0, 0;
    %jmp T_8.13;
T_8.12 ;
    %load/vec4 v0x6000020c0cf0_0;
    %cmpi/e 2, 0, 24;
    %jmp/0xz  T_8.14, 4;
    %pushi/vec4 0, 0, 1;
    %store/vec4 v0x6000020c0fc0_0, 0, 1;
    %load/vec4 v0x6000020c0cf0_0;
    %addi 1, 0, 24;
    %assign/vec4 v0x6000020c0cf0_0, 0;
    %jmp T_8.15;
T_8.14 ;
    %load/vec4 v0x6000020c0cf0_0;
    %addi 1, 0, 24;
    %assign/vec4 v0x6000020c0cf0_0, 0;
T_8.15 ;
T_8.13 ;
T_8.3 ;
T_8.1 ;
    %jmp T_8;
    .thread T_8;
    .scope S_0x7f7baa90bd80;
T_9 ;
    %wait E_0x600001cd2340;
    %load/vec4 v0x6000020c0e10_0;
    %nor/r;
    %flag_set/vec4 8;
    %jmp/0xz  T_9.0, 8;
    %pushi/vec4 0, 0, 8;
    %assign/vec4 v0x6000020c0bd0_0, 0;
    %pushi/vec4 0, 0, 1;
    %assign/vec4 v0x6000020c0c60_0, 0;
    %jmp T_9.1;
T_9.0 ;
    %load/vec4 v0x6000020c0ea0_0;
    %assign/vec4 v0x6000020c0f30_0, 0;
    %load/vec4 v0x6000020c0fc0_0;
    %cmpi/e 1, 0, 1;
    %jmp/0xz  T_9.2, 4;
    %pushi/vec4 1, 0, 1;
    %assign/vec4 v0x6000020c0c60_0, 0;
    %load/vec4 v0x6000020c0f30_0;
    %assign/vec4 v0x6000020c0bd0_0, 0;
    %jmp T_9.3;
T_9.2 ;
    %pushi/vec4 0, 0, 1;
    %assign/vec4 v0x6000020c0c60_0, 0;
    %load/vec4 v0x6000020c0bd0_0;
    %assign/vec4 v0x6000020c0bd0_0, 0;
T_9.3 ;
T_9.1 ;
    %jmp T_9;
    .thread T_9;
    .scope S_0x7f7baa914030;
T_10 ;
    %delay 5000, 0;
    %load/vec4 v0x6000020c2d90_0;
    %inv;
    %store/vec4 v0x6000020c2d90_0, 0, 1;
    %jmp T_10;
    .thread T_10;
    .scope S_0x7f7baa914030;
T_11 ;
    %pushi/vec4 0, 0, 1;
    %store/vec4 v0x6000020c2d90_0, 0, 1;
    %pushi/vec4 1, 0, 1;
    %store/vec4 v0x6000020c2fd0_0, 0, 1;
    %pushi/vec4 1, 0, 1;
    %store/vec4 v0x6000020c32a0_0, 0, 1;
    %pushi/vec4 0, 0, 1;
    %store/vec4 v0x6000020c2f40_0, 0, 1;
    %pushi/vec4 0, 0, 8;
    %store/vec4 v0x6000020c3060_0, 0, 8;
    %pushi/vec4 0, 0, 16;
    %store/vec4 v0x6000020c3180_0, 0, 16;
    %pushi/vec4 0, 0, 16;
    %store/vec4 v0x6000020c2eb0_0, 0, 16;
    %pushi/vec4 0, 0, 16;
    %store/vec4 v0x6000020c30f0_0, 0, 16;
    %pushi/vec4 0, 0, 16;
    %store/vec4 v0x6000020c3210_0, 0, 16;
    %pushi/vec4 5, 0, 32;
T_11.0 %dup/vec4;
    %pushi/vec4 0, 0, 32;
    %cmp/s;
    %jmp/1xz T_11.1, 5;
    %jmp/1 T_11.1, 4;
    %pushi/vec4 1, 0, 32;
    %sub;
    %wait E_0x600001cd2310;
    %jmp T_11.0;
T_11.1 ;
    %pop/vec4 1;
    %pushi/vec4 0, 0, 1;
    %store/vec4 v0x6000020c2fd0_0, 0, 1;
    %pushi/vec4 291, 0, 16;
    %store/vec4 v0x6000020c3180_0, 0, 16;
    %pushi/vec4 5, 0, 32;
T_11.2 %dup/vec4;
    %pushi/vec4 0, 0, 32;
    %cmp/s;
    %jmp/1xz T_11.3, 5;
    %jmp/1 T_11.3, 4;
    %pushi/vec4 1, 0, 32;
    %sub;
    %wait E_0x600001cd2310;
    %jmp T_11.2;
T_11.3 ;
    %pop/vec4 1;
    %pushi/vec4 1, 0, 1;
    %store/vec4 v0x6000020c2fd0_0, 0, 1;
    %load/vec4 v0x6000020c3180_0;
    %parti/s 8, 8, 5;
    %store/vec4 v0x6000020c2c70_0, 0, 8;
    %fork TD_tb_UART_top.uart_rx_8bit, S_0x7f7baa904520;
    %join;
    %load/vec4 v0x6000020c2e20_0;
    %ix/load 4, 8, 0;
    %flag_set/imm 4, 0;
    %store/vec4 v0x6000020c2eb0_0, 4, 8;
    %load/vec4 v0x6000020c3180_0;
    %parti/s 8, 0, 2;
    %store/vec4 v0x6000020c2c70_0, 0, 8;
    %fork TD_tb_UART_top.uart_rx_8bit, S_0x7f7baa904520;
    %join;
    %load/vec4 v0x6000020c2e20_0;
    %ix/load 4, 0, 0;
    %flag_set/imm 4, 0;
    %store/vec4 v0x6000020c2eb0_0, 4, 8;
    %pushi/vec4 150, 0, 32;
T_11.4 %dup/vec4;
    %pushi/vec4 0, 0, 32;
    %cmp/s;
    %jmp/1xz T_11.5, 5;
    %jmp/1 T_11.5, 4;
    %pushi/vec4 1, 0, 32;
    %sub;
    %wait E_0x600001cd2310;
    %jmp T_11.4;
T_11.5 ;
    %pop/vec4 1;
    %vpi_call 2 90 "$display", "led : %b", v0x6000020c2eb0_0 {0 0 0};
    %vpi_call 2 91 "$display", "uart : %b", v0x6000020c3180_0 {0 0 0};
    %load/vec4 v0x6000020c3180_0;
    %load/vec4 v0x6000020c2eb0_0;
    %cmp/e;
    %jmp/0xz  T_11.6, 4;
    %vpi_call 2 94 "$display", "***********************" {0 0 0};
    %vpi_call 2 95 "$display", " UART_Rx is correct !! " {0 0 0};
    %vpi_call 2 96 "$display", "***********************" {0 0 0};
    %jmp T_11.7;
T_11.6 ;
    %vpi_call 2 99 "$display", "***********************" {0 0 0};
    %vpi_call 2 100 "$display", "UART_Rx is incorrect !!" {0 0 0};
    %vpi_call 2 101 "$display", "***********************" {0 0 0};
T_11.7 ;
    %vpi_call 2 104 "$finish" {0 0 0};
    %pushi/vec4 1000, 0, 32;
T_11.8 %dup/vec4;
    %pushi/vec4 0, 0, 32;
    %cmp/s;
    %jmp/1xz T_11.9, 5;
    %jmp/1 T_11.9, 4;
    %pushi/vec4 1, 0, 32;
    %sub;
    %wait E_0x600001cd2310;
    %jmp T_11.8;
T_11.9 ;
    %pop/vec4 1;
    %pushi/vec4 5, 0, 32;
T_11.10 %dup/vec4;
    %pushi/vec4 0, 0, 32;
    %cmp/s;
    %jmp/1xz T_11.11, 5;
    %jmp/1 T_11.11, 4;
    %pushi/vec4 1, 0, 32;
    %sub;
    %wait E_0x600001cd2310;
    %jmp T_11.10;
T_11.11 ;
    %pop/vec4 1;
    %pushi/vec4 61185, 0, 16;
    %store/vec4 v0x6000020c30f0_0, 0, 16;
    %load/vec4 v0x6000020c30f0_0;
    %parti/s 8, 8, 5;
    %store/vec4 v0x6000020c3060_0, 0, 8;
    %pushi/vec4 5, 0, 32;
T_11.12 %dup/vec4;
    %pushi/vec4 0, 0, 32;
    %cmp/s;
    %jmp/1xz T_11.13, 5;
    %jmp/1 T_11.13, 4;
    %pushi/vec4 1, 0, 32;
    %sub;
    %wait E_0x600001cd2310;
    %jmp T_11.12;
T_11.13 ;
    %pop/vec4 1;
    %pushi/vec4 1, 0, 1;
    %store/vec4 v0x6000020c2f40_0, 0, 1;
    %pushi/vec4 20000, 0, 32;
T_11.14 %dup/vec4;
    %pushi/vec4 0, 0, 32;
    %cmp/s;
    %jmp/1xz T_11.15, 5;
    %jmp/1 T_11.15, 4;
    %pushi/vec4 1, 0, 32;
    %sub;
    %wait E_0x600001cd2310;
    %jmp T_11.14;
T_11.15 ;
    %pop/vec4 1;
    %fork TD_tb_UART_top.uart_tx_8bit, S_0x7f7baa904690;
    %join;
    %load/vec4 v0x6000020c2d00_0;
    %ix/load 4, 8, 0;
    %flag_set/imm 4, 0;
    %store/vec4 v0x6000020c3210_0, 4, 8;
    %pushi/vec4 5000, 0, 32;
T_11.16 %dup/vec4;
    %pushi/vec4 0, 0, 32;
    %cmp/s;
    %jmp/1xz T_11.17, 5;
    %jmp/1 T_11.17, 4;
    %pushi/vec4 1, 0, 32;
    %sub;
    %wait E_0x600001cd2310;
    %jmp T_11.16;
T_11.17 ;
    %pop/vec4 1;
    %pushi/vec4 0, 0, 1;
    %store/vec4 v0x6000020c2f40_0, 0, 1;
    %pushi/vec4 10000000, 0, 32;
T_11.18 %dup/vec4;
    %pushi/vec4 0, 0, 32;
    %cmp/s;
    %jmp/1xz T_11.19, 5;
    %jmp/1 T_11.19, 4;
    %pushi/vec4 1, 0, 32;
    %sub;
    %wait E_0x600001cd2310;
    %jmp T_11.18;
T_11.19 ;
    %pop/vec4 1;
    %load/vec4 v0x6000020c30f0_0;
    %parti/s 8, 0, 2;
    %store/vec4 v0x6000020c3060_0, 0, 8;
    %pushi/vec4 5, 0, 32;
T_11.20 %dup/vec4;
    %pushi/vec4 0, 0, 32;
    %cmp/s;
    %jmp/1xz T_11.21, 5;
    %jmp/1 T_11.21, 4;
    %pushi/vec4 1, 0, 32;
    %sub;
    %wait E_0x600001cd2310;
    %jmp T_11.20;
T_11.21 ;
    %pop/vec4 1;
    %pushi/vec4 1, 0, 1;
    %store/vec4 v0x6000020c2f40_0, 0, 1;
    %pushi/vec4 20000, 0, 32;
T_11.22 %dup/vec4;
    %pushi/vec4 0, 0, 32;
    %cmp/s;
    %jmp/1xz T_11.23, 5;
    %jmp/1 T_11.23, 4;
    %pushi/vec4 1, 0, 32;
    %sub;
    %wait E_0x600001cd2310;
    %jmp T_11.22;
T_11.23 ;
    %pop/vec4 1;
    %fork TD_tb_UART_top.uart_tx_8bit, S_0x7f7baa904690;
    %join;
    %load/vec4 v0x6000020c2d00_0;
    %ix/load 4, 0, 0;
    %flag_set/imm 4, 0;
    %store/vec4 v0x6000020c3210_0, 4, 8;
    %pushi/vec4 5000, 0, 32;
T_11.24 %dup/vec4;
    %pushi/vec4 0, 0, 32;
    %cmp/s;
    %jmp/1xz T_11.25, 5;
    %jmp/1 T_11.25, 4;
    %pushi/vec4 1, 0, 32;
    %sub;
    %wait E_0x600001cd2310;
    %jmp T_11.24;
T_11.25 ;
    %pop/vec4 1;
    %pushi/vec4 0, 0, 1;
    %store/vec4 v0x6000020c2f40_0, 0, 1;
    %pushi/vec4 10000000, 0, 32;
T_11.26 %dup/vec4;
    %pushi/vec4 0, 0, 32;
    %cmp/s;
    %jmp/1xz T_11.27, 5;
    %jmp/1 T_11.27, 4;
    %pushi/vec4 1, 0, 32;
    %sub;
    %wait E_0x600001cd2310;
    %jmp T_11.26;
T_11.27 ;
    %pop/vec4 1;
    %load/vec4 v0x6000020c30f0_0;
    %load/vec4 v0x6000020c3210_0;
    %cmp/e;
    %jmp/0xz  T_11.28, 4;
    %vpi_call 2 237 "$display", "***********************" {0 0 0};
    %vpi_call 2 238 "$display", " UART-Tx is correct !! " {0 0 0};
    %vpi_call 2 239 "$display", "***********************" {0 0 0};
    %jmp T_11.29;
T_11.28 ;
    %vpi_call 2 242 "$display", "***********************" {0 0 0};
    %vpi_call 2 243 "$display", "UART-Tx is Incorrect !!" {0 0 0};
    %vpi_call 2 244 "$display", "***********************" {0 0 0};
T_11.29 ;
    %vpi_call 2 247 "$finish" {0 0 0};
    %end;
    .thread T_11;
# The file index is used to find the file name in the following table.
:file_names 6;
    "N/A";
    "<interactive>";
    "./tb/tb_uart_top.v";
    "./src/UART_top.v";
    "./src/GPIO.v";
    "./src/UART.v";
